{"contracts/abstracts/GluwacoinSavingAccount.sol":{"l":{"59":9,"60":9,"61":9,"62":9,"63":9,"64":9,"69":9,"90":4,"92":4,"110":185,"111":185,"115":185,"119":185,"124":185,"130":185,"137":185,"148":185,"155":185,"156":185,"157":185,"158":185,"159":185,"160":185,"161":185,"163":185,"170":0,"172":0,"176":0,"177":0,"178":0,"179":0,"188":3,"190":3,"193":3,"198":3,"199":3,"200":3,"202":3,"203":3,"209":3,"216":3,"218":3,"219":3,"233":0,"236":0,"259":0,"276":0,"291":2,"292":2,"293":2,"294":2,"308":0,"313":0,"317":188},"path":"/home/osboxes/prize-linked-account/contracts/abstracts/GluwacoinSavingAccount.sol","s":{"1":9,"2":9,"3":9,"4":9,"5":9,"6":9,"7":9,"8":4,"9":4,"10":185,"11":185,"12":185,"13":185,"14":185,"15":185,"16":185,"17":185,"18":185,"19":185,"20":185,"21":185,"22":185,"23":185,"24":185,"25":185,"26":0,"27":0,"28":0,"29":0,"30":0,"31":0,"32":3,"33":3,"34":3,"35":3,"36":3,"37":3,"38":3,"39":3,"40":3,"41":3,"42":3,"43":3,"44":0,"45":0,"46":0,"47":0,"48":2,"49":2,"50":2,"51":2,"52":0,"53":0,"54":188},"b":{"1":[185,0],"2":[185,0],"3":[185,0],"4":[0,0],"5":[3,0],"6":[3,0],"7":[188,0]},"f":{"1":9,"2":4,"3":185,"4":0,"5":3,"6":0,"7":0,"8":0,"9":2,"10":0,"11":188},"fnMap":{"1":{"name":"__GluwacoinSavingAccount_init_unchained","line":58,"loc":{"start":{"line":53,"column":4},"end":{"line":74,"column":4}}},"2":{"name":"_getSavingAccountFor","line":76,"loc":{"start":{"line":76,"column":4},"end":{"line":102,"column":4}}},"3":{"name":"_createSavingAccount","line":104,"loc":{"start":{"line":104,"column":4},"end":{"line":164,"column":4}}},"4":{"name":"_withdraw","line":166,"loc":{"start":{"line":166,"column":4},"end":{"line":180,"column":4}}},"5":{"name":"_deposit","line":182,"loc":{"start":{"line":182,"column":4},"end":{"line":220,"column":4}}},"6":{"name":"getDeposit","line":222,"loc":{"start":{"line":222,"column":4},"end":{"line":243,"column":4}}},"7":{"name":"getSavingAcount","line":245,"loc":{"start":{"line":245,"column":4},"end":{"line":260,"column":4}}},"8":{"name":"getSavingSettings","line":265,"loc":{"start":{"line":265,"column":4},"end":{"line":283,"column":4}}},"9":{"name":"_setAccountSavingSettings","line":285,"loc":{"start":{"line":285,"column":4},"end":{"line":295,"column":4}}},"10":{"name":"_calculateearning","line":302,"loc":{"start":{"line":302,"column":4},"end":{"line":314,"column":4}}},"11":{"name":"_validateSavingBalance","line":316,"loc":{"start":{"line":316,"column":4},"end":{"line":322,"column":4}}}},"statementMap":{"1":{"start":{"line":59,"column":8},"end":{"line":59,"column":36}},"2":{"start":{"line":60,"column":8},"end":{"line":60,"column":51}},"3":{"start":{"line":61,"column":8},"end":{"line":61,"column":79}},"4":{"start":{"line":62,"column":8},"end":{"line":62,"column":23}},"5":{"start":{"line":63,"column":8},"end":{"line":63,"column":26}},"6":{"start":{"line":64,"column":8},"end":{"line":64,"column":2541}},"7":{"start":{"line":69,"column":8},"end":{"line":69,"column":2680}},"8":{"start":{"line":90,"column":8},"end":{"line":90,"column":3194}},"9":{"start":{"line":92,"column":8},"end":{"line":92,"column":3245}},"10":{"start":{"line":110,"column":8},"end":{"line":110,"column":45}},"11":{"start":{"line":111,"column":8},"end":{"line":111,"column":3817}},"12":{"start":{"line":115,"column":8},"end":{"line":115,"column":3950}},"13":{"start":{"line":119,"column":8},"end":{"line":119,"column":4132}},"14":{"start":{"line":124,"column":8},"end":{"line":124,"column":4280}},"15":{"start":{"line":130,"column":8},"end":{"line":130,"column":4431}},"16":{"start":{"line":137,"column":8},"end":{"line":137,"column":4627}},"17":{"start":{"line":148,"column":8},"end":{"line":148,"column":5037}},"18":{"start":{"line":155,"column":8},"end":{"line":155,"column":45}},"19":{"start":{"line":156,"column":8},"end":{"line":156,"column":44}},"20":{"start":{"line":157,"column":8},"end":{"line":157,"column":37}},"21":{"start":{"line":158,"column":8},"end":{"line":158,"column":27}},"22":{"start":{"line":159,"column":8},"end":{"line":159,"column":53}},"23":{"start":{"line":160,"column":8},"end":{"line":160,"column":49}},"24":{"start":{"line":161,"column":8},"end":{"line":161,"column":64}},"25":{"start":{"line":163,"column":8},"end":{"line":163,"column":42}},"26":{"start":{"line":170,"column":8},"end":{"line":170,"column":5876}},"27":{"start":{"line":172,"column":8},"end":{"line":172,"column":5926}},"28":{"start":{"line":176,"column":8},"end":{"line":176,"column":32}},"29":{"start":{"line":177,"column":8},"end":{"line":177,"column":41}},"30":{"start":{"line":178,"column":8},"end":{"line":178,"column":48}},"31":{"start":{"line":179,"column":8},"end":{"line":179,"column":30}},"32":{"start":{"line":188,"column":8},"end":{"line":188,"column":37}},"33":{"start":{"line":190,"column":8},"end":{"line":190,"column":6583}},"34":{"start":{"line":193,"column":8},"end":{"line":193,"column":6634}},"35":{"start":{"line":198,"column":8},"end":{"line":198,"column":32}},"36":{"start":{"line":199,"column":8},"end":{"line":199,"column":6788}},"37":{"start":{"line":200,"column":12},"end":{"line":200,"column":36}},"38":{"start":{"line":202,"column":8},"end":{"line":202,"column":45}},"39":{"start":{"line":203,"column":8},"end":{"line":203,"column":6911}},"40":{"start":{"line":209,"column":8},"end":{"line":209,"column":7081}},"41":{"start":{"line":216,"column":8},"end":{"line":216,"column":37}},"42":{"start":{"line":218,"column":8},"end":{"line":218,"column":55}},"43":{"start":{"line":219,"column":8},"end":{"line":219,"column":26}},"44":{"start":{"line":233,"column":8},"end":{"line":233,"column":7670}},"45":{"start":{"line":236,"column":8},"end":{"line":236,"column":7774}},"46":{"start":{"line":259,"column":8},"end":{"line":259,"column":49}},"47":{"start":{"line":276,"column":8},"end":{"line":276,"column":8557}},"48":{"start":{"line":291,"column":8},"end":{"line":291,"column":51}},"49":{"start":{"line":292,"column":8},"end":{"line":292,"column":79}},"50":{"start":{"line":293,"column":8},"end":{"line":293,"column":23}},"51":{"start":{"line":294,"column":8},"end":{"line":294,"column":39}},"52":{"start":{"line":308,"column":8},"end":{"line":308,"column":9656}},"53":{"start":{"line":313,"column":8},"end":{"line":313,"column":22}},"54":{"start":{"line":317,"column":8},"end":{"line":317,"column":9926}}},"branchMap":{"1":{"line":111,"type":"if","locations":[{"start":{"line":111,"column":8},"end":{"line":111,"column":8}},{"start":{"line":111,"column":8},"end":{"line":111,"column":8}}]},"2":{"line":115,"type":"if","locations":[{"start":{"line":115,"column":8},"end":{"line":115,"column":8}},{"start":{"line":115,"column":8},"end":{"line":115,"column":8}}]},"3":{"line":119,"type":"if","locations":[{"start":{"line":119,"column":8},"end":{"line":119,"column":8}},{"start":{"line":119,"column":8},"end":{"line":119,"column":8}}]},"4":{"line":172,"type":"if","locations":[{"start":{"line":172,"column":8},"end":{"line":172,"column":8}},{"start":{"line":172,"column":8},"end":{"line":172,"column":8}}]},"5":{"line":193,"type":"if","locations":[{"start":{"line":193,"column":8},"end":{"line":193,"column":8}},{"start":{"line":193,"column":8},"end":{"line":193,"column":8}}]},"6":{"line":199,"type":"if","locations":[{"start":{"line":199,"column":8},"end":{"line":199,"column":8}},{"start":{"line":199,"column":8},"end":{"line":199,"column":8}}]},"7":{"line":317,"type":"if","locations":[{"start":{"line":317,"column":8},"end":{"line":317,"column":8}},{"start":{"line":317,"column":8},"end":{"line":317,"column":8}}]}}},"contracts/abstracts/GluwaPrizeDraw.sol":{"l":{"48":9,"49":9,"50":9,"51":9,"59":2,"60":2,"61":2,"73":0,"81":5,"94":5,"102":8,"103":8,"104":8,"111":5,"115":5,"116":5,"117":5,"125":10,"129":10,"130":116,"138":6,"141":6,"151":188,"154":188,"155":188,"160":0,"162":188,"166":188,"167":0,"168":0,"170":0,"171":0,"173":0,"175":188,"177":188,"178":188,"179":188,"181":0,"182":0,"185":188,"186":188,"202":188,"217":188,"218":188,"219":188,"220":188,"222":188,"223":188,"228":188,"229":188,"230":188,"231":188,"234":188,"235":188,"236":188,"243":188,"244":188,"253":0,"254":0,"255":0,"260":0,"265":0,"266":0,"267":0,"272":0,"274":0,"277":0,"278":0,"279":0,"283":0,"284":0,"287":0,"300":30,"301":30,"302":30,"303":30,"311":36,"312":36,"319":0,"332":7,"333":7,"334":7,"335":7,"339":4},"path":"/home/osboxes/prize-linked-account/contracts/abstracts/GluwaPrizeDraw.sol","s":{"1":9,"2":9,"3":9,"4":9,"5":2,"6":2,"7":2,"8":0,"9":5,"10":5,"11":8,"12":8,"13":8,"14":5,"15":5,"16":5,"17":5,"18":10,"19":10,"20":116,"21":6,"22":188,"23":188,"24":188,"25":0,"26":188,"27":188,"28":0,"29":0,"30":0,"31":0,"32":0,"33":188,"34":188,"35":188,"36":188,"37":0,"38":0,"39":188,"40":188,"41":188,"42":188,"43":188,"44":188,"45":188,"46":188,"47":188,"48":188,"49":188,"50":188,"51":188,"52":188,"53":188,"54":188,"55":188,"56":188,"57":0,"58":0,"59":0,"60":0,"61":0,"62":0,"63":0,"64":0,"65":0,"66":0,"67":0,"68":0,"69":0,"70":0,"71":30,"72":30,"73":30,"74":30,"75":36,"76":36,"77":0,"78":7,"79":7,"80":7,"81":7,"82":4},"b":{"1":[5,0],"2":[10,0],"3":[6,110],"4":[0,188],"5":[0,188],"6":[0,0],"7":[188,0],"8":[0,0],"9":[0,0],"10":[0,0]},"f":{"1":9,"2":2,"3":0,"4":5,"5":8,"6":5,"7":10,"8":188,"9":188,"10":188,"11":0,"12":30,"13":36,"14":0,"15":7,"16":4},"fnMap":{"1":{"name":"__GluwaPrizeDraw_init_unchained","line":47,"loc":{"start":{"line":43,"column":4},"end":{"line":52,"column":4}}},"2":{"name":"_setGluwaPrizeDrawSettings","line":54,"loc":{"start":{"line":54,"column":4},"end":{"line":62,"column":4}}},"3":{"name":"_getGluwaPrizeDrawSettings","line":64,"loc":{"start":{"line":64,"column":4},"end":{"line":74,"column":4}}},"4":{"name":"_randomNumber","line":76,"loc":{"start":{"line":76,"column":4},"end":{"line":95,"column":4}}},"5":{"name":"findMinMaxForDraw","line":97,"loc":{"start":{"line":97,"column":4},"end":{"line":105,"column":4}}},"6":{"name":"_findDrawWinner","line":107,"loc":{"start":{"line":107,"column":4},"end":{"line":118,"column":4}}},"7":{"name":"getDrawWinner","line":120,"loc":{"start":{"line":120,"column":4},"end":{"line":144,"column":4}}},"8":{"name":"_calculateDrawTime","line":146,"loc":{"start":{"line":146,"column":4},"end":{"line":194,"column":4}}},"9":{"name":"_createTicketForDeposit","line":196,"loc":{"start":{"line":196,"column":4},"end":{"line":209,"column":4}}},"10":{"name":"_createTicket","line":211,"loc":{"start":{"line":211,"column":4},"end":{"line":245,"column":4}}},"11":{"name":"_removeTicket","line":247,"loc":{"start":{"line":247,"column":4},"end":{"line":288,"column":4}}},"12":{"name":"_getTicket","line":290,"loc":{"start":{"line":290,"column":4},"end":{"line":304,"column":4}}},"13":{"name":"_getTicketIdentifierDetails","line":306,"loc":{"start":{"line":306,"column":4},"end":{"line":313,"column":4}}},"14":{"name":"_getTickerIdsByOwnerAndDraw","line":315,"loc":{"start":{"line":315,"column":4},"end":{"line":320,"column":4}}},"15":{"name":"getDrawDetails","line":322,"loc":{"start":{"line":322,"column":4},"end":{"line":336,"column":4}}},"16":{"name":"getAmountBroughtToNextDraw","line":338,"loc":{"start":{"line":338,"column":4},"end":{"line":340,"column":4}}}},"statementMap":{"1":{"start":{"line":48,"column":8},"end":{"line":48,"column":31}},"2":{"start":{"line":49,"column":8},"end":{"line":49,"column":35}},"3":{"start":{"line":50,"column":8},"end":{"line":50,"column":45}},"4":{"start":{"line":51,"column":8},"end":{"line":51,"column":57}},"5":{"start":{"line":59,"column":8},"end":{"line":59,"column":31}},"6":{"start":{"line":60,"column":8},"end":{"line":60,"column":35}},"7":{"start":{"line":61,"column":8},"end":{"line":61,"column":45}},"8":{"start":{"line":73,"column":8},"end":{"line":73,"column":63}},"9":{"start":{"line":81,"column":8},"end":{"line":81,"column":2819}},"10":{"start":{"line":94,"column":8},"end":{"line":94,"column":21}},"11":{"start":{"line":102,"column":8},"end":{"line":102,"column":72}},"12":{"start":{"line":103,"column":8},"end":{"line":103,"column":64}},"13":{"start":{"line":104,"column":8},"end":{"line":104,"column":43}},"14":{"start":{"line":111,"column":8},"end":{"line":111,"column":3668}},"15":{"start":{"line":115,"column":8},"end":{"line":115,"column":69}},"16":{"start":{"line":116,"column":8},"end":{"line":116,"column":75}},"17":{"start":{"line":117,"column":8},"end":{"line":117,"column":41}},"18":{"start":{"line":125,"column":8},"end":{"line":125,"column":4110}},"19":{"start":{"line":129,"column":8},"end":{"line":129,"column":4239}},"20":{"start":{"line":130,"column":12},"end":{"line":130,"column":4328}},"21":{"start":{"line":138,"column":16},"end":{"line":138,"column":4745}},"22":{"start":{"line":151,"column":8},"end":{"line":151,"column":5069}},"23":{"start":{"line":154,"column":8},"end":{"line":154,"column":29}},"24":{"start":{"line":155,"column":8},"end":{"line":155,"column":5214}},"25":{"start":{"line":160,"column":12},"end":{"line":160,"column":26}},"26":{"start":{"line":162,"column":8},"end":{"line":162,"column":5429}},"27":{"start":{"line":166,"column":8},"end":{"line":166,"column":5559}},"28":{"start":{"line":167,"column":12},"end":{"line":167,"column":5627}},"29":{"start":{"line":168,"column":16},"end":{"line":168,"column":38}},"30":{"start":{"line":170,"column":16},"end":{"line":170,"column":37}},"31":{"start":{"line":171,"column":16},"end":{"line":171,"column":37}},"32":{"start":{"line":173,"column":12},"end":{"line":173,"column":74}},"33":{"start":{"line":175,"column":12},"end":{"line":175,"column":60}},"34":{"start":{"line":177,"column":8},"end":{"line":177,"column":5986}},"35":{"start":{"line":178,"column":12},"end":{"line":178,"column":46}},"36":{"start":{"line":179,"column":12},"end":{"line":179,"column":34}},"37":{"start":{"line":181,"column":12},"end":{"line":181,"column":42}},"38":{"start":{"line":182,"column":12},"end":{"line":182,"column":50}},"39":{"start":{"line":185,"column":8},"end":{"line":185,"column":30}},"40":{"start":{"line":186,"column":8},"end":{"line":186,"column":6266}},"41":{"start":{"line":202,"column":8},"end":{"line":202,"column":6717}},"42":{"start":{"line":217,"column":8},"end":{"line":217,"column":50}},"43":{"start":{"line":218,"column":8},"end":{"line":218,"column":45}},"44":{"start":{"line":219,"column":8},"end":{"line":219,"column":46}},"45":{"start":{"line":220,"column":8},"end":{"line":220,"column":7279}},"46":{"start":{"line":222,"column":8},"end":{"line":222,"column":56}},"47":{"start":{"line":223,"column":8},"end":{"line":223,"column":7399}},"48":{"start":{"line":228,"column":8},"end":{"line":228,"column":55}},"49":{"start":{"line":229,"column":8},"end":{"line":229,"column":70}},"50":{"start":{"line":230,"column":8},"end":{"line":230,"column":51}},"51":{"start":{"line":231,"column":8},"end":{"line":231,"column":7753}},"52":{"start":{"line":234,"column":8},"end":{"line":234,"column":55}},"53":{"start":{"line":235,"column":8},"end":{"line":235,"column":59}},"54":{"start":{"line":236,"column":8},"end":{"line":236,"column":7982}},"55":{"start":{"line":243,"column":8},"end":{"line":243,"column":29}},"56":{"start":{"line":244,"column":8},"end":{"line":244,"column":19}},"57":{"start":{"line":253,"column":8},"end":{"line":253,"column":8369}},"58":{"start":{"line":254,"column":12},"end":{"line":254,"column":33}},"59":{"start":{"line":255,"column":12},"end":{"line":255,"column":8484}},"60":{"start":{"line":260,"column":16},"end":{"line":260,"column":8664}},"61":{"start":{"line":265,"column":16},"end":{"line":265,"column":8906}},"62":{"start":{"line":266,"column":20},"end":{"line":266,"column":68}},"63":{"start":{"line":267,"column":20},"end":{"line":267,"column":9046}},"64":{"start":{"line":272,"column":20},"end":{"line":272,"column":9317}},"65":{"start":{"line":277,"column":12},"end":{"line":277,"column":9462}},"66":{"start":{"line":278,"column":16},"end":{"line":278,"column":65}},"67":{"start":{"line":279,"column":16},"end":{"line":279,"column":9621}},"68":{"start":{"line":283,"column":16},"end":{"line":283,"column":71}},"69":{"start":{"line":284,"column":16},"end":{"line":284,"column":56}},"70":{"start":{"line":287,"column":8},"end":{"line":287,"column":19}},"71":{"start":{"line":300,"column":8},"end":{"line":300,"column":65}},"72":{"start":{"line":301,"column":8},"end":{"line":301,"column":73}},"73":{"start":{"line":302,"column":8},"end":{"line":302,"column":27}},"74":{"start":{"line":303,"column":8},"end":{"line":303,"column":27}},"75":{"start":{"line":311,"column":8},"end":{"line":311,"column":31}},"76":{"start":{"line":312,"column":8},"end":{"line":312,"column":40}},"77":{"start":{"line":319,"column":8},"end":{"line":319,"column":59}},"78":{"start":{"line":332,"column":8},"end":{"line":332,"column":53}},"79":{"start":{"line":333,"column":8},"end":{"line":333,"column":52}},"80":{"start":{"line":334,"column":8},"end":{"line":334,"column":49}},"81":{"start":{"line":335,"column":8},"end":{"line":335,"column":56}},"82":{"start":{"line":339,"column":8},"end":{"line":339,"column":39}}},"branchMap":{"1":{"line":111,"type":"if","locations":[{"start":{"line":111,"column":8},"end":{"line":111,"column":8}},{"start":{"line":111,"column":8},"end":{"line":111,"column":8}}]},"2":{"line":125,"type":"if","locations":[{"start":{"line":125,"column":8},"end":{"line":125,"column":8}},{"start":{"line":125,"column":8},"end":{"line":125,"column":8}}]},"3":{"line":130,"type":"if","locations":[{"start":{"line":130,"column":12},"end":{"line":130,"column":12}},{"start":{"line":130,"column":12},"end":{"line":130,"column":12}}]},"4":{"line":155,"type":"if","locations":[{"start":{"line":155,"column":8},"end":{"line":155,"column":8}},{"start":{"line":155,"column":8},"end":{"line":155,"column":8}}]},"5":{"line":166,"type":"if","locations":[{"start":{"line":166,"column":8},"end":{"line":166,"column":8}},{"start":{"line":166,"column":8},"end":{"line":166,"column":8}}]},"6":{"line":167,"type":"if","locations":[{"start":{"line":167,"column":12},"end":{"line":167,"column":12}},{"start":{"line":167,"column":12},"end":{"line":167,"column":12}}]},"7":{"line":177,"type":"if","locations":[{"start":{"line":177,"column":8},"end":{"line":177,"column":8}},{"start":{"line":177,"column":8},"end":{"line":177,"column":8}}]},"8":{"line":253,"type":"if","locations":[{"start":{"line":253,"column":8},"end":{"line":253,"column":8}},{"start":{"line":253,"column":8},"end":{"line":253,"column":8}}]},"9":{"line":265,"type":"if","locations":[{"start":{"line":265,"column":16},"end":{"line":265,"column":16}},{"start":{"line":265,"column":16},"end":{"line":265,"column":16}}]},"10":{"line":277,"type":"if","locations":[{"start":{"line":277,"column":12},"end":{"line":277,"column":12}},{"start":{"line":277,"column":12},"end":{"line":277,"column":12}}]}}},"contracts/abstracts/IDepositableAccount.sol":{"l":{},"path":"/home/osboxes/prize-linked-account/contracts/abstracts/IDepositableAccount.sol","s":{},"b":{},"f":{},"fnMap":{},"statementMap":{},"branchMap":{}},"contracts/abstracts/IERC20.sol":{"l":{},"path":"/home/osboxes/prize-linked-account/contracts/abstracts/IERC20.sol","s":{},"b":{},"f":{},"fnMap":{},"statementMap":{},"branchMap":{}},"contracts/abstracts/VaultControl.sol":{"l":{"11":9,"12":9,"13":9,"18":0,"19":0,"24":392,"25":392,"30":0,"35":0,"40":392,"45":0,"50":0,"55":0,"56":0,"57":0,"62":0},"path":"/home/osboxes/prize-linked-account/contracts/abstracts/VaultControl.sol","s":{"1":9,"2":9,"3":9,"4":0,"5":392,"6":0,"7":0,"8":392,"9":0,"10":0,"11":0,"12":0,"13":0,"14":0},"b":{"1":[0,0],"2":[392,0]},"f":{"1":9,"2":0,"3":392,"4":0,"5":0,"6":392,"7":0,"8":0,"9":0,"10":0},"fnMap":{"1":{"name":"__VaultControl_Init","line":10,"loc":{"start":{"line":10,"column":4},"end":{"line":14,"column":4}}},"2":{"name":"onlyAdmin","line":17,"loc":{"start":{"line":17,"column":4},"end":{"line":20,"column":4}}},"3":{"name":"onlyOperator","line":23,"loc":{"start":{"line":23,"column":4},"end":{"line":26,"column":4}}},"4":{"name":"isAdmin","line":29,"loc":{"start":{"line":29,"column":4},"end":{"line":31,"column":4}}},"5":{"name":"addAdmin","line":34,"loc":{"start":{"line":34,"column":4},"end":{"line":36,"column":4}}},"6":{"name":"isOperator","line":39,"loc":{"start":{"line":39,"column":4},"end":{"line":41,"column":4}}},"7":{"name":"addOperator","line":44,"loc":{"start":{"line":44,"column":4},"end":{"line":46,"column":4}}},"8":{"name":"removeOperator","line":49,"loc":{"start":{"line":49,"column":4},"end":{"line":51,"column":4}}},"9":{"name":"renounceAdmin","line":54,"loc":{"start":{"line":54,"column":4},"end":{"line":58,"column":4}}},"10":{"name":"renounceOperator","line":61,"loc":{"start":{"line":61,"column":4},"end":{"line":63,"column":4}}}},"statementMap":{"1":{"start":{"line":11,"column":8},"end":{"line":11,"column":55}},"2":{"start":{"line":12,"column":8},"end":{"line":12,"column":46}},"3":{"start":{"line":13,"column":8},"end":{"line":13,"column":41}},"4":{"start":{"line":18,"column":8},"end":{"line":18,"column":62}},"5":{"start":{"line":24,"column":8},"end":{"line":24,"column":68}},"6":{"start":{"line":30,"column":8},"end":{"line":30,"column":51}},"7":{"start":{"line":35,"column":8},"end":{"line":35,"column":45}},"8":{"start":{"line":40,"column":8},"end":{"line":40,"column":46}},"9":{"start":{"line":45,"column":8},"end":{"line":45,"column":40}},"10":{"start":{"line":50,"column":8},"end":{"line":50,"column":41}},"11":{"start":{"line":55,"column":8},"end":{"line":55,"column":37}},"12":{"start":{"line":56,"column":8},"end":{"line":56,"column":47}},"13":{"start":{"line":57,"column":8},"end":{"line":57,"column":42}},"14":{"start":{"line":62,"column":8},"end":{"line":62,"column":48}}},"branchMap":{"1":{"line":18,"type":"if","locations":[{"start":{"line":18,"column":8},"end":{"line":18,"column":8}},{"start":{"line":18,"column":8},"end":{"line":18,"column":8}}]},"2":{"line":24,"type":"if","locations":[{"start":{"line":24,"column":8},"end":{"line":24,"column":8}},{"start":{"line":24,"column":8},"end":{"line":24,"column":8}}]}}},"contracts/libs/AccessControl.sol":{"l":{"42":0,"80":0,"81":0,"89":392,"97":0,"113":0,"123":0,"137":0,"139":0,"152":0,"154":0,"172":0,"174":0,"194":18,"201":9,"205":18,"206":18,"211":0,"212":0},"path":"/home/osboxes/prize-linked-account/contracts/libs/AccessControl.sol","s":{"1":0,"2":0,"3":392,"4":0,"5":0,"6":0,"7":0,"8":0,"9":0,"10":0,"11":0,"12":0,"13":18,"14":9,"15":18,"16":18,"17":0,"18":0},"b":{"1":[0,0],"2":[0,0],"3":[0,0],"4":[0,0],"5":[18,0],"6":[0,0]},"f":{"1":0,"2":0,"3":0,"4":392,"5":0,"6":0,"7":0,"8":0,"9":0,"10":0,"11":18,"12":9,"13":18,"14":0},"fnMap":{"1":{"name":"__AccessControl_init","line":41,"loc":{"start":{"line":41,"column":4},"end":{"line":43,"column":4}}},"2":{"name":"__AccessControl_init_unchained","line":45,"loc":{"start":{"line":45,"column":4},"end":{"line":47,"column":4}}},"3":{"name":"onlyAdmin","line":79,"loc":{"start":{"line":79,"column":4},"end":{"line":82,"column":4}}},"4":{"name":"hasRole","line":88,"loc":{"start":{"line":88,"column":4},"end":{"line":90,"column":4}}},"5":{"name":"getRoleMemberCount","line":96,"loc":{"start":{"line":96,"column":4},"end":{"line":98,"column":4}}},"6":{"name":"getRoleMember","line":112,"loc":{"start":{"line":112,"column":4},"end":{"line":114,"column":4}}},"7":{"name":"getRoleAdmin","line":122,"loc":{"start":{"line":122,"column":4},"end":{"line":124,"column":4}}},"8":{"name":"grantRole","line":136,"loc":{"start":{"line":136,"column":4},"end":{"line":140,"column":4}}},"9":{"name":"revokeRole","line":151,"loc":{"start":{"line":151,"column":4},"end":{"line":155,"column":4}}},"10":{"name":"renounceRole","line":171,"loc":{"start":{"line":171,"column":4},"end":{"line":175,"column":4}}},"11":{"name":"_setupRole","line":193,"loc":{"start":{"line":193,"column":4},"end":{"line":195,"column":4}}},"12":{"name":"_setRoleAdmin","line":200,"loc":{"start":{"line":200,"column":4},"end":{"line":202,"column":4}}},"13":{"name":"_grantRole","line":204,"loc":{"start":{"line":204,"column":4},"end":{"line":208,"column":4}}},"14":{"name":"_revokeRole","line":210,"loc":{"start":{"line":210,"column":4},"end":{"line":214,"column":4}}}},"statementMap":{"1":{"start":{"line":42,"column":8},"end":{"line":42,"column":39}},"2":{"start":{"line":80,"column":8},"end":{"line":80,"column":124}},"3":{"start":{"line":89,"column":8},"end":{"line":89,"column":53}},"4":{"start":{"line":97,"column":8},"end":{"line":97,"column":44}},"5":{"start":{"line":113,"column":8},"end":{"line":113,"column":45}},"6":{"start":{"line":123,"column":8},"end":{"line":123,"column":37}},"7":{"start":{"line":137,"column":8},"end":{"line":137,"column":112}},"8":{"start":{"line":139,"column":8},"end":{"line":139,"column":32}},"9":{"start":{"line":152,"column":8},"end":{"line":152,"column":113}},"10":{"start":{"line":154,"column":8},"end":{"line":154,"column":33}},"11":{"start":{"line":172,"column":8},"end":{"line":172,"column":90}},"12":{"start":{"line":174,"column":8},"end":{"line":174,"column":33}},"13":{"start":{"line":194,"column":8},"end":{"line":194,"column":32}},"14":{"start":{"line":201,"column":8},"end":{"line":201,"column":41}},"15":{"start":{"line":205,"column":8},"end":{"line":205,"column":6762}},"16":{"start":{"line":206,"column":12},"end":{"line":206,"column":57}},"17":{"start":{"line":211,"column":8},"end":{"line":211,"column":6953}},"18":{"start":{"line":212,"column":12},"end":{"line":212,"column":57}}},"branchMap":{"1":{"line":80,"type":"if","locations":[{"start":{"line":80,"column":8},"end":{"line":80,"column":8}},{"start":{"line":80,"column":8},"end":{"line":80,"column":8}}]},"2":{"line":137,"type":"if","locations":[{"start":{"line":137,"column":8},"end":{"line":137,"column":8}},{"start":{"line":137,"column":8},"end":{"line":137,"column":8}}]},"3":{"line":152,"type":"if","locations":[{"start":{"line":152,"column":8},"end":{"line":152,"column":8}},{"start":{"line":152,"column":8},"end":{"line":152,"column":8}}]},"4":{"line":172,"type":"if","locations":[{"start":{"line":172,"column":8},"end":{"line":172,"column":8}},{"start":{"line":172,"column":8},"end":{"line":172,"column":8}}]},"5":{"line":205,"type":"if","locations":[{"start":{"line":205,"column":8},"end":{"line":205,"column":8}},{"start":{"line":205,"column":8},"end":{"line":205,"column":8}}]},"6":{"line":211,"type":"if","locations":[{"start":{"line":211,"column":8},"end":{"line":211,"column":8}},{"start":{"line":211,"column":8},"end":{"line":211,"column":8}}]}}},"contracts/libs/Address.sol":{"l":{"23":0,"25":0,"26":0,"35":0,"57":0,"60":0,"61":0},"path":"/home/osboxes/prize-linked-account/contracts/libs/Address.sol","s":{"1":0,"2":0,"3":0,"4":0,"5":0,"6":0},"b":{"1":[0,0],"2":[0,0]},"f":{"1":0,"2":0,"3":0},"fnMap":{"1":{"name":"isContract","line":18,"loc":{"start":{"line":18,"column":5},"end":{"line":27,"column":4}}},"2":{"name":"toPayable","line":34,"loc":{"start":{"line":34,"column":4},"end":{"line":36,"column":4}}},"3":{"name":"sendValue","line":56,"loc":{"start":{"line":56,"column":4},"end":{"line":62,"column":4}}}},"statementMap":{"1":{"start":{"line":23,"column":8},"end":{"line":23,"column":20}},"2":{"start":{"line":26,"column":8},"end":{"line":26,"column":23}},"3":{"start":{"line":35,"column":8},"end":{"line":35,"column":40}},"4":{"start":{"line":57,"column":8},"end":{"line":57,"column":80}},"5":{"start":{"line":60,"column":8},"end":{"line":60,"column":59}},"6":{"start":{"line":61,"column":8},"end":{"line":61,"column":85}}},"branchMap":{"1":{"line":57,"type":"if","locations":[{"start":{"line":57,"column":8},"end":{"line":57,"column":8}},{"start":{"line":57,"column":8},"end":{"line":57,"column":8}}]},"2":{"line":61,"type":"if","locations":[{"start":{"line":61,"column":8},"end":{"line":61,"column":8}},{"start":{"line":61,"column":8},"end":{"line":61,"column":8}}]}}},"contracts/libs/DateTimeModel.sol":{"l":{"25":9964,"32":752,"33":752,"37":188,"38":188,"41":188,"46":188,"47":0,"48":0,"50":0,"52":0,"54":188,"62":376,"63":0,"64":0,"66":0,"68":376,"73":188,"77":188,"81":188,"92":188,"93":188,"94":188,"95":188,"97":188,"98":188,"99":9776,"100":2444,"102":7332,"106":188,"107":188,"108":188,"109":0,"111":188,"113":188,"114":188,"115":188,"116":188,"117":188,"118":188,"119":188,"120":188,"121":188,"122":188,"124":188,"125":0,"134":188,"135":188,"137":188,"142":188,"143":188,"144":188,"145":188,"146":188,"147":188,"148":188,"149":188,"150":188,"152":0,"155":188,"156":4492,"157":188,"158":188,"160":4304,"163":188,"164":188,"165":188},"path":"/home/osboxes/prize-linked-account/contracts/libs/DateTimeModel.sol","s":{"1":9964,"2":752,"3":752,"4":188,"5":188,"6":188,"7":188,"8":0,"9":0,"10":0,"11":0,"12":188,"13":376,"14":0,"15":0,"16":0,"17":376,"18":0,"19":376,"20":188,"21":188,"22":188,"23":188,"24":188,"25":188,"26":188,"27":188,"28":188,"29":9776,"30":2444,"31":7332,"32":188,"33":188,"34":188,"35":0,"36":188,"37":188,"38":188,"39":188,"40":188,"41":188,"42":188,"43":188,"44":188,"45":188,"46":188,"47":188,"48":0,"49":188,"50":188,"51":188,"52":188,"53":188,"54":188,"55":188,"56":188,"57":188,"58":188,"59":188,"60":0,"61":188,"62":4492,"63":188,"64":4304,"65":188,"66":188,"67":188},"b":{"1":[0,0],"2":[0,376],"3":[0,0],"4":[0,376],"5":[2444,7332],"6":[0,188],"7":[188,0],"8":[188,4304]},"f":{"1":9964,"2":752,"3":188,"4":376,"5":188,"6":188,"7":188,"8":188,"9":188},"fnMap":{"1":{"name":"isLeapYear","line":24,"loc":{"start":{"line":24,"column":4},"end":{"line":26,"column":4}}},"2":{"name":"getTotalLeapYearBefore","line":31,"loc":{"start":{"line":31,"column":4},"end":{"line":34,"column":4}}},"3":{"name":"getYear","line":36,"loc":{"start":{"line":36,"column":4},"end":{"line":55,"column":4}}},"4":{"name":"getDaysInMonth","line":57,"loc":{"start":{"line":57,"column":4},"end":{"line":70,"column":4}}},"5":{"name":"getHour","line":72,"loc":{"start":{"line":72,"column":4},"end":{"line":74,"column":4}}},"6":{"name":"getMinute","line":76,"loc":{"start":{"line":76,"column":4},"end":{"line":78,"column":4}}},"7":{"name":"getSecond","line":80,"loc":{"start":{"line":80,"column":4},"end":{"line":82,"column":4}}},"8":{"name":"toTimeStamp","line":84,"loc":{"start":{"line":84,"column":4},"end":{"line":127,"column":4}}},"9":{"name":"toDateTime","line":129,"loc":{"start":{"line":129,"column":4},"end":{"line":166,"column":4}}}},"statementMap":{"1":{"start":{"line":25,"column":8},"end":{"line":25,"column":68}},"2":{"start":{"line":32,"column":8},"end":{"line":32,"column":16}},"3":{"start":{"line":33,"column":8},"end":{"line":33,"column":57}},"4":{"start":{"line":37,"column":8},"end":{"line":37,"column":62}},"5":{"start":{"line":38,"column":8},"end":{"line":38,"column":1363}},"6":{"start":{"line":41,"column":8},"end":{"line":41,"column":1456}},"7":{"start":{"line":46,"column":8},"end":{"line":46,"column":1600}},"8":{"start":{"line":47,"column":12},"end":{"line":47,"column":1651}},"9":{"start":{"line":48,"column":16},"end":{"line":48,"column":50}},"10":{"start":{"line":50,"column":16},"end":{"line":50,"column":45}},"11":{"start":{"line":52,"column":12},"end":{"line":52,"column":20}},"12":{"start":{"line":54,"column":8},"end":{"line":54,"column":27}},"13":{"start":{"line":62,"column":8},"end":{"line":62,"column":2001}},"14":{"start":{"line":63,"column":12},"end":{"line":63,"column":43}},"15":{"start":{"line":63,"column":34},"end":{"line":63,"column":43}},"16":{"start":{"line":64,"column":12},"end":{"line":64,"column":21}},"17":{"start":{"line":65,"column":15},"end":{"line":65,"column":2102}},"18":{"start":{"line":66,"column":12},"end":{"line":66,"column":21}},"19":{"start":{"line":68,"column":12},"end":{"line":68,"column":21}},"20":{"start":{"line":73,"column":8},"end":{"line":73,"column":45}},"21":{"start":{"line":77,"column":8},"end":{"line":77,"column":43}},"22":{"start":{"line":81,"column":8},"end":{"line":81,"column":36}},"23":{"start":{"line":92,"column":8},"end":{"line":92,"column":25}},"24":{"start":{"line":93,"column":8},"end":{"line":93,"column":47}},"25":{"start":{"line":94,"column":8},"end":{"line":94,"column":43}},"26":{"start":{"line":95,"column":8},"end":{"line":95,"column":45}},"27":{"start":{"line":97,"column":8},"end":{"line":97,"column":16}},"28":{"start":{"line":98,"column":8},"end":{"line":98,"column":3005}},"29":{"start":{"line":99,"column":12},"end":{"line":99,"column":3059}},"30":{"start":{"line":100,"column":16},"end":{"line":100,"column":47}},"31":{"start":{"line":102,"column":16},"end":{"line":102,"column":42}},"32":{"start":{"line":106,"column":8},"end":{"line":106,"column":39}},"33":{"start":{"line":107,"column":8},"end":{"line":107,"column":29}},"34":{"start":{"line":108,"column":8},"end":{"line":108,"column":3298}},"35":{"start":{"line":109,"column":12},"end":{"line":109,"column":33}},"36":{"start":{"line":111,"column":12},"end":{"line":111,"column":33}},"37":{"start":{"line":113,"column":8},"end":{"line":113,"column":29}},"38":{"start":{"line":114,"column":8},"end":{"line":114,"column":29}},"39":{"start":{"line":115,"column":8},"end":{"line":115,"column":29}},"40":{"start":{"line":116,"column":8},"end":{"line":116,"column":29}},"41":{"start":{"line":117,"column":8},"end":{"line":117,"column":29}},"42":{"start":{"line":118,"column":8},"end":{"line":118,"column":29}},"43":{"start":{"line":119,"column":8},"end":{"line":119,"column":29}},"44":{"start":{"line":120,"column":8},"end":{"line":120,"column":29}},"45":{"start":{"line":121,"column":8},"end":{"line":121,"column":30}},"46":{"start":{"line":122,"column":8},"end":{"line":122,"column":30}},"47":{"start":{"line":124,"column":8},"end":{"line":124,"column":3752}},"48":{"start":{"line":125,"column":12},"end":{"line":125,"column":57}},"49":{"start":{"line":134,"column":8},"end":{"line":134,"column":41}},"50":{"start":{"line":135,"column":8},"end":{"line":135,"column":4075}},"51":{"start":{"line":137,"column":8},"end":{"line":137,"column":4176}},"52":{"start":{"line":142,"column":8},"end":{"line":142,"column":35}},"53":{"start":{"line":143,"column":8},"end":{"line":143,"column":25}},"54":{"start":{"line":144,"column":8},"end":{"line":144,"column":15}},"55":{"start":{"line":145,"column":8},"end":{"line":145,"column":4410}},"56":{"start":{"line":146,"column":12},"end":{"line":146,"column":57}},"57":{"start":{"line":147,"column":12},"end":{"line":147,"column":60}},"58":{"start":{"line":148,"column":12},"end":{"line":148,"column":4577}},"59":{"start":{"line":149,"column":16},"end":{"line":149,"column":33}},"60":{"start":{"line":152,"column":12},"end":{"line":152,"column":46}},"61":{"start":{"line":155,"column":8},"end":{"line":155,"column":4768}},"62":{"start":{"line":156,"column":12},"end":{"line":156,"column":4821}},"63":{"start":{"line":157,"column":16},"end":{"line":157,"column":31}},"64":{"start":{"line":160,"column":12},"end":{"line":160,"column":40}},"65":{"start":{"line":163,"column":8},"end":{"line":163,"column":41}},"66":{"start":{"line":164,"column":8},"end":{"line":164,"column":45}},"67":{"start":{"line":165,"column":8},"end":{"line":165,"column":45}}},"branchMap":{"1":{"line":47,"type":"if","locations":[{"start":{"line":47,"column":12},"end":{"line":47,"column":12}},{"start":{"line":47,"column":12},"end":{"line":47,"column":12}}]},"2":{"line":62,"type":"if","locations":[{"start":{"line":62,"column":8},"end":{"line":62,"column":8}},{"start":{"line":62,"column":8},"end":{"line":62,"column":8}}]},"3":{"line":63,"type":"if","locations":[{"start":{"line":63,"column":12},"end":{"line":63,"column":12}},{"start":{"line":63,"column":12},"end":{"line":63,"column":12}}]},"4":{"line":65,"type":"if","locations":[{"start":{"line":65,"column":15},"end":{"line":65,"column":15}},{"start":{"line":65,"column":15},"end":{"line":65,"column":15}}]},"5":{"line":99,"type":"if","locations":[{"start":{"line":99,"column":12},"end":{"line":99,"column":12}},{"start":{"line":99,"column":12},"end":{"line":99,"column":12}}]},"6":{"line":108,"type":"if","locations":[{"start":{"line":108,"column":8},"end":{"line":108,"column":8}},{"start":{"line":108,"column":8},"end":{"line":108,"column":8}}]},"7":{"line":148,"type":"if","locations":[{"start":{"line":148,"column":12},"end":{"line":148,"column":12}},{"start":{"line":148,"column":12},"end":{"line":148,"column":12}}]},"8":{"line":156,"type":"if","locations":[{"start":{"line":156,"column":12},"end":{"line":156,"column":12}},{"start":{"line":156,"column":12},"end":{"line":156,"column":12}}]}}},"contracts/libs/DrawTicketModel.sol":{"l":{},"path":"/home/osboxes/prize-linked-account/contracts/libs/DrawTicketModel.sol","s":{},"b":{},"f":{},"fnMap":{},"statementMap":{},"branchMap":{}},"contracts/libs/EnumerableSet.sol":{"l":{"53":18,"54":18,"57":18,"58":18,"60":0,"72":0,"74":0,"79":0,"80":0,"85":0,"88":0,"90":0,"93":0,"96":0,"98":0,"100":0,"108":410,"115":0,"129":0,"130":0,"146":18,"156":0,"163":392,"170":0,"184":0,"201":0,"211":0,"218":0,"225":0,"239":0},"path":"/home/osboxes/prize-linked-account/contracts/libs/EnumerableSet.sol","s":{"1":18,"2":18,"3":18,"4":18,"5":0,"6":0,"7":0,"8":0,"9":0,"10":0,"11":0,"12":0,"13":0,"14":0,"15":0,"16":410,"17":0,"18":0,"19":0,"20":18,"21":0,"22":392,"23":0,"24":0,"25":0,"26":0,"27":0,"28":0,"29":0},"b":{"1":[18,0],"2":[0,0],"3":[0,0]},"f":{"1":18,"2":0,"3":410,"4":0,"5":0,"6":18,"7":0,"8":392,"9":0,"10":0,"11":0,"12":0,"13":0,"14":0,"15":0},"fnMap":{"1":{"name":"_add","line":52,"loc":{"start":{"line":52,"column":4},"end":{"line":62,"column":4}}},"2":{"name":"_remove","line":70,"loc":{"start":{"line":70,"column":4},"end":{"line":102,"column":4}}},"3":{"name":"_contains","line":107,"loc":{"start":{"line":107,"column":4},"end":{"line":109,"column":4}}},"4":{"name":"_length","line":114,"loc":{"start":{"line":114,"column":4},"end":{"line":116,"column":4}}},"5":{"name":"_at","line":128,"loc":{"start":{"line":128,"column":4},"end":{"line":131,"column":4}}},"6":{"name":"add","line":145,"loc":{"start":{"line":145,"column":4},"end":{"line":147,"column":4}}},"7":{"name":"remove","line":155,"loc":{"start":{"line":155,"column":4},"end":{"line":157,"column":4}}},"8":{"name":"contains","line":162,"loc":{"start":{"line":162,"column":4},"end":{"line":164,"column":4}}},"9":{"name":"length","line":169,"loc":{"start":{"line":169,"column":4},"end":{"line":171,"column":4}}},"10":{"name":"at","line":183,"loc":{"start":{"line":183,"column":4},"end":{"line":185,"column":4}}},"11":{"name":"add","line":200,"loc":{"start":{"line":200,"column":4},"end":{"line":202,"column":4}}},"12":{"name":"remove","line":210,"loc":{"start":{"line":210,"column":4},"end":{"line":212,"column":4}}},"13":{"name":"contains","line":217,"loc":{"start":{"line":217,"column":4},"end":{"line":219,"column":4}}},"14":{"name":"length","line":224,"loc":{"start":{"line":224,"column":4},"end":{"line":226,"column":4}}},"15":{"name":"at","line":238,"loc":{"start":{"line":238,"column":4},"end":{"line":240,"column":4}}}},"statementMap":{"1":{"start":{"line":53,"column":8},"end":{"line":53,"column":1666}},"2":{"start":{"line":54,"column":12},"end":{"line":54,"column":34}},"3":{"start":{"line":57,"column":12},"end":{"line":57,"column":51}},"4":{"start":{"line":58,"column":12},"end":{"line":58,"column":23}},"5":{"start":{"line":60,"column":12},"end":{"line":60,"column":24}},"6":{"start":{"line":72,"column":8},"end":{"line":72,"column":48}},"7":{"start":{"line":74,"column":8},"end":{"line":74,"column":2392}},"8":{"start":{"line":79,"column":12},"end":{"line":79,"column":50}},"9":{"start":{"line":80,"column":12},"end":{"line":80,"column":54}},"10":{"start":{"line":85,"column":12},"end":{"line":85,"column":54}},"11":{"start":{"line":88,"column":12},"end":{"line":88,"column":49}},"12":{"start":{"line":90,"column":12},"end":{"line":90,"column":54}},"13":{"start":{"line":93,"column":12},"end":{"line":93,"column":28}},"14":{"start":{"line":98,"column":12},"end":{"line":98,"column":23}},"15":{"start":{"line":100,"column":12},"end":{"line":100,"column":24}},"16":{"start":{"line":108,"column":8},"end":{"line":108,"column":39}},"17":{"start":{"line":115,"column":8},"end":{"line":115,"column":33}},"18":{"start":{"line":129,"column":8},"end":{"line":129,"column":80}},"19":{"start":{"line":130,"column":8},"end":{"line":130,"column":33}},"20":{"start":{"line":146,"column":8},"end":{"line":146,"column":56}},"21":{"start":{"line":156,"column":8},"end":{"line":156,"column":59}},"22":{"start":{"line":163,"column":8},"end":{"line":163,"column":61}},"23":{"start":{"line":170,"column":8},"end":{"line":170,"column":34}},"24":{"start":{"line":184,"column":8},"end":{"line":184,"column":55}},"25":{"start":{"line":201,"column":8},"end":{"line":201,"column":47}},"26":{"start":{"line":211,"column":8},"end":{"line":211,"column":50}},"27":{"start":{"line":218,"column":8},"end":{"line":218,"column":52}},"28":{"start":{"line":225,"column":8},"end":{"line":225,"column":34}},"29":{"start":{"line":239,"column":8},"end":{"line":239,"column":46}}},"branchMap":{"1":{"line":53,"type":"if","locations":[{"start":{"line":53,"column":8},"end":{"line":53,"column":8}},{"start":{"line":53,"column":8},"end":{"line":53,"column":8}}]},"2":{"line":74,"type":"if","locations":[{"start":{"line":74,"column":8},"end":{"line":74,"column":8}},{"start":{"line":74,"column":8},"end":{"line":74,"column":8}}]},"3":{"line":129,"type":"if","locations":[{"start":{"line":129,"column":8},"end":{"line":129,"column":8}},{"start":{"line":129,"column":8},"end":{"line":129,"column":8}}]}}},"contracts/libs/GluwaAccountModel.sol":{"l":{"51":188,"59":185},"path":"/home/osboxes/prize-linked-account/contracts/libs/GluwaAccountModel.sol","s":{"1":188,"2":185},"b":{},"f":{"1":188,"2":185},"fnMap":{"1":{"name":"generateDepositHash","line":45,"loc":{"start":{"line":45,"column":4},"end":{"line":52,"column":4}}},"2":{"name":"generateAccountHash","line":54,"loc":{"start":{"line":54,"column":4},"end":{"line":68,"column":4}}}},"statementMap":{"1":{"start":{"line":51,"column":8},"end":{"line":51,"column":79}},"2":{"start":{"line":59,"column":8},"end":{"line":59,"column":1439}}},"branchMap":{}},"contracts/libs/HashMapIndex.sol":{"l":{"23":373,"24":373,"25":373,"39":0},"path":"/home/osboxes/prize-linked-account/contracts/libs/HashMapIndex.sol","s":{"1":373,"2":0},"b":{},"f":{"1":373,"2":0},"fnMap":{"1":{"name":"add","line":22,"loc":{"start":{"line":22,"column":4},"end":{"line":26,"column":4}}},"2":{"name":"get","line":34,"loc":{"start":{"line":34,"column":4},"end":{"line":40,"column":4}}}},"statementMap":{"1":{"start":{"line":23,"column":8},"end":{"line":23,"column":43}},"2":{"start":{"line":39,"column":8},"end":{"line":39,"column":35}}},"branchMap":{}},"contracts/libs/SimpleIndex.sol":{"l":{"20":188,"28":0},"path":"/home/osboxes/prize-linked-account/contracts/libs/SimpleIndex.sol","s":{"1":0},"b":{},"f":{"1":188,"2":0},"fnMap":{"1":{"name":"add","line":19,"loc":{"start":{"line":19,"column":4},"end":{"line":21,"column":4}}},"2":{"name":"set","line":27,"loc":{"start":{"line":27,"column":4},"end":{"line":29,"column":4}}}},"statementMap":{"1":{"start":{"line":28,"column":8},"end":{"line":28,"column":26}}},"branchMap":{}},"contracts/libs/UintArrayUtil.sol":{"l":{"6":0,"8":0,"9":0,"11":0,"16":0,"17":0,"18":0,"19":0,"20":0,"22":0,"23":0,"25":0,"30":0},"path":"/home/osboxes/prize-linked-account/contracts/libs/UintArrayUtil.sol","s":{"1":0,"2":0,"3":0,"4":0,"5":0,"6":0,"7":0,"8":0,"9":0,"10":0,"11":0,"12":0},"b":{"1":[0,0],"2":[0,0],"3":[0,0]},"f":{"1":0,"2":0,"3":0},"fnMap":{"1":{"name":"removeByIndex","line":5,"loc":{"start":{"line":5,"column":4},"end":{"line":12,"column":4}}},"2":{"name":"removeByValue","line":15,"loc":{"start":{"line":15,"column":4},"end":{"line":26,"column":4}}},"3":{"name":"add","line":29,"loc":{"start":{"line":29,"column":4},"end":{"line":31,"column":4}}}},"statementMap":{"1":{"start":{"line":6,"column":8},"end":{"line":6,"column":40}},"2":{"start":{"line":6,"column":34},"end":{"line":6,"column":40}},"3":{"start":{"line":8,"column":8},"end":{"line":8,"column":258}},"4":{"start":{"line":9,"column":12},"end":{"line":9,"column":32}},"5":{"start":{"line":16,"column":8},"end":{"line":16,"column":36}},"6":{"start":{"line":16,"column":30},"end":{"line":16,"column":36}},"7":{"start":{"line":17,"column":8},"end":{"line":17,"column":21}},"8":{"start":{"line":18,"column":8},"end":{"line":18,"column":594}},"9":{"start":{"line":19,"column":12},"end":{"line":19,"column":658}},"10":{"start":{"line":20,"column":16},"end":{"line":20,"column":24}},"11":{"start":{"line":22,"column":12},"end":{"line":22,"column":28}},"12":{"start":{"line":30,"column":8},"end":{"line":30,"column":21}}},"branchMap":{"1":{"line":6,"type":"if","locations":[{"start":{"line":6,"column":8},"end":{"line":6,"column":8}},{"start":{"line":6,"column":8},"end":{"line":6,"column":8}}]},"2":{"line":16,"type":"if","locations":[{"start":{"line":16,"column":8},"end":{"line":16,"column":8}},{"start":{"line":16,"column":8},"end":{"line":16,"column":8}}]},"3":{"line":19,"type":"if","locations":[{"start":{"line":19,"column":12},"end":{"line":19,"column":12}},{"start":{"line":19,"column":12},"end":{"line":19,"column":12}}]}}},"contracts/libs/Validate.sol":{"l":{"18":0,"20":0,"21":0,"23":0},"path":"/home/osboxes/prize-linked-account/contracts/libs/Validate.sol","s":{"1":0,"2":0,"3":0,"4":0},"b":{"1":[0,0]},"f":{"1":0},"fnMap":{"1":{"name":"validateSignature","line":17,"loc":{"start":{"line":17,"column":4},"end":{"line":24,"column":4}}}},"statementMap":{"1":{"start":{"line":18,"column":8},"end":{"line":18,"column":59}},"2":{"start":{"line":20,"column":8},"end":{"line":20,"column":49}},"3":{"start":{"line":21,"column":8},"end":{"line":21,"column":63}},"4":{"start":{"line":23,"column":8},"end":{"line":23,"column":19}}},"branchMap":{"1":{"line":21,"type":"if","locations":[{"start":{"line":21,"column":8},"end":{"line":21,"column":8}},{"start":{"line":21,"column":8},"end":{"line":21,"column":8}}]}}},"contracts/mocks/ExtendedERC20.sol":{"l":{"35":0,"36":0,"37":0,"45":0,"53":0,"70":0,"77":0,"84":0,"96":0,"97":0,"104":0,"115":0,"116":0,"132":0,"134":0,"135":0,"136":0,"138":0,"154":0,"155":0,"173":0,"174":0,"175":0,"177":0,"195":0,"196":0,"198":0,"200":0,"201":0,"202":0,"203":0,"205":0,"218":0,"220":0,"222":0,"223":0,"225":0,"240":0,"242":0,"244":0,"245":0,"246":0,"247":0,"249":0,"266":0,"267":0,"269":0,"270":0,"280":0,"281":0,"283":0,"284":0,"286":0},"path":"/home/osboxes/prize-linked-account/contracts/mocks/ExtendedERC20.sol","s":{"1":0,"2":0,"3":0,"4":0,"5":0,"6":0,"7":0,"8":0,"9":0,"10":0,"11":0,"12":0,"13":0,"14":0,"15":0,"16":0,"17":0,"18":0,"19":0,"20":0,"21":0,"22":0,"23":0,"24":0,"25":0,"26":0,"27":0,"28":0,"29":0,"30":0,"31":0,"32":0,"33":0,"34":0,"35":0,"36":0,"37":0,"38":0,"39":0,"40":0,"41":0,"42":0,"43":0,"44":0,"45":0,"46":0,"47":0,"48":0,"49":0,"50":0,"51":0,"52":0,"53":0},"b":{"1":[0,0],"2":[0,0],"3":[0,0],"4":[0,0],"5":[0,0],"6":[0,0],"7":[0,0],"8":[0,0],"9":[0,0],"10":[0,0],"11":[0,0]},"f":{"1":0,"2":0,"3":0,"4":0,"5":0,"6":0,"7":0,"8":0,"9":0,"10":0,"11":0,"12":0,"13":0,"14":0,"15":0,"16":0,"17":0,"18":0},"fnMap":{"1":{"name":"_ExtendedERC20_init","line":34,"loc":{"start":{"line":34,"column":4},"end":{"line":38,"column":4}}},"2":{"name":"name","line":44,"loc":{"start":{"line":44,"column":4},"end":{"line":46,"column":4}}},"3":{"name":"symbol","line":52,"loc":{"start":{"line":52,"column":4},"end":{"line":54,"column":4}}},"4":{"name":"decimals","line":69,"loc":{"start":{"line":69,"column":4},"end":{"line":71,"column":4}}},"5":{"name":"totalSupply","line":76,"loc":{"start":{"line":76,"column":4},"end":{"line":78,"column":4}}},"6":{"name":"balanceOf","line":83,"loc":{"start":{"line":83,"column":4},"end":{"line":85,"column":4}}},"7":{"name":"transfer","line":95,"loc":{"start":{"line":95,"column":4},"end":{"line":98,"column":4}}},"8":{"name":"allowance","line":103,"loc":{"start":{"line":103,"column":4},"end":{"line":105,"column":4}}},"9":{"name":"approve","line":114,"loc":{"start":{"line":114,"column":4},"end":{"line":117,"column":4}}},"10":{"name":"transferFrom","line":131,"loc":{"start":{"line":131,"column":4},"end":{"line":139,"column":4}}},"11":{"name":"increaseAllowance","line":153,"loc":{"start":{"line":153,"column":4},"end":{"line":156,"column":4}}},"12":{"name":"decreaseAllowance","line":172,"loc":{"start":{"line":172,"column":4},"end":{"line":178,"column":4}}},"13":{"name":"_transfer","line":194,"loc":{"start":{"line":194,"column":4},"end":{"line":206,"column":4}}},"14":{"name":"_mint","line":217,"loc":{"start":{"line":217,"column":4},"end":{"line":226,"column":4}}},"15":{"name":"_burn","line":239,"loc":{"start":{"line":239,"column":4},"end":{"line":250,"column":4}}},"16":{"name":"_approve","line":265,"loc":{"start":{"line":265,"column":4},"end":{"line":271,"column":4}}},"17":{"name":"_burnFrom","line":279,"loc":{"start":{"line":279,"column":4},"end":{"line":287,"column":4}}},"18":{"name":"_beforeTokenTransfer","line":292,"loc":{"start":{"line":292,"column":4},"end":{"line":294,"column":4}}}},"statementMap":{"1":{"start":{"line":35,"column":8},"end":{"line":35,"column":19}},"2":{"start":{"line":36,"column":8},"end":{"line":36,"column":23}},"3":{"start":{"line":37,"column":8},"end":{"line":37,"column":27}},"4":{"start":{"line":45,"column":8},"end":{"line":45,"column":20}},"5":{"start":{"line":53,"column":8},"end":{"line":53,"column":22}},"6":{"start":{"line":70,"column":8},"end":{"line":70,"column":24}},"7":{"start":{"line":77,"column":8},"end":{"line":77,"column":27}},"8":{"start":{"line":84,"column":8},"end":{"line":84,"column":33}},"9":{"start":{"line":96,"column":8},"end":{"line":96,"column":49}},"10":{"start":{"line":97,"column":8},"end":{"line":97,"column":19}},"11":{"start":{"line":104,"column":8},"end":{"line":104,"column":42}},"12":{"start":{"line":115,"column":8},"end":{"line":115,"column":46}},"13":{"start":{"line":116,"column":8},"end":{"line":116,"column":19}},"14":{"start":{"line":132,"column":8},"end":{"line":132,"column":43}},"15":{"start":{"line":134,"column":8},"end":{"line":134,"column":68}},"16":{"start":{"line":135,"column":8},"end":{"line":135,"column":86}},"17":{"start":{"line":136,"column":8},"end":{"line":136,"column":64}},"18":{"start":{"line":138,"column":8},"end":{"line":138,"column":19}},"19":{"start":{"line":154,"column":8},"end":{"line":154,"column":87}},"20":{"start":{"line":155,"column":8},"end":{"line":155,"column":19}},"21":{"start":{"line":173,"column":8},"end":{"line":173,"column":69}},"22":{"start":{"line":174,"column":8},"end":{"line":174,"column":92}},"23":{"start":{"line":175,"column":8},"end":{"line":175,"column":74}},"24":{"start":{"line":177,"column":8},"end":{"line":177,"column":19}},"25":{"start":{"line":195,"column":8},"end":{"line":195,"column":77}},"26":{"start":{"line":196,"column":8},"end":{"line":196,"column":78}},"27":{"start":{"line":198,"column":8},"end":{"line":198,"column":54}},"28":{"start":{"line":200,"column":8},"end":{"line":200,"column":49}},"29":{"start":{"line":201,"column":8},"end":{"line":201,"column":81}},"30":{"start":{"line":202,"column":8},"end":{"line":202,"column":49}},"31":{"start":{"line":203,"column":8},"end":{"line":203,"column":62}},"32":{"start":{"line":205,"column":8},"end":{"line":205,"column":48}},"33":{"start":{"line":218,"column":8},"end":{"line":218,"column":72}},"34":{"start":{"line":220,"column":8},"end":{"line":220,"column":56}},"35":{"start":{"line":222,"column":8},"end":{"line":222,"column":46}},"36":{"start":{"line":223,"column":8},"end":{"line":223,"column":58}},"37":{"start":{"line":225,"column":8},"end":{"line":225,"column":48}},"38":{"start":{"line":240,"column":8},"end":{"line":240,"column":74}},"39":{"start":{"line":242,"column":8},"end":{"line":242,"column":56}},"40":{"start":{"line":244,"column":8},"end":{"line":244,"column":51}},"41":{"start":{"line":245,"column":8},"end":{"line":245,"column":78}},"42":{"start":{"line":246,"column":8},"end":{"line":246,"column":51}},"43":{"start":{"line":247,"column":8},"end":{"line":247,"column":29}},"44":{"start":{"line":249,"column":8},"end":{"line":249,"column":49}},"45":{"start":{"line":266,"column":8},"end":{"line":266,"column":75}},"46":{"start":{"line":267,"column":8},"end":{"line":267,"column":75}},"47":{"start":{"line":269,"column":8},"end":{"line":269,"column":43}},"48":{"start":{"line":270,"column":8},"end":{"line":270,"column":45}},"49":{"start":{"line":280,"column":8},"end":{"line":280,"column":69}},"50":{"start":{"line":281,"column":8},"end":{"line":281,"column":82}},"51":{"start":{"line":283,"column":8},"end":{"line":283,"column":29}},"52":{"start":{"line":284,"column":8},"end":{"line":284,"column":65}},"53":{"start":{"line":286,"column":8},"end":{"line":286,"column":49}}},"branchMap":{"1":{"line":135,"type":"if","locations":[{"start":{"line":135,"column":8},"end":{"line":135,"column":8}},{"start":{"line":135,"column":8},"end":{"line":135,"column":8}}]},"2":{"line":174,"type":"if","locations":[{"start":{"line":174,"column":8},"end":{"line":174,"column":8}},{"start":{"line":174,"column":8},"end":{"line":174,"column":8}}]},"3":{"line":195,"type":"if","locations":[{"start":{"line":195,"column":8},"end":{"line":195,"column":8}},{"start":{"line":195,"column":8},"end":{"line":195,"column":8}}]},"4":{"line":196,"type":"if","locations":[{"start":{"line":196,"column":8},"end":{"line":196,"column":8}},{"start":{"line":196,"column":8},"end":{"line":196,"column":8}}]},"5":{"line":201,"type":"if","locations":[{"start":{"line":201,"column":8},"end":{"line":201,"column":8}},{"start":{"line":201,"column":8},"end":{"line":201,"column":8}}]},"6":{"line":218,"type":"if","locations":[{"start":{"line":218,"column":8},"end":{"line":218,"column":8}},{"start":{"line":218,"column":8},"end":{"line":218,"column":8}}]},"7":{"line":240,"type":"if","locations":[{"start":{"line":240,"column":8},"end":{"line":240,"column":8}},{"start":{"line":240,"column":8},"end":{"line":240,"column":8}}]},"8":{"line":245,"type":"if","locations":[{"start":{"line":245,"column":8},"end":{"line":245,"column":8}},{"start":{"line":245,"column":8},"end":{"line":245,"column":8}}]},"9":{"line":266,"type":"if","locations":[{"start":{"line":266,"column":8},"end":{"line":266,"column":8}},{"start":{"line":266,"column":8},"end":{"line":266,"column":8}}]},"10":{"line":267,"type":"if","locations":[{"start":{"line":267,"column":8},"end":{"line":267,"column":8}},{"start":{"line":267,"column":8},"end":{"line":267,"column":8}}]},"11":{"line":281,"type":"if","locations":[{"start":{"line":281,"column":8},"end":{"line":281,"column":8}},{"start":{"line":281,"column":8},"end":{"line":281,"column":8}}]}}},"contracts/mocks/SandboxGluwacoin.sol":{"l":{"20":1164,"24":0,"25":0,"64":0,"65":0,"69":0,"70":0,"71":0,"76":0,"91":0,"95":0,"98":0,"99":0,"103":0,"121":0,"152":0,"154":0,"157":0,"171":0,"193":0,"199":0,"200":0,"227":0,"229":0,"230":0,"232":0,"260":0,"270":0,"274":0,"278":0,"310":798,"311":798,"313":798,"326":0,"345":0,"346":0,"348":0,"364":0,"365":0,"368":0,"369":0,"371":0,"386":0,"408":0,"409":0,"412":0,"427":0,"448":0,"449":0,"576":0,"581":0,"582":0,"583":0,"584":0,"587":0,"589":0,"590":0,"601":0,"602":0,"603":0,"606":0,"651":54,"652":54,"653":54,"660":0,"668":0,"685":9,"692":0,"699":188,"711":0,"712":0,"723":0,"734":204,"735":204,"755":186,"757":186,"758":186,"762":186,"764":186,"783":0,"788":0,"809":0,"810":0,"814":0,"816":0,"838":372,"839":372,"841":372,"843":372,"844":372,"848":372,"849":372,"851":372,"864":213,"866":213,"868":213,"869":213,"871":213,"886":0,"888":0,"890":0,"891":0,"892":0,"893":0,"895":0,"916":390,"917":390,"919":390,"920":390,"930":0,"931":0,"936":0,"937":0,"939":0,"983":54,"990":0,"997":186,"998":186,"1005":0,"1006":0,"1013":0,"1014":0,"1015":0,"1022":0,"1023":0,"1024":0,"1081":54,"1082":54,"1085":54,"1086":54,"1088":0,"1100":0,"1102":0,"1108":0,"1109":0,"1114":0,"1117":0,"1119":0,"1122":0,"1125":0,"1127":0,"1129":0,"1141":267,"1148":0,"1166":0,"1170":0,"1189":54,"1202":0,"1213":213,"1220":0,"1238":0,"1254":0,"1267":0,"1278":0,"1285":0,"1303":0,"1344":0,"1387":213,"1391":213,"1398":213,"1406":0,"1426":0,"1436":0,"1450":0,"1455":0,"1468":0,"1473":0,"1491":0,"1496":0,"1516":54,"1523":0,"1527":54,"1528":54,"1533":0,"1534":0,"1564":54,"1565":54,"1569":0,"1573":0,"1598":0,"1599":0,"1600":0,"1602":0,"1612":0,"1613":0,"1615":0,"1623":0,"1624":0,"1625":0,"1627":0,"1628":0,"1630":0,"1638":186,"1639":186,"1640":186,"1641":186,"1645":0,"1646":0,"1656":186,"1667":186,"1675":213,"1676":213},"path":"/home/osboxes/prize-linked-account/contracts/mocks/SandboxGluwacoin.sol","s":{"1":1164,"2":0,"3":0,"4":0,"5":0,"6":0,"7":0,"8":0,"9":0,"10":0,"11":0,"12":0,"13":0,"14":0,"15":0,"16":0,"17":0,"18":0,"19":0,"20":0,"21":0,"22":0,"23":0,"24":0,"25":0,"26":0,"27":0,"28":798,"29":798,"30":798,"31":0,"32":0,"33":0,"34":0,"35":0,"36":0,"37":0,"38":0,"39":0,"40":0,"41":0,"42":0,"43":0,"44":0,"45":0,"46":0,"47":0,"48":0,"49":0,"50":0,"51":0,"52":0,"53":0,"54":0,"55":0,"56":0,"57":54,"58":54,"59":54,"60":0,"61":0,"62":9,"63":0,"64":188,"65":0,"66":0,"67":0,"68":204,"69":204,"70":186,"71":186,"72":186,"73":186,"74":186,"75":0,"76":0,"77":0,"78":0,"79":0,"80":0,"81":372,"82":372,"83":372,"84":372,"85":372,"86":372,"87":372,"88":372,"89":213,"90":213,"91":213,"92":213,"93":213,"94":0,"95":0,"96":0,"97":0,"98":0,"99":0,"100":0,"101":390,"102":390,"103":390,"104":390,"105":0,"106":0,"107":0,"108":0,"109":0,"110":54,"111":0,"112":186,"113":0,"114":0,"115":0,"116":0,"117":0,"118":0,"119":0,"120":54,"121":54,"122":54,"123":54,"124":0,"125":0,"126":0,"127":0,"128":0,"129":0,"130":0,"131":0,"132":0,"133":0,"134":0,"135":267,"136":0,"137":0,"138":0,"139":54,"140":0,"141":213,"142":0,"143":0,"144":0,"145":0,"146":0,"147":0,"148":0,"149":0,"150":213,"151":213,"152":0,"153":0,"154":0,"155":0,"156":0,"157":0,"158":0,"159":0,"160":0,"161":54,"162":0,"163":54,"164":54,"165":0,"166":0,"167":54,"168":54,"169":0,"170":0,"171":0,"172":0,"173":0,"174":0,"175":0,"176":0,"177":0,"178":0,"179":0,"180":0,"181":0,"182":0,"183":0,"184":186,"185":186,"186":186,"187":186,"188":0,"189":0,"190":186,"191":186,"192":213,"193":213},"b":{"1":[0,0],"2":[0,0],"3":[0,0],"4":[0,0],"5":[0,0],"6":[0,0],"7":[0,0],"8":[798,0],"9":[0,0],"10":[0,0],"11":[0,0],"12":[0,0],"13":[0,0],"14":[0,0],"15":[0,0],"16":[0,0],"17":[186,0],"18":[0,0],"19":[372,0],"20":[372,0],"21":[372,0],"22":[213,0],"23":[0,0],"24":[0,0],"25":[390,0],"26":[390,0],"27":[0,0],"28":[186,0],"29":[0,0],"30":[54,0],"31":[0,0],"32":[0,0],"33":[213,0],"34":[0,0],"35":[0,0],"36":[0,0],"37":[54,0],"38":[0,0],"39":[186,0]},"f":{"1":1164,"2":0,"3":0,"4":0,"5":0,"6":0,"7":0,"8":0,"9":0,"10":0,"11":798,"12":0,"13":0,"14":0,"15":0,"16":0,"17":0,"18":0,"19":0,"20":0,"21":54,"22":0,"23":0,"24":9,"25":0,"26":188,"27":0,"28":0,"29":204,"30":186,"31":0,"32":0,"33":372,"34":213,"35":0,"36":390,"37":0,"38":585,"39":54,"40":0,"41":186,"42":0,"43":0,"44":0,"45":54,"46":0,"47":267,"48":0,"49":0,"50":54,"51":0,"52":213,"53":0,"54":0,"55":0,"56":0,"57":0,"58":0,"59":0,"60":0,"61":0,"62":213,"63":213,"64":0,"65":0,"66":0,"67":0,"68":0,"69":0,"70":54,"71":0,"72":54,"73":0,"74":54,"75":0,"76":0,"77":0,"78":0,"79":186,"80":0,"81":186,"82":186,"83":213},"fnMap":{"1":{"name":"_msgSender","line":19,"loc":{"start":{"line":19,"column":4},"end":{"line":21,"column":4}}},"2":{"name":"_msgData","line":23,"loc":{"start":{"line":23,"column":4},"end":{"line":26,"column":4}}},"3":{"name":"recover","line":58,"loc":{"start":{"line":58,"column":4},"end":{"line":104,"column":4}}},"4":{"name":"toEthSignedMessageHash","line":114,"loc":{"start":{"line":114,"column":4},"end":{"line":125,"column":4}}},"5":{"name":"isContract","line":147,"loc":{"start":{"line":147,"column":4},"end":{"line":158,"column":4}}},"6":{"name":"toPayable","line":166,"loc":{"start":{"line":166,"column":4},"end":{"line":172,"column":4}}},"7":{"name":"sendValue","line":192,"loc":{"start":{"line":192,"column":4},"end":{"line":204,"column":4}}},"8":{"name":"validateSignature","line":222,"loc":{"start":{"line":222,"column":4},"end":{"line":233,"column":4}}},"9":{"name":"_validateSignature","line":251,"loc":{"start":{"line":251,"column":4},"end":{"line":271,"column":4}}},"10":{"name":"_useNonce","line":273,"loc":{"start":{"line":273,"column":4},"end":{"line":279,"column":4}}},"11":{"name":"add","line":309,"loc":{"start":{"line":309,"column":4},"end":{"line":314,"column":4}}},"12":{"name":"sub","line":325,"loc":{"start":{"line":325,"column":4},"end":{"line":327,"column":4}}},"13":{"name":"sub","line":340,"loc":{"start":{"line":340,"column":4},"end":{"line":349,"column":4}}},"14":{"name":"mul","line":360,"loc":{"start":{"line":360,"column":4},"end":{"line":372,"column":4}}},"15":{"name":"div","line":385,"loc":{"start":{"line":385,"column":4},"end":{"line":387,"column":4}}},"16":{"name":"div","line":402,"loc":{"start":{"line":402,"column":4},"end":{"line":413,"column":4}}},"17":{"name":"mod","line":426,"loc":{"start":{"line":426,"column":4},"end":{"line":428,"column":4}}},"18":{"name":"mod","line":443,"loc":{"start":{"line":443,"column":4},"end":{"line":450,"column":4}}},"19":{"name":"initializer","line":575,"loc":{"start":{"line":575,"column":4},"end":{"line":592,"column":4}}},"20":{"name":"isConstructor","line":595,"loc":{"start":{"line":595,"column":4},"end":{"line":607,"column":4}}},"21":{"name":"constructor","line":646,"loc":{"start":{"line":646,"column":4},"end":{"line":654,"column":4}}},"22":{"name":"name","line":659,"loc":{"start":{"line":659,"column":4},"end":{"line":661,"column":4}}},"23":{"name":"symbol","line":667,"loc":{"start":{"line":667,"column":4},"end":{"line":669,"column":4}}},"24":{"name":"decimals","line":684,"loc":{"start":{"line":684,"column":4},"end":{"line":686,"column":4}}},"25":{"name":"totalSupply","line":691,"loc":{"start":{"line":691,"column":4},"end":{"line":693,"column":4}}},"26":{"name":"balanceOf","line":698,"loc":{"start":{"line":698,"column":4},"end":{"line":700,"column":4}}},"27":{"name":"transfer","line":710,"loc":{"start":{"line":710,"column":4},"end":{"line":713,"column":4}}},"28":{"name":"allowance","line":718,"loc":{"start":{"line":718,"column":4},"end":{"line":724,"column":4}}},"29":{"name":"approve","line":733,"loc":{"start":{"line":733,"column":4},"end":{"line":736,"column":4}}},"30":{"name":"transferFrom","line":750,"loc":{"start":{"line":750,"column":4},"end":{"line":765,"column":4}}},"31":{"name":"increaseAllowance","line":779,"loc":{"start":{"line":779,"column":4},"end":{"line":789,"column":4}}},"32":{"name":"decreaseAllowance","line":805,"loc":{"start":{"line":805,"column":4},"end":{"line":817,"column":4}}},"33":{"name":"_transfer","line":833,"loc":{"start":{"line":833,"column":4},"end":{"line":852,"column":4}}},"34":{"name":"_mint","line":863,"loc":{"start":{"line":863,"column":4},"end":{"line":872,"column":4}}},"35":{"name":"_burn","line":885,"loc":{"start":{"line":885,"column":4},"end":{"line":896,"column":4}}},"36":{"name":"_approve","line":911,"loc":{"start":{"line":911,"column":4},"end":{"line":921,"column":4}}},"37":{"name":"_burnFrom","line":929,"loc":{"start":{"line":929,"column":4},"end":{"line":940,"column":4}}},"38":{"name":"_beforeTokenTransfer","line":945,"loc":{"start":{"line":945,"column":4},"end":{"line":949,"column":21}}},"39":{"name":"constructor","line":982,"loc":{"start":{"line":982,"column":4},"end":{"line":984,"column":4}}},"40":{"name":"paused","line":989,"loc":{"start":{"line":989,"column":4},"end":{"line":991,"column":4}}},"41":{"name":"whenNotPaused","line":996,"loc":{"start":{"line":996,"column":4},"end":{"line":999,"column":4}}},"42":{"name":"whenPaused","line":1004,"loc":{"start":{"line":1004,"column":4},"end":{"line":1007,"column":4}}},"43":{"name":"_pause","line":1012,"loc":{"start":{"line":1012,"column":4},"end":{"line":1016,"column":4}}},"44":{"name":"_unpause","line":1021,"loc":{"start":{"line":1021,"column":4},"end":{"line":1025,"column":4}}},"45":{"name":"_add","line":1080,"loc":{"start":{"line":1080,"column":4},"end":{"line":1090,"column":4}}},"46":{"name":"_remove","line":1098,"loc":{"start":{"line":1098,"column":4},"end":{"line":1131,"column":4}}},"47":{"name":"_contains","line":1136,"loc":{"start":{"line":1136,"column":4},"end":{"line":1142,"column":4}}},"48":{"name":"_length","line":1147,"loc":{"start":{"line":1147,"column":4},"end":{"line":1149,"column":4}}},"49":{"name":"_at","line":1161,"loc":{"start":{"line":1161,"column":4},"end":{"line":1171,"column":4}}},"50":{"name":"add","line":1185,"loc":{"start":{"line":1185,"column":4},"end":{"line":1190,"column":4}}},"51":{"name":"remove","line":1198,"loc":{"start":{"line":1198,"column":4},"end":{"line":1203,"column":4}}},"52":{"name":"contains","line":1208,"loc":{"start":{"line":1208,"column":4},"end":{"line":1214,"column":4}}},"53":{"name":"length","line":1219,"loc":{"start":{"line":1219,"column":4},"end":{"line":1221,"column":4}}},"54":{"name":"at","line":1233,"loc":{"start":{"line":1233,"column":4},"end":{"line":1239,"column":4}}},"55":{"name":"add","line":1253,"loc":{"start":{"line":1253,"column":4},"end":{"line":1255,"column":4}}},"56":{"name":"remove","line":1263,"loc":{"start":{"line":1263,"column":4},"end":{"line":1268,"column":4}}},"57":{"name":"contains","line":1273,"loc":{"start":{"line":1273,"column":4},"end":{"line":1279,"column":4}}},"58":{"name":"length","line":1284,"loc":{"start":{"line":1284,"column":4},"end":{"line":1286,"column":4}}},"59":{"name":"at","line":1298,"loc":{"start":{"line":1298,"column":4},"end":{"line":1304,"column":4}}},"60":{"name":"__AccessControl_init","line":1343,"loc":{"start":{"line":1343,"column":4},"end":{"line":1345,"column":4}}},"61":{"name":"__AccessControl_init_unchained","line":1347,"loc":{"start":{"line":1347,"column":4},"end":{"line":1347,"column":68}}},"62":{"name":"onlyAdmin","line":1386,"loc":{"start":{"line":1386,"column":4},"end":{"line":1392,"column":4}}},"63":{"name":"hasRole","line":1397,"loc":{"start":{"line":1397,"column":4},"end":{"line":1399,"column":4}}},"64":{"name":"getRoleMemberCount","line":1405,"loc":{"start":{"line":1405,"column":4},"end":{"line":1407,"column":4}}},"65":{"name":"getRoleMember","line":1421,"loc":{"start":{"line":1421,"column":4},"end":{"line":1427,"column":4}}},"66":{"name":"getRoleAdmin","line":1435,"loc":{"start":{"line":1435,"column":4},"end":{"line":1437,"column":4}}},"67":{"name":"grantRole","line":1449,"loc":{"start":{"line":1449,"column":4},"end":{"line":1456,"column":4}}},"68":{"name":"revokeRole","line":1467,"loc":{"start":{"line":1467,"column":4},"end":{"line":1474,"column":4}}},"69":{"name":"renounceRole","line":1490,"loc":{"start":{"line":1490,"column":4},"end":{"line":1497,"column":4}}},"70":{"name":"_setupRole","line":1515,"loc":{"start":{"line":1515,"column":4},"end":{"line":1517,"column":4}}},"71":{"name":"_setRoleAdmin","line":1522,"loc":{"start":{"line":1522,"column":4},"end":{"line":1524,"column":4}}},"72":{"name":"_grantRole","line":1526,"loc":{"start":{"line":1526,"column":4},"end":{"line":1530,"column":4}}},"73":{"name":"_revokeRole","line":1532,"loc":{"start":{"line":1532,"column":4},"end":{"line":1536,"column":4}}},"74":{"name":"constructor","line":1563,"loc":{"start":{"line":1559,"column":4},"end":{"line":1566,"column":4}}},"75":{"name":"pause","line":1568,"loc":{"start":{"line":1568,"column":4},"end":{"line":1570,"column":4}}},"76":{"name":"unpause","line":1572,"loc":{"start":{"line":1572,"column":4},"end":{"line":1574,"column":4}}},"77":{"name":"transfer","line":1597,"loc":{"start":{"line":1590,"column":4},"end":{"line":1616,"column":4}}},"78":{"name":"transfer","line":1620,"loc":{"start":{"line":1618,"column":4},"end":{"line":1631,"column":4}}},"79":{"name":"transferFrom","line":1637,"loc":{"start":{"line":1633,"column":4},"end":{"line":1642,"column":4}}},"80":{"name":"burn","line":1644,"loc":{"start":{"line":1644,"column":4},"end":{"line":1647,"column":4}}},"81":{"name":"_beforeTokenTransfer","line":1655,"loc":{"start":{"line":1655,"column":4},"end":{"line":1660,"column":4}}},"82":{"name":"_collect","line":1666,"loc":{"start":{"line":1666,"column":4},"end":{"line":1668,"column":4}}},"83":{"name":"mint","line":1672,"loc":{"start":{"line":1670,"column":4},"end":{"line":1677,"column":4}}}},"statementMap":{"1":{"start":{"line":20,"column":8},"end":{"line":20,"column":25}},"2":{"start":{"line":25,"column":8},"end":{"line":25,"column":23}},"3":{"start":{"line":64,"column":8},"end":{"line":64,"column":2464}},"4":{"start":{"line":65,"column":12},"end":{"line":65,"column":31}},"5":{"start":{"line":69,"column":8},"end":{"line":69,"column":17}},"6":{"start":{"line":70,"column":8},"end":{"line":70,"column":17}},"7":{"start":{"line":71,"column":8},"end":{"line":71,"column":15}},"8":{"start":{"line":91,"column":8},"end":{"line":91,"column":3882}},"9":{"start":{"line":95,"column":12},"end":{"line":95,"column":29}},"10":{"start":{"line":98,"column":8},"end":{"line":98,"column":4053}},"11":{"start":{"line":99,"column":12},"end":{"line":99,"column":29}},"12":{"start":{"line":103,"column":8},"end":{"line":103,"column":39}},"13":{"start":{"line":121,"column":8},"end":{"line":121,"column":4730}},"14":{"start":{"line":152,"column":8},"end":{"line":152,"column":20}},"15":{"start":{"line":157,"column":8},"end":{"line":157,"column":23}},"16":{"start":{"line":171,"column":8},"end":{"line":171,"column":40}},"17":{"start":{"line":193,"column":8},"end":{"line":193,"column":7285}},"18":{"start":{"line":199,"column":8},"end":{"line":199,"column":59}},"19":{"start":{"line":200,"column":8},"end":{"line":200,"column":7518}},"20":{"start":{"line":227,"column":8},"end":{"line":227,"column":59}},"21":{"start":{"line":229,"column":8},"end":{"line":229,"column":49}},"22":{"start":{"line":230,"column":8},"end":{"line":230,"column":63}},"23":{"start":{"line":232,"column":8},"end":{"line":232,"column":19}},"24":{"start":{"line":260,"column":8},"end":{"line":260,"column":9007}},"25":{"start":{"line":270,"column":8},"end":{"line":270,"column":52}},"26":{"start":{"line":274,"column":8},"end":{"line":274,"column":9373}},"27":{"start":{"line":278,"column":8},"end":{"line":278,"column":40}},"28":{"start":{"line":310,"column":8},"end":{"line":310,"column":25}},"29":{"start":{"line":311,"column":8},"end":{"line":311,"column":53}},"30":{"start":{"line":313,"column":8},"end":{"line":313,"column":16}},"31":{"start":{"line":326,"column":8},"end":{"line":326,"column":58}},"32":{"start":{"line":345,"column":8},"end":{"line":345,"column":36}},"33":{"start":{"line":346,"column":8},"end":{"line":346,"column":25}},"34":{"start":{"line":348,"column":8},"end":{"line":348,"column":16}},"35":{"start":{"line":364,"column":8},"end":{"line":364,"column":12100}},"36":{"start":{"line":365,"column":12},"end":{"line":365,"column":20}},"37":{"start":{"line":368,"column":8},"end":{"line":368,"column":25}},"38":{"start":{"line":369,"column":8},"end":{"line":369,"column":63}},"39":{"start":{"line":371,"column":8},"end":{"line":371,"column":16}},"40":{"start":{"line":386,"column":8},"end":{"line":386,"column":54}},"41":{"start":{"line":408,"column":8},"end":{"line":408,"column":35}},"42":{"start":{"line":409,"column":8},"end":{"line":409,"column":25}},"43":{"start":{"line":412,"column":8},"end":{"line":412,"column":16}},"44":{"start":{"line":427,"column":8},"end":{"line":427,"column":52}},"45":{"start":{"line":448,"column":8},"end":{"line":448,"column":36}},"46":{"start":{"line":449,"column":8},"end":{"line":449,"column":20}},"47":{"start":{"line":576,"column":8},"end":{"line":576,"column":19039}},"48":{"start":{"line":581,"column":8},"end":{"line":581,"column":43}},"49":{"start":{"line":582,"column":8},"end":{"line":582,"column":19235}},"50":{"start":{"line":583,"column":12},"end":{"line":583,"column":30}},"51":{"start":{"line":584,"column":12},"end":{"line":584,"column":29}},"52":{"start":{"line":589,"column":8},"end":{"line":589,"column":19353}},"53":{"start":{"line":590,"column":12},"end":{"line":590,"column":31}},"54":{"start":{"line":601,"column":8},"end":{"line":601,"column":36}},"55":{"start":{"line":602,"column":8},"end":{"line":602,"column":18}},"56":{"start":{"line":606,"column":8},"end":{"line":606,"column":22}},"57":{"start":{"line":651,"column":8},"end":{"line":651,"column":19}},"58":{"start":{"line":652,"column":8},"end":{"line":652,"column":23}},"59":{"start":{"line":653,"column":8},"end":{"line":653,"column":27}},"60":{"start":{"line":660,"column":8},"end":{"line":660,"column":20}},"61":{"start":{"line":668,"column":8},"end":{"line":668,"column":22}},"62":{"start":{"line":685,"column":8},"end":{"line":685,"column":24}},"63":{"start":{"line":692,"column":8},"end":{"line":692,"column":27}},"64":{"start":{"line":699,"column":8},"end":{"line":699,"column":33}},"65":{"start":{"line":711,"column":8},"end":{"line":711,"column":49}},"66":{"start":{"line":712,"column":8},"end":{"line":712,"column":19}},"67":{"start":{"line":723,"column":8},"end":{"line":723,"column":42}},"68":{"start":{"line":734,"column":8},"end":{"line":734,"column":46}},"69":{"start":{"line":735,"column":8},"end":{"line":735,"column":19}},"70":{"start":{"line":755,"column":8},"end":{"line":755,"column":43}},"71":{"start":{"line":757,"column":8},"end":{"line":757,"column":68}},"72":{"start":{"line":758,"column":8},"end":{"line":758,"column":24285}},"73":{"start":{"line":762,"column":8},"end":{"line":762,"column":64}},"74":{"start":{"line":764,"column":8},"end":{"line":764,"column":19}},"75":{"start":{"line":783,"column":8},"end":{"line":783,"column":25005}},"76":{"start":{"line":788,"column":8},"end":{"line":788,"column":19}},"77":{"start":{"line":809,"column":8},"end":{"line":809,"column":69}},"78":{"start":{"line":810,"column":8},"end":{"line":810,"column":25838}},"79":{"start":{"line":814,"column":8},"end":{"line":814,"column":74}},"80":{"start":{"line":816,"column":8},"end":{"line":816,"column":19}},"81":{"start":{"line":838,"column":8},"end":{"line":838,"column":77}},"82":{"start":{"line":839,"column":8},"end":{"line":839,"column":78}},"83":{"start":{"line":841,"column":8},"end":{"line":841,"column":54}},"84":{"start":{"line":843,"column":8},"end":{"line":843,"column":49}},"85":{"start":{"line":844,"column":8},"end":{"line":844,"column":26927}},"86":{"start":{"line":848,"column":8},"end":{"line":848,"column":49}},"87":{"start":{"line":849,"column":8},"end":{"line":849,"column":62}},"88":{"start":{"line":851,"column":8},"end":{"line":851,"column":48}},"89":{"start":{"line":864,"column":8},"end":{"line":864,"column":72}},"90":{"start":{"line":866,"column":8},"end":{"line":866,"column":56}},"91":{"start":{"line":868,"column":8},"end":{"line":868,"column":46}},"92":{"start":{"line":869,"column":8},"end":{"line":869,"column":58}},"93":{"start":{"line":871,"column":8},"end":{"line":871,"column":48}},"94":{"start":{"line":886,"column":8},"end":{"line":886,"column":74}},"95":{"start":{"line":888,"column":8},"end":{"line":888,"column":56}},"96":{"start":{"line":890,"column":8},"end":{"line":890,"column":51}},"97":{"start":{"line":891,"column":8},"end":{"line":891,"column":78}},"98":{"start":{"line":892,"column":8},"end":{"line":892,"column":51}},"99":{"start":{"line":893,"column":8},"end":{"line":893,"column":29}},"100":{"start":{"line":895,"column":8},"end":{"line":895,"column":49}},"101":{"start":{"line":916,"column":8},"end":{"line":916,"column":75}},"102":{"start":{"line":917,"column":8},"end":{"line":917,"column":75}},"103":{"start":{"line":919,"column":8},"end":{"line":919,"column":43}},"104":{"start":{"line":920,"column":8},"end":{"line":920,"column":45}},"105":{"start":{"line":930,"column":8},"end":{"line":930,"column":69}},"106":{"start":{"line":931,"column":8},"end":{"line":931,"column":29741}},"107":{"start":{"line":936,"column":8},"end":{"line":936,"column":29}},"108":{"start":{"line":937,"column":8},"end":{"line":937,"column":65}},"109":{"start":{"line":939,"column":8},"end":{"line":939,"column":49}},"110":{"start":{"line":983,"column":8},"end":{"line":983,"column":22}},"111":{"start":{"line":990,"column":8},"end":{"line":990,"column":22}},"112":{"start":{"line":997,"column":8},"end":{"line":997,"column":44}},"113":{"start":{"line":1005,"column":8},"end":{"line":1005,"column":47}},"114":{"start":{"line":1013,"column":8},"end":{"line":1013,"column":21}},"115":{"start":{"line":1014,"column":8},"end":{"line":1014,"column":33}},"116":{"start":{"line":1015,"column":8},"end":{"line":1015,"column":22}},"117":{"start":{"line":1022,"column":8},"end":{"line":1022,"column":22}},"118":{"start":{"line":1023,"column":8},"end":{"line":1023,"column":35}},"119":{"start":{"line":1024,"column":8},"end":{"line":1024,"column":22}},"120":{"start":{"line":1081,"column":8},"end":{"line":1081,"column":33826}},"121":{"start":{"line":1082,"column":12},"end":{"line":1082,"column":34}},"122":{"start":{"line":1085,"column":12},"end":{"line":1085,"column":51}},"123":{"start":{"line":1086,"column":12},"end":{"line":1086,"column":23}},"124":{"start":{"line":1088,"column":12},"end":{"line":1088,"column":24}},"125":{"start":{"line":1100,"column":8},"end":{"line":1100,"column":48}},"126":{"start":{"line":1102,"column":8},"end":{"line":1102,"column":34552}},"127":{"start":{"line":1108,"column":12},"end":{"line":1108,"column":50}},"128":{"start":{"line":1109,"column":12},"end":{"line":1109,"column":54}},"129":{"start":{"line":1114,"column":12},"end":{"line":1114,"column":54}},"130":{"start":{"line":1117,"column":12},"end":{"line":1117,"column":49}},"131":{"start":{"line":1119,"column":12},"end":{"line":1119,"column":54}},"132":{"start":{"line":1122,"column":12},"end":{"line":1122,"column":28}},"133":{"start":{"line":1127,"column":12},"end":{"line":1127,"column":23}},"134":{"start":{"line":1129,"column":12},"end":{"line":1129,"column":24}},"135":{"start":{"line":1141,"column":8},"end":{"line":1141,"column":39}},"136":{"start":{"line":1148,"column":8},"end":{"line":1148,"column":33}},"137":{"start":{"line":1166,"column":8},"end":{"line":1166,"column":36723}},"138":{"start":{"line":1170,"column":8},"end":{"line":1170,"column":33}},"139":{"start":{"line":1189,"column":8},"end":{"line":1189,"column":56}},"140":{"start":{"line":1202,"column":8},"end":{"line":1202,"column":59}},"141":{"start":{"line":1213,"column":8},"end":{"line":1213,"column":61}},"142":{"start":{"line":1220,"column":8},"end":{"line":1220,"column":34}},"143":{"start":{"line":1238,"column":8},"end":{"line":1238,"column":55}},"144":{"start":{"line":1254,"column":8},"end":{"line":1254,"column":47}},"145":{"start":{"line":1267,"column":8},"end":{"line":1267,"column":50}},"146":{"start":{"line":1278,"column":8},"end":{"line":1278,"column":52}},"147":{"start":{"line":1285,"column":8},"end":{"line":1285,"column":34}},"148":{"start":{"line":1303,"column":8},"end":{"line":1303,"column":46}},"149":{"start":{"line":1344,"column":8},"end":{"line":1344,"column":39}},"150":{"start":{"line":1387,"column":8},"end":{"line":1387,"column":42679}},"151":{"start":{"line":1398,"column":8},"end":{"line":1398,"column":53}},"152":{"start":{"line":1406,"column":8},"end":{"line":1406,"column":44}},"153":{"start":{"line":1426,"column":8},"end":{"line":1426,"column":45}},"154":{"start":{"line":1436,"column":8},"end":{"line":1436,"column":37}},"155":{"start":{"line":1450,"column":8},"end":{"line":1450,"column":44724}},"156":{"start":{"line":1455,"column":8},"end":{"line":1455,"column":32}},"157":{"start":{"line":1468,"column":8},"end":{"line":1468,"column":45208}},"158":{"start":{"line":1473,"column":8},"end":{"line":1473,"column":33}},"159":{"start":{"line":1491,"column":8},"end":{"line":1491,"column":45953}},"160":{"start":{"line":1496,"column":8},"end":{"line":1496,"column":33}},"161":{"start":{"line":1516,"column":8},"end":{"line":1516,"column":32}},"162":{"start":{"line":1523,"column":8},"end":{"line":1523,"column":41}},"163":{"start":{"line":1527,"column":8},"end":{"line":1527,"column":47049}},"164":{"start":{"line":1528,"column":12},"end":{"line":1528,"column":57}},"165":{"start":{"line":1533,"column":8},"end":{"line":1533,"column":47240}},"166":{"start":{"line":1534,"column":12},"end":{"line":1534,"column":57}},"167":{"start":{"line":1564,"column":8},"end":{"line":1564,"column":35}},"168":{"start":{"line":1565,"column":8},"end":{"line":1565,"column":51}},"169":{"start":{"line":1569,"column":8},"end":{"line":1569,"column":29}},"170":{"start":{"line":1573,"column":8},"end":{"line":1573,"column":31}},"171":{"start":{"line":1598,"column":8},"end":{"line":1598,"column":31}},"172":{"start":{"l
[...]
":274,"column":8},"end":{"line":274,"column":8}},{"start":{"line":274,"column":8},"end":{"line":274,"column":8}}]},"8":{"line":311,"type":"if","locations":[{"start":{"line":311,"column":8},"end":{"line":311,"column":8}},{"start":{"line":311,"column":8},"end":{"line":311,"column":8}}]},"9":{"line":345,"type":"if","locations":[{"start":{"line":345,"column":8},"end":{"line":345,"column":8}},{"start":{"line":345,"column":8},"end":{"line":345,"column":8}}]},"10":{"line":364,"type":"if","locations":[{"start":{"line":364,"column":8},"end":{"line":364,"column":8}},{"start":{"line":364,"column":8},"end":{"line":364,"column":8}}]},"11":{"line":369,"type":"if","locations":[{"start":{"line":369,"column":8},"end":{"line":369,"column":8}},{"start":{"line":369,"column":8},"end":{"line":369,"column":8}}]},"12":{"line":408,"type":"if","locations":[{"start":{"line":408,"column":8},"end":{"line":408,"column":8}},{"start":{"line":408,"column":8},"end":{"line":408,"column":8}}]},"13":{"line":448,"type":"if","locations":[{"start":{"line":448,"column":8},"end":{"line":448,"column":8}},{"start":{"line":448,"column":8},"end":{"line":448,"column":8}}]},"14":{"line":576,"type":"if","locations":[{"start":{"line":576,"column":8},"end":{"line":576,"column":8}},{"start":{"line":576,"column":8},"end":{"line":576,"column":8}}]},"15":{"line":582,"type":"if","locations":[{"start":{"line":582,"column":8},"end":{"line":582,"column":8}},{"start":{"line":582,"column":8},"end":{"line":582,"column":8}}]},"16":{"line":589,"type":"if","locations":[{"start":{"line":589,"column":8},"end":{"line":589,"column":8}},{"start":{"line":589,"column":8},"end":{"line":589,"column":8}}]},"17":{"line":758,"type":"if","locations":[{"start":{"line":758,"column":8},"end":{"line":758,"column":8}},{"start":{"line":758,"column":8},"end":{"line":758,"column":8}}]},"18":{"line":810,"type":"if","locations":[{"start":{"line":810,"column":8},"end":{"line":810,"column":8}},{"start":{"line":810,"column":8},"end":{"line":810,"column":8}}]},"19":{"line":838,"type":"if","locations":[{"start":{"line":838,"column":8},"end":{"line":838,"column":8}},{"start":{"line":838,"column":8},"end":{"line":838,"column":8}}]},"20":{"line":839,"type":"if","locations":[{"start":{"line":839,"column":8},"end":{"line":839,"column":8}},{"start":{"line":839,"column":8},"end":{"line":839,"column":8}}]},"21":{"line":844,"type":"if","locations":[{"start":{"line":844,"column":8},"end":{"line":844,"column":8}},{"start":{"line":844,"column":8},"end":{"line":844,"column":8}}]},"22":{"line":864,"type":"if","locations":[{"start":{"line":864,"column":8},"end":{"line":864,"column":8}},{"start":{"line":864,"column":8},"end":{"line":864,"column":8}}]},"23":{"line":886,"type":"if","locations":[{"start":{"line":886,"column":8},"end":{"line":886,"column":8}},{"start":{"line":886,"column":8},"end":{"line":886,"column":8}}]},"24":{"line":891,"type":"if","locations":[{"start":{"line":891,"column":8},"end":{"line":891,"column":8}},{"start":{"line":891,"column":8},"end":{"line":891,"column":8}}]},"25":{"line":916,"type":"if","locations":[{"start":{"line":916,"column":8},"end":{"line":916,"column":8}},{"start":{"line":916,"column":8},"end":{"line":916,"column":8}}]},"26":{"line":917,"type":"if","locations":[{"start":{"line":917,"column":8},"end":{"line":917,"column":8}},{"start":{"line":917,"column":8},"end":{"line":917,"column":8}}]},"27":{"line":931,"type":"if","locations":[{"start":{"line":931,"column":8},"end":{"line":931,"column":8}},{"start":{"line":931,"column":8},"end":{"line":931,"column":8}}]},"28":{"line":997,"type":"if","locations":[{"start":{"line":997,"column":8},"end":{"line":997,"column":8}},{"start":{"line":997,"column":8},"end":{"line":997,"column":8}}]},"29":{"line":1005,"type":"if","locations":[{"start":{"line":1005,"column":8},"end":{"line":1005,"column":8}},{"start":{"line":1005,"column":8},"end":{"line":1005,"column":8}}]},"30":{"line":1081,"type":"if","locations":[{"start":{"line":1081,"column":8},"end":{"line":1081,"column":8}},{"start":{"line":1081,"column":8},"end":{"line":1081,"column":8}}]},"31":{"line":1102,"type":"if","locations":[{"start":{"line":1102,"column":8},"end":{"line":1102,"column":8}},{"start":{"line":1102,"column":8},"end":{"line":1102,"column":8}}]},"32":{"line":1166,"type":"if","locations":[{"start":{"line":1166,"column":8},"end":{"line":1166,"column":8}},{"start":{"line":1166,"column":8},"end":{"line":1166,"column":8}}]},"33":{"line":1387,"type":"if","locations":[{"start":{"line":1387,"column":8},"end":{"line":1387,"column":8}},{"start":{"line":1387,"column":8},"end":{"line":1387,"column":8}}]},"34":{"line":1450,"type":"if","locations":[{"start":{"line":1450,"column":8},"end":{"line":1450,"column":8}},{"start":{"line":1450,"column":8},"end":{"line":1450,"column":8}}]},"35":{"line":1468,"type":"if","locations":[{"start":{"line":1468,"column":8},"end":{"line":1468,"column":8}},{"start":{"line":1468,"column":8},"end":{"line":1468,"column":8}}]},"36":{"line":1491,"type":"if","locations":[{"start":{"line":1491,"column":8},"end":{"line":1491,"column":8}},{"start":{"line":1491,"column":8},"end":{"line":1491,"column":8}}]},"37":{"line":1527,"type":"if","locations":[{"start":{"line":1527,"column":8},"end":{"line":1527,"column":8}},{"start":{"line":1527,"column":8},"end":{"line":1527,"column":8}}]},"38":{"line":1533,"type":"if","locations":[{"start":{"line":1533,"column":8},"end":{"line":1533,"column":8}},{"start":{"line":1533,"column":8},"end":{"line":1533,"column":8}}]},"39":{"line":1656,"type":"if","locations":[{"start":{"line":1656,"column":8},"end":{"line":1656,"column":8}},{"start":{"line":1656,"column":8},"end":{"line":1656,"column":8}}]}}},"contracts/mocks/SandboxPrizeLinkedAccountVault.sol":{"l":{"12":2,"13":2,"21":5,"22":5,"23":5,"26":5,"36":35,"40":35,"46":35,"54":0,"58":0},"path":"/home/osboxes/prize-linked-account/contracts/mocks/SandboxPrizeLinkedAccountVault.sol","s":{"1":2,"2":2,"3":5,"4":5,"5":5,"6":35,"7":35,"8":35,"9":0,"10":0},"b":{"1":[35,0],"2":[0,0]},"f":{"1":2,"2":5,"3":35,"4":0},"fnMap":{"1":{"name":"makeDrawV1_Dummy","line":9,"loc":{"start":{"line":7,"column":4},"end":{"line":14,"column":4}}},"2":{"name":"makeDrawV1","line":18,"loc":{"start":{"line":16,"column":4},"end":{"line":27,"column":4}}},"3":{"name":"createPrizedLinkAccount","line":35,"loc":{"start":{"line":30,"column":4},"end":{"line":47,"column":4}}},"4":{"name":"depositPrizedLinkAccount","line":51,"loc":{"start":{"line":49,"column":4},"end":{"line":59,"column":4}}}},"statementMap":{"1":{"start":{"line":12,"column":9},"end":{"line":12,"column":41}},"2":{"start":{"line":13,"column":8},"end":{"line":13,"column":19}},"3":{"start":{"line":21,"column":8},"end":{"line":21,"column":41}},"4":{"start":{"line":22,"column":8},"end":{"line":22,"column":38}},"5":{"start":{"line":26,"column":8},"end":{"line":26,"column":51}},"6":{"start":{"line":36,"column":8},"end":{"line":36,"column":923}},"7":{"start":{"line":40,"column":8},"end":{"line":40,"column":1107}},"8":{"start":{"line":46,"column":8},"end":{"line":46,"column":52}},"9":{"start":{"line":54,"column":8},"end":{"line":54,"column":1474}},"10":{"start":{"line":58,"column":8},"end":{"line":58,"column":72}}},"branchMap":{"1":{"line":36,"type":"if","locations":[{"start":{"line":36,"column":8},"end":{"line":36,"column":8}},{"start":{"line":36,"column":8},"end":{"line":36,"column":8}}]},"2":{"line":54,"type":"if","locations":[{"start":{"line":54,"column":8},"end":{"line":54,"column":8}},{"start":{"line":54,"column":8},"end":{"line":54,"column":8}}]}}},"contracts/PrizeLinkedAccountVault.sol":{"l":{"37":9,"38":9,"44":9,"49":9,"50":9,"51":9,"52":9,"60":5,"64":5,"65":5,"70":5,"71":5,"72":3,"73":3,"75":2,"77":5,"78":5,"86":0,"90":0,"91":0,"92":0,"95":0,"103":150,"107":150,"113":150,"121":0,"125":0,"134":3,"135":3,"143":188,"146":188,"151":188,"157":188,"165":0,"169":0,"177":0,"190":0,"191":0,"192":0,"193":0,"194":0,"195":0,"196":0,"198":0,"206":188,"214":0,"215":0,"216":0,"222":0,"223":0,"232":0,"233":0,"234":0,"240":0,"248":0,"249":0,"252":0,"260":0,"264":0,"265":0,"270":0,"271":0,"272":0,"280":1,"284":1,"285":1,"293":0,"294":0,"295":0,"303":0,"318":2,"319":2,"320":2,"321":2,"327":2,"347":0,"348":0,"349":0,"350":0,"358":0,"380":4,"393":30,"401":0,"410":0},"path":"/home/osboxes/prize-linked-account/contracts/PrizeLinkedAccountVault.sol","s":{"1":9,"2":9,"3":9,"4":9,"5":9,"6":9,"7":9,"8":5,"9":5,"10":5,"11":5,"12":5,"13":3,"14":3,"15":2,"16":5,"17":5,"18":0,"19":0,"20":0,"21":0,"22":150,"23":150,"24":150,"25":0,"26":0,"27":3,"28":3,"29":188,"30":188,"31":188,"32":188,"33":0,"34":0,"35":0,"36":0,"37":0,"38":0,"39":0,"40":0,"41":0,"42":0,"43":0,"44":188,"45":0,"46":0,"47":0,"48":0,"49":0,"50":0,"51":0,"52":0,"53":0,"54":0,"55":0,"56":0,"57":0,"58":0,"59":0,"60":0,"61":1,"62":1,"63":1,"64":0,"65":0,"66":0,"67":0,"68":2,"69":2,"70":2,"71":2,"72":2,"73":0,"74":0,"75":0,"76":0,"77":0,"78":4,"79":30,"80":0,"81":0},"b":{"1":[5,0],"2":[3,2],"3":[0,0],"4":[150,0],"5":[0,0],"6":[188,0],"7":[0,0],"8":[0,0],"9":[0,0],"10":[0,0],"11":[0,0],"12":[0,0],"13":[1,0]},"f":{"1":9,"2":5,"3":0,"4":150,"5":0,"6":3,"7":188,"8":0,"9":0,"10":0,"11":0,"12":188,"13":0,"14":0,"15":0,"16":1,"17":0,"18":0,"19":2,"20":0,"21":4,"22":30,"23":0,"24":0},"fnMap":{"1":{"name":"initialize","line":36,"loc":{"start":{"line":24,"column":4},"end":{"line":53,"column":4}}},"2":{"name":"awardWinnerV1","line":57,"loc":{"start":{"line":55,"column":4},"end":{"line":79,"column":4}}},"3":{"name":"makeDrawV1","line":83,"loc":{"start":{"line":81,"column":4},"end":{"line":96,"column":4}}},"4":{"name":"createPrizedLinkAccount","line":102,"loc":{"start":{"line":98,"column":4},"end":{"line":114,"column":4}}},"5":{"name":"depositPrizedLinkAccount","line":118,"loc":{"start":{"line":116,"column":4},"end":{"line":126,"column":4}}},"6":{"name":"_depositPrizedLinkAccount","line":128,"loc":{"start":{"line":128,"column":4},"end":{"line":136,"column":4}}},"7":{"name":"_createPrizedLinkTickets","line":140,"loc":{"start":{"line":138,"column":4},"end":{"line":158,"column":4}}},"8":{"name":"withdrawFor","line":162,"loc":{"start":{"line":160,"column":4},"end":{"line":166,"column":4}}},"9":{"name":"withdraw","line":168,"loc":{"start":{"line":168,"column":4},"end":{"line":170,"column":4}}},"10":{"name":"withdrawUnclaimedAccount","line":174,"loc":{"start":{"line":172,"column":4},"end":{"line":183,"column":4}}},"11":{"name":"_withdrawPrizedLinkAccount","line":185,"loc":{"start":{"line":185,"column":4},"end":{"line":199,"column":4}}},"12":{"name":"_convertDepositToTotalTicket","line":201,"loc":{"start":{"line":201,"column":4},"end":{"line":207,"column":4}}},"13":{"name":"getEligibleAddressPendingAddedToDraw","line":209,"loc":{"start":{"line":209,"column":4},"end":{"line":226,"column":4}}},"14":{"name":"regenerateTicketForNextDraw","line":228,"loc":{"start":{"line":228,"column":4},"end":{"line":253,"column":4}}},"15":{"name":"invest","line":257,"loc":{"start":{"line":255,"column":4},"end":{"line":273,"column":4}}},"16":{"name":"addBoostingFund","line":277,"loc":{"start":{"line":275,"column":4},"end":{"line":286,"column":4}}},"17":{"name":"withdrawBoostingFund","line":290,"loc":{"start":{"line":288,"column":4},"end":{"line":296,"column":4}}},"18":{"name":"getBoostingFund","line":298,"loc":{"start":{"line":298,"column":4},"end":{"line":304,"column":4}}},"19":{"name":"setPrizeLinkedAccountSettings","line":317,"loc":{"start":{"line":306,"column":4},"end":{"line":328,"column":4}}},"20":{"name":"getPrizeLinkedAccountSettings","line":330,"loc":{"start":{"line":330,"column":4},"end":{"line":363,"column":4}}},"21":{"name":"getSavingAcountFor","line":368,"loc":{"start":{"line":365,"column":4},"end":{"line":381,"column":4}}},"22":{"name":"getTicketRangeById","line":383,"loc":{"start":{"line":383,"column":4},"end":{"line":394,"column":4}}},"23":{"name":"getTickerIdsByOwnerAndDraw","line":396,"loc":{"start":{"line":396,"column":4},"end":{"line":402,"column":4}}},"24":{"name":"getTickerIdsByOwnerAndDrawFor","line":407,"loc":{"start":{"line":404,"column":4},"end":{"line":411,"column":4}}}},"statementMap":{"1":{"start":{"line":37,"column":8},"end":{"line":37,"column":33}},"2":{"start":{"line":38,"column":8},"end":{"line":38,"column":1099}},"3":{"start":{"line":44,"column":8},"end":{"line":44,"column":1286}},"4":{"start":{"line":49,"column":8},"end":{"line":49,"column":37}},"5":{"start":{"line":50,"column":8},"end":{"line":50,"column":40}},"6":{"start":{"line":51,"column":8},"end":{"line":51,"column":39}},"7":{"start":{"line":52,"column":8},"end":{"line":52,"column":51}},"8":{"start":{"line":60,"column":8},"end":{"line":60,"column":1721}},"9":{"start":{"line":64,"column":8},"end":{"line":64,"column":53}},"10":{"start":{"line":65,"column":8},"end":{"line":65,"column":1984}},"11":{"start":{"line":70,"column":8},"end":{"line":70,"column":47}},"12":{"start":{"line":71,"column":8},"end":{"line":71,"column":2193}},"13":{"start":{"line":72,"column":12},"end":{"line":72,"column":39}},"14":{"start":{"line":73,"column":12},"end":{"line":73,"column":62}},"15":{"start":{"line":75,"column":12},"end":{"line":75,"column":44}},"16":{"start":{"line":77,"column":8},"end":{"line":77,"column":42}},"17":{"start":{"line":78,"column":8},"end":{"line":78,"column":19}},"18":{"start":{"line":86,"column":8},"end":{"line":86,"column":2613}},"19":{"start":{"line":90,"column":8},"end":{"line":90,"column":41}},"20":{"start":{"line":91,"column":8},"end":{"line":91,"column":38}},"21":{"start":{"line":95,"column":8},"end":{"line":95,"column":51}},"22":{"start":{"line":103,"column":8},"end":{"line":103,"column":3162}},"23":{"start":{"line":107,"column":8},"end":{"line":107,"column":3346}},"24":{"start":{"line":113,"column":8},"end":{"line":113,"column":52}},"25":{"start":{"line":121,"column":8},"end":{"line":121,"column":3690}},"26":{"start":{"line":125,"column":8},"end":{"line":125,"column":67}},"27":{"start":{"line":134,"column":8},"end":{"line":134,"column":74}},"28":{"start":{"line":135,"column":8},"end":{"line":135,"column":52}},"29":{"start":{"line":143,"column":8},"end":{"line":143,"column":4383}},"30":{"start":{"line":146,"column":8},"end":{"line":146,"column":4488}},"31":{"start":{"line":151,"column":8},"end":{"line":151,"column":4619}},"32":{"start":{"line":157,"column":8},"end":{"line":157,"column":19}},"33":{"start":{"line":165,"column":8},"end":{"line":165,"column":63}},"34":{"start":{"line":169,"column":8},"end":{"line":169,"column":77}},"35":{"start":{"line":177,"column":8},"end":{"line":177,"column":5323}},"36":{"start":{"line":190,"column":8},"end":{"line":190,"column":64}},"37":{"start":{"line":191,"column":8},"end":{"line":191,"column":68}},"38":{"start":{"line":192,"column":8},"end":{"line":192,"column":53}},"39":{"start":{"line":193,"column":8},"end":{"line":193,"column":46}},"40":{"start":{"line":194,"column":8},"end":{"line":194,"column":59}},"41":{"start":{"line":195,"column":8},"end":{"line":195,"column":5952}},"42":{"start":{"line":196,"column":12},"end":{"line":196,"column":60}},"43":{"start":{"line":198,"column":8},"end":{"line":198,"column":19}},"44":{"start":{"line":206,"column":8},"end":{"line":206,"column":72}},"45":{"start":{"line":214,"column":8},"end":{"line":214,"column":17}},"46":{"start":{"line":215,"column":8},"end":{"line":215,"column":6489}},"47":{"start":{"line":216,"column":12},"end":{"line":216,"column":6552}},"48":{"start":{"line":222,"column":16},"end":{"line":222,"column":37}},"49":{"start":{"line":232,"column":8},"end":{"line":232,"column":24}},"50":{"start":{"line":233,"column":8},"end":{"line":233,"column":7081}},"51":{"start":{"line":234,"column":12},"end":{"line":234,"column":7144}},"52":{"start":{"line":240,"column":16},"end":{"line":240,"column":7458}},"53":{"start":{"line":249,"column":16},"end":{"line":249,"column":53}},"54":{"start":{"line":252,"column":8},"end":{"line":252,"column":24}},"55":{"start":{"line":260,"column":8},"end":{"line":260,"column":8037}},"56":{"start":{"line":264,"column":8},"end":{"line":264,"column":62}},"57":{"start":{"line":265,"column":8},"end":{"line":265,"column":8254}},"58":{"start":{"line":270,"column":8},"end":{"line":270,"column":41}},"59":{"start":{"line":271,"column":8},"end":{"line":271,"column":40}},"60":{"start":{"line":272,"column":8},"end":{"line":272,"column":19}},"61":{"start":{"line":280,"column":8},"end":{"line":280,"column":8749}},"62":{"start":{"line":284,"column":8},"end":{"line":284,"column":48}},"63":{"start":{"line":285,"column":8},"end":{"line":285,"column":19}},"64":{"start":{"line":293,"column":8},"end":{"line":293,"column":48}},"65":{"start":{"line":294,"column":8},"end":{"line":294,"column":41}},"66":{"start":{"line":295,"column":8},"end":{"line":295,"column":19}},"67":{"start":{"line":303,"column":8},"end":{"line":303,"column":28}},"68":{"start":{"line":318,"column":8},"end":{"line":318,"column":39}},"69":{"start":{"line":319,"column":8},"end":{"line":319,"column":37}},"70":{"start":{"line":320,"column":8},"end":{"line":320,"column":51}},"71":{"start":{"line":321,"column":8},"end":{"line":321,"column":9944}},"72":{"start":{"line":327,"column":8},"end":{"line":327,"column":78}},"73":{"start":{"line":347,"column":8},"end":{"line":347,"column":39}},"74":{"start":{"line":348,"column":8},"end":{"line":348,"column":37}},"75":{"start":{"line":349,"column":8},"end":{"line":349,"column":51}},"76":{"start":{"line":350,"column":8},"end":{"line":350,"column":10869}},"77":{"start":{"line":358,"column":8},"end":{"line":358,"column":11070}},"78":{"start":{"line":380,"column":8},"end":{"line":380,"column":42}},"79":{"start":{"line":393,"column":8},"end":{"line":393,"column":30}},"80":{"start":{"line":401,"column":8},"end":{"line":401,"column":71}},"81":{"start":{"line":410,"column":8},"end":{"line":410,"column":64}}},"branchMap":{"1":{"line":60,"type":"if","locations":[{"start":{"line":60,"column":8},"end":{"line":60,"column":8}},{"start":{"line":60,"column":8},"end":{"line":60,"column":8}}]},"2":{"line":71,"type":"if","locations":[{"start":{"line":71,"column":8},"end":{"line":71,"column":8}},{"start":{"line":71,"column":8},"end":{"line":71,"column":8}}]},"3":{"line":86,"type":"if","locations":[{"start":{"line":86,"column":8},"end":{"line":86,"column":8}},{"start":{"line":86,"column":8},"end":{"line":86,"column":8}}]},"4":{"line":103,"type":"if","locations":[{"start":{"line":103,"column":8},"end":{"line":103,"column":8}},{"start":{"line":103,"column":8},"end":{"line":103,"column":8}}]},"5":{"line":121,"type":"if","locations":[{"start":{"line":121,"column":8},"end":{"line":121,"column":8}},{"start":{"line":121,"column":8},"end":{"line":121,"column":8}}]},"6":{"line":146,"type":"if","locations":[{"start":{"line":146,"column":8},"end":{"line":146,"column":8}},{"start":{"line":146,"column":8},"end":{"line":146,"column":8}}]},"7":{"line":195,"type":"if","locations":[{"start":{"line":195,"column":8},"end":{"line":195,"column":8}},{"start":{"line":195,"column":8},"end":{"line":195,"column":8}}]},"8":{"line":216,"type":"if","locations":[{"start":{"line":216,"column":12},"end":{"line":216,"column":12}},{"start":{"line":216,"column":12},"end":{"line":216,"column":12}}]},"9":{"line":234,"type":"if","locations":[{"start":{"line":234,"column":12},"end":{"line":234,"column":12}},{"start":{"line":234,"column":12},"end":{"line":234,"column":12}}]},"10":{"line":249,"type":"if","locations":[{"start":{"line":249,"column":16},"end":{"line":249,"column":16}},{"start":{"line":249,"column":16},"end":{"line":249,"column":16}}]},"11":{"line":260,"type":"if","locations":[{"start":{"line":260,"column":8},"end":{"line":260,"column":8}},{"start":{"line":260,"column":8},"end":{"line":260,"column":8}}]},"12":{"line":265,"type":"if","locations":[{"start":{"line":265,"column":8},"end":{"line":265,"column":8}},{"start":{"line":265,"column":8},"end":{"line":265,"column":8}}]},"13":{"line":280,"type":"if","locations":[{"start":{"line":280,"column":8},"end":{"line":280,"column":8}},{"start":{"line":280,"column":8},"end":{"line":280,"column":8}}]}}}}