{
"contracts/abstracts/GluwacoinSavingAccount.sol":{"l":{"62":1,"63":1,"64":1,"65":1,"66":1,"67":1,"72":1,"93":0,"95":0,"113":3000,"117":3000,"121":3000,"125":3000,"130":3000,"136":3000,"143":3000,"154":3000,"161":3000,"162":3000,"163":3000,"164":3000,"165":3000,"166":3000,"167":3000,"168":3000,"170":3000,"174":0,"176":0,"180":0,"181":0,"182":0,"183":0,"184":0,"192":1,"196":1,"199":1,"204":1,"205":1,"206":1,"207":1,"213":1,"220":1,"222":1,"223":1,"230":0,"244":0,"247":0,"270":0,"288":0,"305":0,"306":0,"307":0,"308":0,"309":0,"323":0,"328":0,"332":0},"path":"/home/osboxes/prize-linked-account/contracts/abstracts/GluwacoinSavingAccount.sol","s":{"1":1,"2":1,"3":1,"4":1,"5":1,"6":1,"7":1,"8":0,"9":0,"10":3000,"11":3000,"12":3000,"13":3000,"14":3000,"15":3000,"16":3000,"17":3000,"18":3000,"19":3000,"20":3000,"21":3000,"22":3000,"23":3000,"24":3000,"25":3000,"26":3000,"27":0,"28":0,"29":0,"30":0,"31":0,"32":0,"33":0,"34":1,"35":1,"36":1,"37":1,"38":1,"39":1,"40":1,"41":1,"42":1,"43":1,"44":1,"45":0,"46":0,"47":0,"48":0,"49":0,"50":0,"51":0,"52":0,"53":0,"54":0,"55":0,"56":0,"57":0},"b":{"1":[3000,0],"2":[3000,0],"3":[3000,0],"4":[3000,0],"5":[0,0],"6":[1,0],"7":[1,0],"8":[0,0]},"f":{"1":1,"2":0,"3":3000,"4":0,"5":1,"6":0,"7":0,"8":0,"9":0,"10":0,"11":0,"12":0},"fnMap":{"1":{"name":"__GluwacoinSavingAccount_init_unchained","line":61,"loc":{"start":{"line":55,"column":4},"end":{"line":77,"column":4}}},"2":{"name":"_getSavingAccountFor","line":79,"loc":{"start":{"line":79,"column":4},"end":{"line":105,"column":4}}},"3":{"name":"_createSavingAccount","line":107,"loc":{"start":{"line":107,"column":4},"end":{"line":171,"column":4}}},"4":{"name":"_withdraw","line":173,"loc":{"start":{"line":173,"column":4},"end":{"line":185,"column":4}}},"5":{"name":"_deposit","line":187,"loc":{"start":{"line":187,"column":4},"end":{"line":224,"column":4}}},"6":{"name":"getCurrentbalance","line":229,"loc":{"start":{"line":229,"column":4},"end":{"line":231,"column":4}}},"7":{"name":"getDeposit","line":233,"loc":{"start":{"line":233,"column":4},"end":{"line":254,"column":4}}},"8":{"name":"getSavingAcount","line":256,"loc":{"start":{"line":256,"column":4},"end":{"line":271,"column":4}}},"9":{"name":"getSavingSettings","line":276,"loc":{"start":{"line":276,"column":4},"end":{"line":296,"column":4}}},"10":{"name":"_setSavingSettings","line":298,"loc":{"start":{"line":298,"column":4},"end":{"line":310,"column":4}}},"11":{"name":"_calculateearning","line":317,"loc":{"start":{"line":317,"column":4},"end":{"line":329,"column":4}}},"12":{"name":"_validateSavingBalance","line":331,"loc":{"start":{"line":331,"column":4},"end":{"line":337,"column":4}}}},"statementMap":{"1":{"start":{"line":62,"column":8},"end":{"line":62,"column":36}},"2":{"start":{"line":63,"column":8},"end":{"line":63,"column":51}},"3":{"start":{"line":64,"column":8},"end":{"line":64,"column":79}},"4":{"start":{"line":65,"column":8},"end":{"line":65,"column":51}},"5":{"start":{"line":66,"column":8},"end":{"line":66,"column":23}},"6":{"start":{"line":67,"column":8},"end":{"line":67,"column":2666}},"7":{"start":{"line":72,"column":8},"end":{"line":72,"column":2805}},"8":{"start":{"line":93,"column":8},"end":{"line":93,"column":3330}},"9":{"start":{"line":95,"column":8},"end":{"line":95,"column":3381}},"10":{"start":{"line":113,"column":8},"end":{"line":113,"column":3914}},"11":{"start":{"line":117,"column":8},"end":{"line":117,"column":4065}},"12":{"start":{"line":121,"column":8},"end":{"line":121,"column":4198}},"13":{"start":{"line":125,"column":8},"end":{"line":125,"column":4380}},"14":{"start":{"line":130,"column":8},"end":{"line":130,"column":4534}},"15":{"start":{"line":136,"column":8},"end":{"line":136,"column":4685}},"16":{"start":{"line":143,"column":8},"end":{"line":143,"column":4881}},"17":{"start":{"line":154,"column":8},"end":{"line":154,"column":5303}},"18":{"start":{"line":161,"column":8},"end":{"line":161,"column":45}},"19":{"start":{"line":162,"column":8},"end":{"line":162,"column":44}},"20":{"start":{"line":163,"column":8},"end":{"line":163,"column":37}},"21":{"start":{"line":164,"column":8},"end":{"line":164,"column":27}},"22":{"start":{"line":165,"column":8},"end":{"line":165,"column":53}},"23":{"start":{"line":166,"column":8},"end":{"line":166,"column":53}},"24":{"start":{"line":167,"column":8},"end":{"line":167,"column":48}},"25":{"start":{"line":168,"column":8},"end":{"line":168,"column":63}},"26":{"start":{"line":170,"column":8},"end":{"line":170,"column":42}},"27":{"start":{"line":174,"column":8},"end":{"line":174,"column":6157}},"28":{"start":{"line":176,"column":8},"end":{"line":176,"column":6207}},"29":{"start":{"line":180,"column":8},"end":{"line":180,"column":32}},"30":{"start":{"line":181,"column":8},"end":{"line":181,"column":45}},"31":{"start":{"line":182,"column":8},"end":{"line":182,"column":37}},"32":{"start":{"line":183,"column":8},"end":{"line":183,"column":36}},"33":{"start":{"line":184,"column":8},"end":{"line":184,"column":30}},"34":{"start":{"line":192,"column":8},"end":{"line":192,"column":6679}},"35":{"start":{"line":196,"column":8},"end":{"line":196,"column":6879}},"36":{"start":{"line":199,"column":8},"end":{"line":199,"column":6930}},"37":{"start":{"line":204,"column":8},"end":{"line":204,"column":32}},"38":{"start":{"line":205,"column":8},"end":{"line":205,"column":45}},"39":{"start":{"line":206,"column":8},"end":{"line":206,"column":45}},"40":{"start":{"line":207,"column":8},"end":{"line":207,"column":7189}},"41":{"start":{"line":213,"column":8},"end":{"line":213,"column":7359}},"42":{"start":{"line":220,"column":8},"end":{"line":220,"column":37}},"43":{"start":{"line":222,"column":8},"end":{"line":222,"column":54}},"44":{"start":{"line":223,"column":8},"end":{"line":223,"column":26}},"45":{"start":{"line":230,"column":8},"end":{"line":230,"column":43}},"46":{"start":{"line":244,"column":8},"end":{"line":244,"column":8151}},"47":{"start":{"line":247,"column":8},"end":{"line":247,"column":8255}},"48":{"start":{"line":270,"column":8},"end":{"line":270,"column":49}},"49":{"start":{"line":288,"column":8},"end":{"line":288,"column":9069}},"50":{"start":{"line":305,"column":8},"end":{"line":305,"column":51}},"51":{"start":{"line":306,"column":8},"end":{"line":306,"column":51}},"52":{"start":{"line":307,"column":8},"end":{"line":307,"column":79}},"53":{"start":{"line":308,"column":8},"end":{"line":308,"column":23}},"54":{"start":{"line":309,"column":8},"end":{"line":309,"column":39}},"55":{"start":{"line":323,"column":8},"end":{"line":323,"column":10287}},"56":{"start":{"line":328,"column":8},"end":{"line":328,"column":22}},"57":{"start":{"line":332,"column":8},"end":{"line":332,"column":10557}}},"branchMap":{"1":{"line":113,"type":"if","locations":[{"start":{"line":113,"column":8},"end":{"line":113,"column":8}},{"start":{"line":113,"column":8},"end":{"line":113,"column":8}}]},"2":{"line":117,"type":"if","locations":[{"start":{"line":117,"column":8},"end":{"line":117,"column":8}},{"start":{"line":117,"column":8},"end":{"line":117,"column":8}}]},"3":{"line":121,"type":"if","locations":[{"start":{"line":121,"column":8},"end":{"line":121,"column":8}},{"start":{"line":121,"column":8},"end":{"line":121,"column":8}}]},"4":{"line":125,"type":"if","locations":[{"start":{"line":125,"column":8},"end":{"line":125,"column":8}},{"start":{"line":125,"column":8},"end":{"line":125,"column":8}}]},"5":{"line":176,"type":"if","locations":[{"start":{"line":176,"column":8},"end":{"line":176,"column":8}},{"start":{"line":176,"column":8},"end":{"line":176,"column":8}}]},"6":{"line":192,"type":"if","locations":[{"start":{"line":192,"column":8},"end":{"line":192,"column":8}},{"start":{"line":192,"column":8},"end":{"line":192,"column":8}}]},"7":{"line":199,"type":"if","locations":[{"start":{"line":199,"column":8},"end":{"line":199,"column":8}},{"start":{"line":199,"column":8},"end":{"line":199,"column":8}}]},"8":{"line":332,"type":"if","locations":[{"start":{"line":332,"column":8},"end":{"line":332,"column":8}},{"start":{"line":332,"column":8},"end":{"line":332,"column":8}}]}}},
"contracts/abstracts/GluwaPrizeDraw.sol":{"l":{"52":1,"53":1,"54":1,"55":1,"63":1,"76":1,"84":2,"85":2,"86":2,"87":2,"88":5998,"89":5998,"91":5998,"92":0,"101":1,"105":1,"106":1,"107":1,"115":2,"119":2,"120":2338,"128":2,"131":2,"141":3001,"144":3001,"145":3001,"150":422,"152":3001,"156":3001,"157":0,"158":0,"160":0,"161":0,"163":0,"165":3001,"167":3001,"168":3001,"169":3001,"171":0,"172":0,"175":3001,"176":3001,"192":3001,"207":3001,"208":3001,"209":3001,"210":3001,"212":3001,"213":3001,"218":3001,"219":3001,"220":3001,"221":3001,"224":3001,"225":3001,"226":3001,"233":3001,"234":3001,"243":0,"244":0,"245":0,"250":0,"255":0,"256":0,"257":0,"262":0,"264":0,"267":0,"268":0,"269":0,"273":0,"274":0,"277":0,"290":0,"291":0,"292":0,"293":0,"301":2,"302":2,"315":1,"316":1,"317":1,"318":1},"path":"/home/osboxes/prize-linked-account/contracts/abstracts/GluwaPrizeDraw.sol","s":{"1":1,"2":1,"3":1,"4":1,"5":1,"6":1,"7":2,"8":2,"9":2,"10":2,"11":5998,"12":5998,"13":5998,"14":0,"15":1,"16":1,"17":1,"18":1,"19":2,"20":2,"21":2338,"22":2,"23":3001,"24":3001,"25":3001,"26":422,"27":3001,"28":3001,"29":0,"30":0,"31":0,"32":0,"33":0,"34":3001,"35":3001,"36":3001,"37":3001,"38":0,"39":0,"40":3001,"41":3001,"42":3001,"43":3001,"44":3001,"45":3001,"46":3001,"47":3001,"48":3001,"49":3001,"50":3001,"51":3001,"52":3001,"53":3001,"54":3001,"55":3001,"56":3001,"57":3001,"58":0,"59":0,"60":0,"61":0,"62":0,"63":0,"64":0,"65":0,"66":0,"67":0,"68":0,"69":0,"70":0,"71":0,"72":0,"73":0,"74":0,"75":0,"76":2,"77":2,"78":1,"79":1,"80":1,"81":1},"b":{"1":[5998,0],"2":[0,5998],"3":[1,0],"4":[2,0],"5":[2,2336],"6":[422,2579],"7":[0,3001],"8":[0,0],"9":[3001,0],"10":[0,0],"11":[0,0],"12":[0,0]},"f":{"1":1,"2":1,"3":2,"4":1,"5":2,"6":3001,"7":3001,"8":3001,"9":0,"10":0,"11":2,"12":1},"fnMap":{"1":{"name":"__GluwaPrizeDraw_init_unchained","line":51,"loc":{"start":{"line":47,"column":4},"end":{"line":56,"column":4}}},"2":{"name":"_randomNumber","line":58,"loc":{"start":{"line":58,"column":4},"end":{"line":77,"column":4}}},"3":{"name":"findMinMaxForDraw","line":79,"loc":{"start":{"line":79,"column":4},"end":{"line":95,"column":4}}},"4":{"name":"_findDrawWinner","line":97,"loc":{"start":{"line":97,"column":4},"end":{"line":108,"column":4}}},"5":{"name":"getDrawWinner","line":110,"loc":{"start":{"line":110,"column":4},"end":{"line":134,"column":4}}},"6":{"name":"_calculateDrawTime","line":136,"loc":{"start":{"line":136,"column":4},"end":{"line":184,"column":4}}},"7":{"name":"_createTicketForDeposit","line":186,"loc":{"start":{"line":186,"column":4},"end":{"line":199,"column":4}}},"8":{"name":"_createTicket","line":201,"loc":{"start":{"line":201,"column":4},"end":{"line":235,"column":4}}},"9":{"name":"_removeTicket","line":237,"loc":{"start":{"line":237,"column":4},"end":{"line":278,"column":4}}},"10":{"name":"_getTicket","line":280,"loc":{"start":{"line":280,"column":4},"end":{"line":294,"column":4}}},"11":{"name":"_getTicketIdentifierDetails","line":296,"loc":{"start":{"line":296,"column":4},"end":{"line":303,"column":4}}},"12":{"name":"getDrawDetails","line":305,"loc":{"start":{"line":305,"column":4},"end":{"line":319,"column":4}}}},"statementMap":{"1":{"start":{"line":52,"column":8},"end":{"line":52,"column":31}},"2":{"start":{"line":53,"column":8},"end":{"line":53,"column":35}},"3":{"start":{"line":54,"column":8},"end":{"line":54,"column":45}},"4":{"start":{"line":55,"column":8},"end":{"line":55,"column":57}},"5":{"start":{"line":63,"column":8},"end":{"line":63,"column":2485}},"6":{"start":{"line":76,"column":8},"end":{"line":76,"column":21}},"7":{"start":{"line":84,"column":8},"end":{"line":84,"column":72}},"8":{"start":{"line":85,"column":8},"end":{"line":85,"column":43}},"9":{"start":{"line":86,"column":8},"end":{"line":86,"column":43}},"10":{"start":{"line":87,"column":8},"end":{"line":87,"column":3176}},"11":{"start":{"line":88,"column":12},"end":{"line":88,"column":3243}},"12":{"start":{"line":89,"column":16},"end":{"line":89,"column":51}},"13":{"start":{"line":91,"column":12},"end":{"line":91,"column":3367}},"14":{"start":{"line":92,"column":16},"end":{"line":92,"column":51}},"15":{"start":{"line":101,"column":8},"end":{"line":101,"column":3630}},"16":{"start":{"line":105,"column":8},"end":{"line":105,"column":69}},"17":{"start":{"line":106,"column":8},"end":{"line":106,"column":75}},"18":{"start":{"line":107,"column":8},"end":{"line":107,"column":41}},"19":{"start":{"line":115,"column":8},"end":{"line":115,"column":4072}},"20":{"start":{"line":119,"column":8},"end":{"line":119,"column":4201}},"21":{"start":{"line":120,"column":12},"end":{"line":120,"column":4290}},"22":{"start":{"line":128,"column":16},"end":{"line":128,"column":4707}},"23":{"start":{"line":141,"column":8},"end":{"line":141,"column":5031}},"24":{"start":{"line":144,"column":8},"end":{"line":144,"column":29}},"25":{"start":{"line":145,"column":8},"end":{"line":145,"column":5176}},"26":{"start":{"line":150,"column":12},"end":{"line":150,"column":26}},"27":{"start":{"line":152,"column":8},"end":{"line":152,"column":5391}},"28":{"start":{"line":156,"column":8},"end":{"line":156,"column":5521}},"29":{"start":{"line":157,"column":12},"end":{"line":157,"column":5589}},"30":{"start":{"line":158,"column":16},"end":{"line":158,"column":38}},"31":{"start":{"line":160,"column":16},"end":{"line":160,"column":37}},"32":{"start":{"line":161,"column":16},"end":{"line":161,"column":37}},"33":{"start":{"line":163,"column":12},"end":{"line":163,"column":74}},"34":{"start":{"line":165,"column":12},"end":{"line":165,"column":60}},"35":{"start":{"line":167,"column":8},"end":{"line":167,"column":5948}},"36":{"start":{"line":168,"column":12},"end":{"line":168,"column":46}},"37":{"start":{"line":169,"column":12},"end":{"line":169,"column":34}},"38":{"start":{"line":171,"column":12},"end":{"line":171,"column":42}},"39":{"start":{"line":172,"column":12},"end":{"line":172,"column":50}},"40":{"start":{"line":175,"column":8},"end":{"line":175,"column":30}},"41":{"start":{"line":176,"column":8},"end":{"line":176,"column":6228}},"42":{"start":{"line":192,"column":8},"end":{"line":192,"column":6679}},"43":{"start":{"line":207,"column":8},"end":{"line":207,"column":50}},"44":{"start":{"line":208,"column":8},"end":{"line":208,"column":45}},"45":{"start":{"line":209,"column":8},"end":{"line":209,"column":46}},"46":{"start":{"line":210,"column":8},"end":{"line":210,"column":7241}},"47":{"start":{"line":212,"column":8},"end":{"line":212,"column":56}},"48":{"start":{"line":213,"column":8},"end":{"line":213,"column":7361}},"49":{"start":{"line":218,"column":8},"end":{"line":218,"column":55}},"50":{"start":{"line":219,"column":8},"end":{"line":219,"column":70}},"51":{"start":{"line":220,"column":8},"end":{"line":220,"column":51}},"52":{"start":{"line":221,"column":8},"end":{"line":221,"column":7715}},"53":{"start":{"line":224,"column":8},"end":{"line":224,"column":55}},"54":{"start":{"line":225,"column":8},"end":{"line":225,"column":59}},"55":{"start":{"line":226,"column":8},"end":{"line":226,"column":7944}},"56":{"start":{"line":233,"column":8},"end":{"line":233,"column":29}},"57":{"start":{"line":234,"column":8},"end":{"line":234,"column":19}},"58":{"start":{"line":243,"column":8},"end":{"line":243,"column":8330}},"59":{"start":{"line":244,"column":12},"end":{"line":244,"column":33}},"60":{"start":{"line":245,"column":12},"end":{"line":245,"column":8445}},"61":{"start":{"line":250,"column":16},"end":{"line":250,"column":8625}},"62":{"start":{"line":255,"column":16},"end":{"line":255,"column":8867}},"63":{"start":{"line":256,"column":20},"end":{"line":256,"column":68}},"64":{"start":{"line":257,"column":20},"end":{"line":257,"column":9007}},"65":{"start":{"line":262,"column":20},"end":{"line":262,"column":9278}},"66":{"start":{"line":267,"column":12},"end":{"line":267,"column":9423}},"67":{"start":{"line":268,"column":16},"end":{"line":268,"column":65}},"68":{"start":{"line":269,"column":16},"end":{"line":269,"column":9582}},"69":{"start":{"line":273,"column":16},"end":{"line":273,"column":71}},"70":{"start":{"line":274,"column":16},"end":{"line":274,"column":56}},"71":{"start":{"line":277,"column":8},"end":{"line":277,"column":19}},"72":{"start":{"line":290,"column":8},"end":{"line":290,"column":65}},"73":{"start":{"line":291,"column":8},"end":{"line":291,"column":73}},"74":{"start":{"line":292,"column":8},"end":{"line":292,"column":27}},"75":{"start":{"line":293,"column":8},"end":{"line":293,"column":27}},"76":{"start":{"line":301,"column":8},"end":{"line":301,"column":31}},"77":{"start":{"line":302,"column":8},"end":{"line":302,"column":40}},"78":{"start":{"line":315,"column":8},"end":{"line":315,"column":53}},"79":{"start":{"line":316,"column":8},"end":{"line":316,"column":52}},"80":{"start":{"line":317,"column":8},"end":{"line":317,"column":49}},"81":{"start":{"line":318,"column":8},"end":{"line":318,"column":56}}},"branchMap":{"1":{"line":88,"type":"if","locations":[{"start":{"line":88,"column":12},"end":{"line":88,"column":12}},{"start":{"line":88,"column":12},"end":{"line":88,"column":12}}]},"2":{"line":91,"type":"if","locations":[{"start":{"line":91,"column":12},"end":{"line":91,"column":12}},{"start":{"line":91,"column":12},"end":{"line":91,"column":12}}]},"3":{"line":101,"type":"if","locations":[{"start":{"line":101,"column":8},"end":{"line":101,"column":8}},{"start":{"line":101,"column":8},"end":{"line":101,"column":8}}]},"4":{"line":115,"type":"if","locations":[{"start":{"line":115,"column":8},"end":{"line":115,"column":8}},{"start":{"line":115,"column":8},"end":{"line":115,"column":8}}]},"5":{"line":120,"type":"if","locations":[{"start":{"line":120,"column":12},"end":{"line":120,"column":12}},{"start":{"line":120,"column":12},"end":{"line":120,"column":12}}]},"6":{"line":145,"type":"if","locations":[{"start":{"line":145,"column":8},"end":{"line":145,"column":8}},{"start":{"line":145,"column":8},"end":{"line":145,"column":8}}]},"7":{"line":156,"type":"if","locations":[{"start":{"line":156,"column":8},"end":{"line":156,"column":8}},{"start":{"line":156,"column":8},"end":{"line":156,"column":8}}]},"8":{"line":157,"type":"if","locations":[{"start":{"line":157,"column":12},"end":{"line":157,"column":12}},{"start":{"line":157,"column":12},"end":{"line":157,"column":12}}]},"9":{"line":167,"type":"if","locations":[{"start":{"line":167,"column":8},"end":{"line":167,"column":8}},{"start":{"line":167,"column":8},"end":{"line":167,"column":8}}]},"10":{"line":243,"type":"if","locations":[{"start":{"line":243,"column":8},"end":{"line":243,"column":8}},{"start":{"line":243,"column":8},"end":{"line":243,"column":8}}]},"11":{"line":255,"type":"if","locations":[{"start":{"line":255,"column":16},"end":{"line":255,"column":16}},{"start":{"line":255,"column":16},"end":{"line":255,"column":16}}]},"12":{"line":267,"type":"if","locations":[{"start":{"line":267,"column":12},"end":{"line":267,"column":12}},{"start":{"line":267,"column":12},"end":{"line":267,"column":12}}]}}},
"contracts/abstracts/IDepositableAccount.sol":{"l":{},"path":"/home/osboxes/prize-linked-account/contracts/abstracts/IDepositableAccount.sol","s":{},"b":{},"f":{},"fnMap":{},"statementMap":{},"branchMap":{}},
"contracts/abstracts/IERC20.sol":{"l":{},"path":"/home/osboxes/prize-linked-account/contracts/abstracts/IERC20.sol","s":{},"b":{},"f":{},"fnMap":{},"statementMap":{},"branchMap":{}},
"contracts/abstracts/VaultControl.sol":{"l":{"11":1,"12":1,"13":1,"18":0,"19":0,"24":6003,"25":6003,"30":0,"35":0,"40":6003,"45":0,"50":0,"55":0,"56":0,"57":0,"62":0},"path":"/home/osboxes/prize-linked-account/contracts/abstracts/VaultControl.sol","s":{"1":1,"2":1,"3":1,"4":0,"5":6003,"6":0,"7":0,"8":6003,"9":0,"10":0,"11":0,"12":0,"13":0,"14":0},"b":{"1":[0,0],"2":[6003,0]},"f":{"1":1,"2":0,"3":6003,"4":0,"5":0,"6":6003,"7":0,"8":0,"9":0,"10":0},"fnMap":{"1":{"name":"__VaultControl_Init","line":10,"loc":{"start":{"line":10,"column":4},"end":{"line":14,"column":4}}},"2":{"name":"onlyAdmin","line":17,"loc":{"start":{"line":17,"column":4},"end":{"line":20,"column":4}}},"3":{"name":"onlyOperator","line":23,"loc":{"start":{"line":23,"column":4},"end":{"line":26,"column":4}}},"4":{"name":"isAdmin","line":29,"loc":{"start":{"line":29,"column":4},"end":{"line":31,"column":4}}},"5":{"name":"addAdmin","line":34,"loc":{"start":{"line":34,"column":4},"end":{"line":36,"column":4}}},"6":{"name":"isOperator","line":39,"loc":{"start":{"line":39,"column":4},"end":{"line":41,"column":4}}},"7":{"name":"addOperator","line":44,"loc":{"start":{"line":44,"column":4},"end":{"line":46,"column":4}}},"8":{"name":"removeOperator","line":49,"loc":{"start":{"line":49,"column":4},"end":{"line":51,"column":4}}},"9":{"name":"renounceAdmin","line":54,"loc":{"start":{"line":54,"column":4},"end":{"line":58,"column":4}}},"10":{"name":"renounceOperator","line":61,"loc":{"start":{"line":61,"column":4},"end":{"line":63,"column":4}}}},"statementMap":{"1":{"start":{"line":11,"column":8},"end":{"line":11,"column":55}},"2":{"start":{"line":12,"column":8},"end":{"line":12,"column":46}},"3":{"start":{"line":13,"column":8},"end":{"line":13,"column":41}},"4":{"start":{"line":18,"column":8},"end":{"line":18,"column":62}},"5":{"start":{"line":24,"column":8},"end":{"line":24,"column":68}},"6":{"start":{"line":30,"column":8},"end":{"line":30,"column":51}},"7":{"start":{"line":35,"column":8},"end":{"line":35,"column":45}},"8":{"start":{"line":40,"column":8},"end":{"line":40,"column":46}},"9":{"start":{"line":45,"column":8},"end":{"line":45,"column":40}},"10":{"start":{"line":50,"column":8},"end":{"line":50,"column":41}},"11":{"start":{"line":55,"column":8},"end":{"line":55,"column":37}},"12":{"start":{"line":56,"column":8},"end":{"line":56,"column":47}},"13":{"start":{"line":57,"column":8},"end":{"line":57,"column":42}},"14":{"start":{"line":62,"column":8},"end":{"line":62,"column":48}}},"branchMap":{"1":{"line":18,"type":"if","locations":[{"start":{"line":18,"column":8},"end":{"line":18,"column":8}},{"start":{"line":18,"column":8},"end":{"line":18,"column":8}}]},"2":{"line":24,"type":"if","locations":[{"start":{"line":24,"column":8},"end":{"line":24,"column":8}},{"start":{"line":24,"column":8},"end":{"line":24,"column":8}}]}}},
"contracts/libs/AccessControl.sol":{"l":{"42":0,"80":0,"81":0,"89":6003,"97":0,"113":0,"123":0,"137":0,"139":0,"152":0,"154":0,"172":0,"174":0,"194":2,"201":1,"205":2,"206":2,"211":0,"212":0},"path":"/home/osboxes/prize-linked-account/contracts/libs/AccessControl.sol","s":{"1":0,"2":0,"3":6003,"4":0,"5":0,"6":0,"7":0,"8":0,"9":0,"10":0,"11":0,"12":0,"13":2,"14":1,"15":2,"16":2,"17":0,"18":0},"b":{"1":[0,0],"2":[0,0],"3":[0,0],"4":[0,0],"5":[2,0],"6":[0,0]},"f":{"1":0,"2":0,"3":0,"4":6003,"5":0,"6":0,"7":0,"8":0,"9":0,"10":0,"11":2,"12":1,"13":2,"14":0},"fnMap":{"1":{"name":"__AccessControl_init","line":41,"loc":{"start":{"line":41,"column":4},"end":{"line":43,"column":4}}},"2":{"name":"__AccessControl_init_unchained","line":45,"loc":{"start":{"line":45,"column":4},"end":{"line":47,"column":4}}},"3":{"name":"onlyAdmin","line":79,"loc":{"start":{"line":79,"column":4},"end":{"line":82,"column":4}}},"4":{"name":"hasRole","line":88,"loc":{"start":{"line":88,"column":4},"end":{"line":90,"column":4}}},"5":{"name":"getRoleMemberCount","line":96,"loc":{"start":{"line":96,"column":4},"end":{"line":98,"column":4}}},"6":{"name":"getRoleMember","line":112,"loc":{"start":{"line":112,"column":4},"end":{"line":114,"column":4}}},"7":{"name":"getRoleAdmin","line":122,"loc":{"start":{"line":122,"column":4},"end":{"line":124,"column":4}}},"8":{"name":"grantRole","line":136,"loc":{"start":{"line":136,"column":4},"end":{"line":140,"column":4}}},"9":{"name":"revokeRole","line":151,"loc":{"start":{"line":151,"column":4},"end":{"line":155,"column":4}}},"10":{"name":"renounceRole","line":171,"loc":{"start":{"line":171,"column":4},"end":{"line":175,"column":4}}},"11":{"name":"_setupRole","line":193,"loc":{"start":{"line":193,"column":4},"end":{"line":195,"column":4}}},"12":{"name":"_setRoleAdmin","line":200,"loc":{"start":{"line":200,"column":4},"end":{"line":202,"column":4}}},"13":{"name":"_grantRole","line":204,"loc":{"start":{"line":204,"column":4},"end":{"line":208,"column":4}}},"14":{"name":"_revokeRole","line":210,"loc":{"start":{"line":210,"column":4},"end":{"line":214,"column":4}}}},"statementMap":{"1":{"start":{"line":42,"column":8},"end":{"line":42,"column":39}},"2":{"start":{"line":80,"column":8},"end":{"line":80,"column":124}},"3":{"start":{"line":89,"column":8},"end":{"line":89,"column":53}},"4":{"start":{"line":97,"column":8},"end":{"line":97,"column":44}},"5":{"start":{"line":113,"column":8},"end":{"line":113,"column":45}},"6":{"start":{"line":123,"column":8},"end":{"line":123,"column":37}},"7":{"start":{"line":137,"column":8},"end":{"line":137,"column":112}},"8":{"start":{"line":139,"column":8},"end":{"line":139,"column":32}},"9":{"start":{"line":152,"column":8},"end":{"line":152,"column":113}},"10":{"start":{"line":154,"column":8},"end":{"line":154,"column":33}},"11":{"start":{"line":172,"column":8},"end":{"line":172,"column":90}},"12":{"start":{"line":174,"column":8},"end":{"line":174,"column":33}},"13":{"start":{"line":194,"column":8},"end":{"line":194,"column":32}},"14":{"start":{"line":201,"column":8},"end":{"line":201,"column":41}},"15":{"start":{"line":205,"column":8},"end":{"line":205,"column":6762}},"16":{"start":{"line":206,"column":12},"end":{"line":206,"column":57}},"17":{"start":{"line":211,"column":8},"end":{"line":211,"column":6953}},"18":{"start":{"line":212,"column":12},"end":{"line":212,"column":57}}},"branchMap":{"1":{"line":80,"type":"if","locations":[{"start":{"line":80,"column":8},"end":{"line":80,"column":8}},{"start":{"line":80,"column":8},"end":{"line":80,"column":8}}]},"2":{"line":137,"type":"if","locations":[{"start":{"line":137,"column":8},"end":{"line":137,"column":8}},{"start":{"line":137,"column":8},"end":{"line":137,"column":8}}]},"3":{"line":152,"type":"if","locations":[{"start":{"line":152,"column":8},"end":{"line":152,"column":8}},{"start":{"line":152,"column":8},"end":{"line":152,"column":8}}]},"4":{"line":172,"type":"if","locations":[{"start":{"line":172,"column":8},"end":{"line":172,"column":8}},{"start":{"line":172,"column":8},"end":{"line":172,"column":8}}]},"5":{"line":205,"type":"if","locations":[{"start":{"line":205,"column":8},"end":{"line":205,"column":8}},{"start":{"line":205,"column":8},"end":{"line":205,"column":8}}]},"6":{"line":211,"type":"if","locations":[{"start":{"line":211,"column":8},"end":{"line":211,"column":8}},{"start":{"line":211,"column":8},"end":{"line":211,"column":8}}]}}},
"contracts/libs/Address.sol":{"l":{"23":0,"25":0,"26":0,"35":0,"57":0,"60":0,"61":0},"path":"/home/osboxes/prize-linked-account/contracts/libs/Address.sol","s":{"1":0,"2":0,"3":0,"4":0,"5":0,"6":0},"b":{"1":[0,0],"2":[0,0]},"f":{"1":0,"2":0,"3":0},"fnMap":{"1":{"name":"isContract","line":18,"loc":{"start":{"line":18,"column":5},"end":{"line":27,"column":4}}},"2":{"name":"toPayable","line":34,"loc":{"start":{"line":34,"column":4},"end":{"line":36,"column":4}}},"3":{"name":"sendValue","line":56,"loc":{"start":{"line":56,"column":4},"end":{"line":62,"column":4}}}},"statementMap":{"1":{"start":{"line":23,"column":8},"end":{"line":23,"column":20}},"2":{"start":{"line":26,"column":8},"end":{"line":26,"column":23}},"3":{"start":{"line":35,"column":8},"end":{"line":35,"column":40}},"4":{"start":{"line":57,"column":8},"end":{"line":57,"column":80}},"5":{"start":{"line":60,"column":8},"end":{"line":60,"column":59}},"6":{"start":{"line":61,"column":8},"end":{"line":61,"column":85}}},"branchMap":{"1":{"line":57,"type":"if","locations":[{"start":{"line":57,"column":8},"end":{"line":57,"column":8}},{"start":{"line":57,"column":8},"end":{"line":57,"column":8}}]},"2":{"line":61,"type":"if","locations":[{"start":{"line":61,"column":8},"end":{"line":61,"column":8}},{"start":{"line":61,"column":8},"end":{"line":61,"column":8}}]}}},
"contracts/libs/DateTimeModel.sol":{"l":{"25":0,"32":12004,"33":12004,"37":3001,"38":3001,"41":3001,"46":3001,"47":0,"48":0,"50":0,"52":0,"54":6002,"62":3001,"63":0,"64":3001,"66":3001,"68":3001,"73":3001,"77":3001,"81":6002,"92":3001,"93":3001,"94":3001,"95":3001,"97":3001,"98":156052,"99":39013,"100":117039,"102":3001,"106":3001,"107":3001,"108":0,"109":3001,"111":3001,"113":3001,"114":3001,"115":3001,"116":3001,"117":3001,"118":3001,"119":3001,"120":3001,"121":3001,"122":3001,"124":0,"125":0,"134":3001,"135":3001,"137":3001,"142":3001,"143":3001,"144":3001,"145":3001,"146":3001,"147":3001,"148":3001,"149":3001,"150":3001,"152":0,"155":3001,"156":27431,"157":3001,"158":3001,"160":24430,"163":3001,"164":3001,"165":3001},"path":"/home/osboxes/prize-linked-account/contracts/libs/DateTimeModel.sol","s":{"1":0,"2":12004,"3":12004,"4":3001,"5":3001,"6":3001,"7":3001,"8":0,"9":0,"10":0,"11":3001,"12":6002,"13":3001,"14":0,"15":0,"16":0,"17":3001,"18":3001,"19":3001,"20":3001,"21":3001,"22":6002,"23":3001,"24":3001,"25":3001,"26":3001,"27":156052,"28":39013,"29":39013,"30":117039,"31":3001,"32":3001,"33":0,"34":0,"35":3001,"36":3001,"37":3001,"38":3001,"39":3001,"40":3001,"41":3001,"42":3001,"43":3001,"44":3001,"45":3001,"46":0,"47":0,"48":0,"49":3001,"50":3001,"51":3001,"52":3001,"53":3001,"54":3001,"55":3001,"56":3001,"57":3001,"58":3001,"59":3001,"60":0,"61":3001,"62":27431,"63":3001,"64":24430,"65":3001,"66":3001,"67":3001},"b":{"1":[0,0],"2":[0,3001],"3":[0,3001],"4":[3001,3001],"5":[117039,3001],"6":[3001,3001],"7":[3001,0],"8":[3001,24430]},"f":{"1":0,"2":12004,"3":3001,"4":3001,"5":3001,"6":3001,"7":6002,"8":3001,"9":3001},"fnMap":{"1":{"name":"isLeapYear","line":24,"loc":{"start":{"line":24,"column":4},"end":{"line":26,"column":4}}},"2":{"name":"getTotalLeapYearBefore","line":31,"loc":{"start":{"line":31,"column":4},"end":{"line":34,"column":4}}},"3":{"name":"getYear","line":36,"loc":{"start":{"line":36,"column":4},"end":{"line":55,"column":4}}},"4":{"name":"getDaysInMonth","line":57,"loc":{"start":{"line":57,"column":4},"end":{"line":70,"column":4}}},"5":{"name":"getHour","line":72,"loc":{"start":{"line":72,"column":4},"end":{"line":74,"column":4}}},"6":{"name":"getMinute","line":76,"loc":{"start":{"line":76,"column":4},"end":{"line":78,"column":4}}},"7":{"name":"getSecond","line":80,"loc":{"start":{"line":80,"column":4},"end":{"line":82,"column":4}}},"8":{"name":"toTimeStamp","line":84,"loc":{"start":{"line":84,"column":4},"end":{"line":127,"column":4}}},"9":{"name":"toDateTime","line":129,"loc":{"start":{"line":129,"column":4},"end":{"line":166,"column":4}}}},"statementMap":{"1":{"start":{"line":25,"column":8},"end":{"line":25,"column":68}},"2":{"start":{"line":32,"column":8},"end":{"line":32,"column":16}},"3":{"start":{"line":33,"column":8},"end":{"line":33,"column":57}},"4":{"start":{"line":37,"column":8},"end":{"line":37,"column":62}},"5":{"start":{"line":38,"column":8},"end":{"line":38,"column":1363}},"6":{"start":{"line":41,"column":8},"end":{"line":41,"column":1456}},"7":{"start":{"line":46,"column":8},"end":{"line":46,"column":1600}},"8":{"start":{"line":47,"column":12},"end":{"line":47,"column":1651}},"9":{"start":{"line":48,"column":16},"end":{"line":48,"column":50}},"10":{"start":{"line":50,"column":16},"end":{"line":50,"column":45}},"11":{"start":{"line":52,"column":12},"end":{"line":52,"column":20}},"12":{"start":{"line":54,"column":8},"end":{"line":54,"column":27}},"13":{"start":{"line":62,"column":8},"end":{"line":62,"column":2001}},"14":{"start":{"line":63,"column":12},"end":{"line":63,"column":43}},"15":{"start":{"line":63,"column":34},"end":{"line":63,"column":43}},"16":{"start":{"line":64,"column":12},"end":{"line":64,"column":21}},"17":{"start":{"line":65,"column":15},"end":{"line":65,"column":2102}},"18":{"start":{"line":66,"column":12},"end":{"line":66,"column":21}},"19":{"start":{"line":68,"column":12},"end":{"line":68,"column":21}},"20":{"start":{"line":73,"column":8},"end":{"line":73,"column":45}},"21":{"start":{"line":77,"column":8},"end":{"line":77,"column":43}},"22":{"start":{"line":81,"column":8},"end":{"line":81,"column":36}},"23":{"start":{"line":92,"column":8},"end":{"line":92,"column":25}},"24":{"start":{"line":93,"column":8},"end":{"line":93,"column":47}},"25":{"start":{"line":94,"column":8},"end":{"line":94,"column":43}},"26":{"start":{"line":95,"column":8},"end":{"line":95,"column":45}},"27":{"start":{"line":97,"column":8},"end":{"line":97,"column":16}},"28":{"start":{"line":98,"column":8},"end":{"line":98,"column":3005}},"29":{"start":{"line":99,"column":12},"end":{"line":99,"column":3059}},"30":{"start":{"line":100,"column":16},"end":{"line":100,"column":47}},"31":{"start":{"line":102,"column":16},"end":{"line":102,"column":42}},"32":{"start":{"line":106,"column":8},"end":{"line":106,"column":39}},"33":{"start":{"line":107,"column":8},"end":{"line":107,"column":29}},"34":{"start":{"line":108,"column":8},"end":{"line":108,"column":3298}},"35":{"start":{"line":109,"column":12},"end":{"line":109,"column":33}},"36":{"start":{"line":111,"column":12},"end":{"line":111,"column":33}},"37":{"start":{"line":113,"column":8},"end":{"line":113,"column":29}},"38":{"start":{"line":114,"column":8},"end":{"line":114,"column":29}},"39":{"start":{"line":115,"column":8},"end":{"line":115,"column":29}},"40":{"start":{"line":116,"column":8},"end":{"line":116,"column":29}},"41":{"start":{"line":117,"column":8},"end":{"line":117,"column":29}},"42":{"start":{"line":118,"column":8},"end":{"line":118,"column":29}},"43":{"start":{"line":119,"column":8},"end":{"line":119,"column":29}},"44":{"start":{"line":120,"column":8},"end":{"line":120,"column":29}},"45":{"start":{"line":121,"column":8},"end":{"line":121,"column":30}},"46":{"start":{"line":122,"column":8},"end":{"line":122,"column":30}},"47":{"start":{"line":124,"column":8},"end":{"line":124,"column":3752}},"48":{"start":{"line":125,"column":12},"end":{"line":125,"column":57}},"49":{"start":{"line":134,"column":8},"end":{"line":134,"column":41}},"50":{"start":{"line":135,"column":8},"end":{"line":135,"column":4075}},"51":{"start":{"line":137,"column":8},"end":{"line":137,"column":4176}},"52":{"start":{"line":142,"column":8},"end":{"line":142,"column":35}},"53":{"start":{"line":143,"column":8},"end":{"line":143,"column":25}},"54":{"start":{"line":144,"column":8},"end":{"line":144,"column":15}},"55":{"start":{"line":145,"column":8},"end":{"line":145,"column":4410}},"56":{"start":{"line":146,"column":12},"end":{"line":146,"column":57}},"57":{"start":{"line":147,"column":12},"end":{"line":147,"column":60}},"58":{"start":{"line":148,"column":12},"end":{"line":148,"column":4577}},"59":{"start":{"line":149,"column":16},"end":{"line":149,"column":33}},"60":{"start":{"line":152,"column":12},"end":{"line":152,"column":46}},"61":{"start":{"line":155,"column":8},"end":{"line":155,"column":4768}},"62":{"start":{"line":156,"column":12},"end":{"line":156,"column":4821}},"63":{"start":{"line":157,"column":16},"end":{"line":157,"column":31}},"64":{"start":{"line":160,"column":12},"end":{"line":160,"column":40}},"65":{"start":{"line":163,"column":8},"end":{"line":163,"column":41}},"66":{"start":{"line":164,"column":8},"end":{"line":164,"column":45}},"67":{"start":{"line":165,"column":8},"end":{"line":165,"column":45}}},"branchMap":{"1":{"line":47,"type":"if","locations":[{"start":{"line":47,"column":12},"end":{"line":47,"column":12}},{"start":{"line":47,"column":12},"end":{"line":47,"column":12}}]},"2":{"line":62,"type":"if","locations":[{"start":{"line":62,"column":8},"end":{"line":62,"column":8}},{"start":{"line":62,"column":8},"end":{"line":62,"column":8}}]},"3":{"line":63,"type":"if","locations":[{"start":{"line":63,"column":12},"end":{"line":63,"column":12}},{"start":{"line":63,"column":12},"end":{"line":63,"column":12}}]},"4":{"line":65,"type":"if","locations":[{"start":{"line":65,"column":15},"end":{"line":65,"column":15}},{"start":{"line":65,"column":15},"end":{"line":65,"column":15}}]},"5":{"line":99,"type":"if","locations":[{"start":{"line":99,"column":12},"end":{"line":99,"column":12}},{"start":{"line":99,"column":12},"end":{"line":99,"column":12}}]},"6":{"line":108,"type":"if","locations":[{"start":{"line":108,"column":8},"end":{"line":108,"column":8}},{"start":{"line":108,"column":8},"end":{"line":108,"column":8}}]},"7":{"line":148,"type":"if","locations":[{"start":{"line":148,"column":12},"end":{"line":148,"column":12}},{"start":{"line":148,"column":12},"end":{"line":148,"column":12}}]},"8":{"line":156,"type":"if","locations":[{"start":{"line":156,"column":12},"end":{"line":156,"column":12}},{"start":{"line":156,"column":12},"end":{"line":156,"column":12}}]}}},
"contracts/libs/DrawTicketModel.sol":{"l":{},"path":"/home/osboxes/prize-linked-account/contracts/libs/DrawTicketModel.sol","s":{},"b":{},"f":{},"fnMap":{},"statementMap":{},"branchMap":{}},
"contracts/libs/EnumerableSet.sol":{"l":{"53":2,"54":2,"57":2,"58":2,"60":0,"72":0,"74":0,"79":0,"80":0,"85":0,"88":0,"90":0,"93":0,"96":0,"98":0,"100":0,"108":6005,"115":0,"129":0,"130":0,"146":2,"156":0,"163":6003,"170":0,"184":0,"201":0,"211":0,"218":0,"225":0,"239":0},"path":"/home/osboxes/prize-linked-account/contracts/libs/EnumerableSet.sol","s":{"1":2,"2":2,"3":2,"4":2,"5":0,"6":0,"7":0,"8":0,"9":0,"10":0,"11":0,"12":0,"13":0,"14":0,"15":0,"16":6005,"17":0,"18":0,"19":0,"20":2,"21":0,"22":6003,"23":0,"24":0,"25":0,"26":0,"27":0,"28":0,"29":0},"b":{"1":[2,0],"2":[0,0],"3":[0,0]},"f":{"1":2,"2":0,"3":6005,"4":0,"5":0,"6":2,"7":0,"8":6003,"9":0,"10":0,"11":0,"12":0,"13":0,"14":0,"15":0},"fnMap":{"1":{"name":"_add","line":52,"loc":{"start":{"line":52,"column":4},"end":{"line":62,"column":4}}},"2":{"name":"_remove","line":70,"loc":{"start":{"line":70,"column":4},"end":{"line":102,"column":4}}},"3":{"name":"_contains","line":107,"loc":{"start":{"line":107,"column":4},"end":{"line":109,"column":4}}},"4":{"name":"_length","line":114,"loc":{"start":{"line":114,"column":4},"end":{"line":116,"column":4}}},"5":{"name":"_at","line":128,"loc":{"start":{"line":128,"column":4},"end":{"line":131,"column":4}}},"6":{"name":"add","line":145,"loc":{"start":{"line":145,"column":4},"end":{"line":147,"column":4}}},"7":{"name":"remove","line":155,"loc":{"start":{"line":155,"column":4},"end":{"line":157,"column":4}}},"8":{"name":"contains","line":162,"loc":{"start":{"line":162,"column":4},"end":{"line":164,"column":4}}},"9":{"name":"length","line":169,"loc":{"start":{"line":169,"column":4},"end":{"line":171,"column":4}}},"10":{"name":"at","line":183,"loc":{"start":{"line":183,"column":4},"end":{"line":185,"column":4}}},"11":{"name":"add","line":200,"loc":{"start":{"line":200,"column":4},"end":{"line":202,"column":4}}},"12":{"name":"remove","line":210,"loc":{"start":{"line":210,"column":4},"end":{"line":212,"column":4}}},"13":{"name":"contains","line":217,"loc":{"start":{"line":217,"column":4},"end":{"line":219,"column":4}}},"14":{"name":"length","line":224,"loc":{"start":{"line":224,"column":4},"end":{"line":226,"column":4}}},"15":{"name":"at","line":238,"loc":{"start":{"line":238,"column":4},"end":{"line":240,"column":4}}}},"statementMap":{"1":{"start":{"line":53,"column":8},"end":{"line":53,"column":1666}},"2":{"start":{"line":54,"column":12},"end":{"line":54,"column":34}},"3":{"start":{"line":57,"column":12},"end":{"line":57,"column":51}},"4":{"start":{"line":58,"column":12},"end":{"line":58,"column":23}},"5":{"start":{"line":60,"column":12},"end":{"line":60,"column":24}},"6":{"start":{"line":72,"column":8},"end":{"line":72,"column":48}},"7":{"start":{"line":74,"column":8},"end":{"line":74,"column":2392}},"8":{"start":{"line":79,"column":12},"end":{"line":79,"column":50}},"9":{"start":{"line":80,"column":12},"end":{"line":80,"column":54}},"10":{"start":{"line":85,"column":12},"end":{"line":85,"column":54}},"11":{"start":{"line":88,"column":12},"end":{"line":88,"column":49}},"12":{"start":{"line":90,"column":12},"end":{"line":90,"column":54}},"13":{"start":{"line":93,"column":12},"end":{"line":93,"column":28}},"14":{"start":{"line":98,"column":12},"end":{"line":98,"column":23}},"15":{"start":{"line":100,"column":12},"end":{"line":100,"column":24}},"16":{"start":{"line":108,"column":8},"end":{"line":108,"column":39}},"17":{"start":{"line":115,"column":8},"end":{"line":115,"column":33}},"18":{"start":{"line":129,"column":8},"end":{"line":129,"column":80}},"19":{"start":{"line":130,"column":8},"end":{"line":130,"column":33}},"20":{"start":{"line":146,"column":8},"end":{"line":146,"column":56}},"21":{"start":{"line":156,"column":8},"end":{"line":156,"column":59}},"22":{"start":{"line":163,"column":8},"end":{"line":163,"column":61}},"23":{"start":{"line":170,"column":8},"end":{"line":170,"column":34}},"24":{"start":{"line":184,"column":8},"end":{"line":184,"column":55}},"25":{"start":{"line":201,"column":8},"end":{"line":201,"column":47}},"26":{"start":{"line":211,"column":8},"end":{"line":211,"column":50}},"27":{"start":{"line":218,"column":8},"end":{"line":218,"column":52}},"28":{"start":{"line":225,"column":8},"end":{"line":225,"column":34}},"29":{"start":{"line":239,"column":8},"end":{"line":239,"column":46}}},"branchMap":{"1":{"line":53,"type":"if","locations":[{"start":{"line":53,"column":8},"end":{"line":53,"column":8}},{"start":{"line":53,"column":8},"end":{"line":53,"column":8}}]},"2":{"line":74,"type":"if","locations":[{"start":{"line":74,"column":8},"end":{"line":74,"column":8}},{"start":{"line":74,"column":8},"end":{"line":74,"column":8}}]},"3":{"line":129,"type":"if","locations":[{"start":{"line":129,"column":8},"end":{"line":129,"column":8}},{"start":{"line":129,"column":8},"end":{"line":129,"column":8}}]}}},
"contracts/libs/GluwaAccountModel.sol":{"l":{"51":3000,"59":0},"path":"/home/osboxes/prize-linked-account/contracts/libs/GluwaAccountModel.sol","s":{"1":3000,"2":0},"b":{},"f":{"1":3000,"2":0},"fnMap":{"1":{"name":"generateDepositHash","line":45,"loc":{"start":{"line":45,"column":4},"end":{"line":52,"column":4}}},"2":{"name":"generateAccountHash","line":54,"loc":{"start":{"line":54,"column":4},"end":{"line":68,"column":4}}}},"statementMap":{"1":{"start":{"line":51,"column":8},"end":{"line":51,"column":79}},"2":{"start":{"line":59,"column":8},"end":{"line":59,"column":1439}}},"branchMap":{}},
"contracts/libs/HashMapIndex.sol":{"l":{"23":6001,"24":6001,"25":6001,"39":0},"path":"/home/osboxes/prize-linked-account/contracts/libs/HashMapIndex.sol","s":{"1":6001,"2":0},"b":{},"f":{"1":6001,"2":0},"fnMap":{"1":{"name":"add","line":22,"loc":{"start":{"line":22,"column":4},"end":{"line":26,"column":4}}},"2":{"name":"get","line":34,"loc":{"start":{"line":34,"column":4},"end":{"line":40,"column":4}}}},"statementMap":{"1":{"start":{"line":23,"column":8},"end":{"line":23,"column":43}},"2":{"start":{"line":39,"column":8},"end":{"line":39,"column":35}}},"branchMap":{}},
"contracts/libs/SimpleIndex.sol":{"l":{"20":3001,"28":0},"path":"/home/osboxes/prize-linked-account/contracts/libs/SimpleIndex.sol","s":{"1":0},"b":{},"f":{"1":3001,"2":0},"fnMap":{"1":{"name":"add","line":19,"loc":{"start":{"line":19,"column":4},"end":{"line":21,"column":4}}},"2":{"name":"set","line":27,"loc":{"start":{"line":27,"column":4},"end":{"line":29,"column":4}}}},"statementMap":{"1":{"start":{"line":28,"column":8},"end":{"line":28,"column":26}}},"branchMap":{}},
"contracts/libs/UintArrayUtil.sol":{"l":{"6":0,"8":0,"9":0,"11":0,"16":0,"17":0,"18":0,"19":0,"20":0,"22":0,"23":0,"25":0,"30":0},"path":"/home/osboxes/prize-linked-account/contracts/libs/UintArrayUtil.sol","s":{"1":0,"2":0,"3":0,"4":0,"5":0,"6":0,"7":0,"8":0,"9":0,"10":0,"11":0,"12":0},"b":{"1":[0,0],"2":[0,0],"3":[0,0]},"f":{"1":0,"2":0,"3":0},"fnMap":{"1":{"name":"removeByIndex","line":5,"loc":{"start":{"line":5,"column":4},"end":{"line":12,"column":4}}},"2":{"name":"removeByValue","line":15,"loc":{"start":{"line":15,"column":4},"end":{"line":26,"column":4}}},"3":{"name":"add","line":29,"loc":{"start":{"line":29,"column":4},"end":{"line":31,"column":4}}}},"statementMap":{"1":{"start":{"line":6,"column":8},"end":{"line":6,"column":40}},"2":{"start":{"line":6,"column":34},"end":{"line":6,"column":40}},"3":{"start":{"line":8,"column":8},"end":{"line":8,"column":258}},"4":{"start":{"line":9,"column":12},"end":{"line":9,"column":32}},"5":{"start":{"line":16,"column":8},"end":{"line":16,"column":36}},"6":{"start":{"line":16,"column":30},"end":{"line":16,"column":36}},"7":{"start":{"line":17,"column":8},"end":{"line":17,"column":21}},"8":{"start":{"line":18,"column":8},"end":{"line":18,"column":594}},"9":{"start":{"line":19,"column":12},"end":{"line":19,"column":658}},"10":{"start":{"line":20,"column":16},"end":{"line":20,"column":24}},"11":{"start":{"line":22,"column":12},"end":{"line":22,"column":28}},"12":{"start":{"line":30,"column":8},"end":{"line":30,"column":21}}},"branchMap":{"1":{"line":6,"type":"if","locations":[{"start":{"line":6,"column":8},"end":{"line":6,"column":8}},{"start":{"line":6,"column":8},"end":{"line":6,"column":8}}]},"2":{"line":16,"type":"if","locations":[{"start":{"line":16,"column":8},"end":{"line":16,"column":8}},{"start":{"line":16,"column":8},"end":{"line":16,"column":8}}]},"3":{"line":19,"type":"if","locations":[{"start":{"line":19,"column":12},"end":{"line":19,"column":12}},{"start":{"line":19,"column":12},"end":{"line":19,"column":12}}]}}},
"contracts/libs/Validate.sol":{"l":{"18":0,"20":0,"21":0,"23":0},"path":"/home/osboxes/prize-linked-account/contracts/libs/Validate.sol","s":{"1":0,"2":0,"3":0,"4":0},"b":{"1":[0,0]},"f":{"1":0},"fnMap":{"1":{"name":"validateSignature","line":17,"loc":{"start":{"line":17,"column":4},"end":{"line":24,"column":4}}}},"statementMap":{"1":{"start":{"line":18,"column":8},"end":{"line":18,"column":59}},"2":{"start":{"line":20,"column":8},"end":{"line":20,"column":49}},"3":{"start":{"line":21,"column":8},"end":{"line":21,"column":63}},"4":{"start":{"line":23,"column":8},"end":{"line":23,"column":19}}},"branchMap":{"1":{"line":21,"type":"if","locations":[{"start":{"line":21,"column":8},"end":{"line":21,"column":8}},{"start":{"line":21,"column":8},"end":{"line":21,"column":8}}]}}},
"contracts/mocks/ExtendedERC20.sol":{"l":{"35":0,"36":0,"37":0,"45":0,"53":0,"70":0,"77":0,"84":0,"96":0,"97":0,"104":0,"115":0,"116":0,"132":0,"134":0,"135":0,"136":0,"138":0,"154":0,"155":0,"173":0,"174":0,"175":0,"177":0,"195":0,"196":0,"198":0,"200":0,"201":0,"202":0,"203":0,"205":0,"218":0,"220":0,"222":0,"223":0,"225":0,"240":0,"242":0,"244":0,"245":0,"246":0,"247":0,"249":0,"266":0,"267":0,"269":0,"270":0,"280":0,"281":0,"283":0,"284":0,"286":0},"path":"/home/osboxes/prize-linked-account/contracts/mocks/ExtendedERC20.sol","s":{"1":0,"2":0,"3":0,"4":0,"5":0,"6":0,"7":0,"8":0,"9":0,"10":0,"11":0,"12":0,"13":0,"14":0,"15":0,"16":0,"17":0,"18":0,"19":0,"20":0,"21":0,"22":0,"23":0,"24":0,"25":0,"26":0,"27":0,"28":0,"29":0,"30":0,"31":0,"32":0,"33":0,"34":0,"35":0,"36":0,"37":0,"38":0,"39":0,"40":0,"41":0,"42":0,"43":0,"44":0,"45":0,"46":0,"47":0,"48":0,"49":0,"50":0,"51":0,"52":0,"53":0},"b":{"1":[0,0],"2":[0,0],"3":[0,0],"4":[0,0],"5":[0,0],"6":[0,0],"7":[0,0],"8":[0,0],"9":[0,0],"10":[0,0],"11":[0,0]},"f":{"1":0,"2":0,"3":0,"4":0,"5":0,"6":0,"7":0,"8":0,"9":0,"10":0,"11":0,"12":0,"13":0,"14":0,"15":0,"16":0,"17":0,"18":0},"fnMap":{"1":{"name":"_ExtendedERC20_init","line":34,"loc":{"start":{"line":34,"column":4},"end":{"line":38,"column":4}}},"2":{"name":"name","line":44,"loc":{"start":{"line":44,"column":4},"end":{"line":46,"column":4}}},"3":{"name":"symbol","line":52,"loc":{"start":{"line":52,"column":4},"end":{"line":54,"column":4}}},"4":{"name":"decimals","line":69,"loc":{"start":{"line":69,"column":4},"end":{"line":71,"column":4}}},"5":{"name":"totalSupply","line":76,"loc":{"start":{"line":76,"column":4},"end":{"line":78,"column":4}}},"6":{"name":"balanceOf","line":83,"loc":{"start":{"line":83,"column":4},"end":{"line":85,"column":4}}},"7":{"name":"transfer","line":95,"loc":{"start":{"line":95,"column":4},"end":{"line":98,"column":4}}},"8":{"name":"allowance","line":103,"loc":{"start":{"line":103,"column":4},"end":{"line":105,"column":4}}},"9":{"name":"approve","line":114,"loc":{"start":{"line":114,"column":4},"end":{"line":117,"column":4}}},"10":{"name":"transferFrom","line":131,"loc":{"start":{"line":131,"column":4},"end":{"line":139,"column":4}}},"11":{"name":"increaseAllowance","line":153,"loc":{"start":{"line":153,"column":4},"end":{"line":156,"column":4}}},"12":{"name":"decreaseAllowance","line":172,"loc":{"start":{"line":172,"column":4},"end":{"line":178,"column":4}}},"13":{"name":"_transfer","line":194,"loc":{"start":{"line":194,"column":4},"end":{"line":206,"column":4}}},"14":{"name":"_mint","line":217,"loc":{"start":{"line":217,"column":4},"end":{"line":226,"column":4}}},"15":{"name":"_burn","line":239,"loc":{"start":{"line":239,"column":4},"end":{"line":250,"column":4}}},"16":{"name":"_approve","line":265,"loc":{"start":{"line":265,"column":4},"end":{"line":271,"column":4}}},"17":{"name":"_burnFrom","line":279,"loc":{"start":{"line":279,"column":4},"end":{"line":287,"column":4}}},"18":{"name":"_beforeTokenTransfer","line":292,"loc":{"start":{"line":292,"column":4},"end":{"line":294,"column":4}}}},"statementMap":{"1":{"start":{"line":35,"column":8},"end":{"line":35,"column":19}},"2":{"start":{"line":36,"column":8},"end":{"line":36,"column":23}},"3":{"start":{"line":37,"column":8},"end":{"line":37,"column":27}},"4":{"start":{"line":45,"column":8},"end":{"line":45,"column":20}},"5":{"start":{"line":53,"column":8},"end":{"line":53,"column":22}},"6":{"start":{"line":70,"column":8},"end":{"line":70,"column":24}},"7":{"start":{"line":77,"column":8},"end":{"line":77,"column":27}},"8":{"start":{"line":84,"column":8},"end":{"line":84,"column":33}},"9":{"start":{"line":96,"column":8},"end":{"line":96,"column":49}},"10":{"start":{"line":97,"column":8},"end":{"line":97,"column":19}},"11":{"start":{"line":104,"column":8},"end":{"line":104,"column":42}},"12":{"start":{"line":115,"column":8},"end":{"line":115,"column":46}},"13":{"start":{"line":116,"column":8},"end":{"line":116,"column":19}},"14":{"start":{"line":132,"column":8},"end":{"line":132,"column":43}},"15":{"start":{"line":134,"column":8},"end":{"line":134,"column":68}},"16":{"start":{"line":135,"column":8},"end":{"line":135,"column":86}},"17":{"start":{"line":136,"column":8},"end":{"line":136,"column":64}},"18":{"start":{"line":138,"column":8},"end":{"line":138,"column":19}},"19":{"start":{"line":154,"column":8},"end":{"line":154,"column":87}},"20":{"start":{"line":155,"column":8},"end":{"line":155,"column":19}},"21":{"start":{"line":173,"column":8},"end":{"line":173,"column":69}},"22":{"start":{"line":174,"column":8},"end":{"line":174,"column":92}},"23":{"start":{"line":175,"column":8},"end":{"line":175,"column":74}},"24":{"start":{"line":177,"column":8},"end":{"line":177,"column":19}},"25":{"start":{"line":195,"column":8},"end":{"line":195,"column":77}},"26":{"start":{"line":196,"column":8},"end":{"line":196,"column":78}},"27":{"start":{"line":198,"column":8},"end":{"line":198,"column":54}},"28":{"start":{"line":200,"column":8},"end":{"line":200,"column":49}},"29":{"start":{"line":201,"column":8},"end":{"line":201,"column":81}},"30":{"start":{"line":202,"column":8},"end":{"line":202,"column":49}},"31":{"start":{"line":203,"column":8},"end":{"line":203,"column":62}},"32":{"start":{"line":205,"column":8},"end":{"line":205,"column":48}},"33":{"start":{"line":218,"column":8},"end":{"line":218,"column":72}},"34":{"start":{"line":220,"column":8},"end":{"line":220,"column":56}},"35":{"start":{"line":222,"column":8},"end":{"line":222,"column":46}},"36":{"start":{"line":223,"column":8},"end":{"line":223,"column":58}},"37":{"start":{"line":225,"column":8},"end":{"line":225,"column":48}},"38":{"start":{"line":240,"column":8},"end":{"line":240,"column":74}},"39":{"start":{"line":242,"column":8},"end":{"line":242,"column":56}},"40":{"start":{"line":244,"column":8},"end":{"line":244,"column":51}},"41":{"start":{"line":245,"column":8},"end":{"line":245,"column":78}},"42":{"start":{"line":246,"column":8},"end":{"line":246,"column":51}},"43":{"start":{"line":247,"column":8},"end":{"line":247,"column":29}},"44":{"start":{"line":249,"column":8},"end":{"line":249,"column":49}},"45":{"start":{"line":266,"column":8},"end":{"line":266,"column":75}},"46":{"start":{"line":267,"column":8},"end":{"line":267,"column":75}},"47":{"start":{"line":269,"column":8},"end":{"line":269,"column":43}},"48":{"start":{"line":270,"column":8},"end":{"line":270,"column":45}},"49":{"start":{"line":280,"column":8},"end":{"line":280,"column":69}},"50":{"start":{"line":281,"column":8},"end":{"line":281,"column":82}},"51":{"start":{"line":283,"column":8},"end":{"line":283,"column":29}},"52":{"start":{"line":284,"column":8},"end":{"line":284,"column":65}},"53":{"start":{"line":286,"column":8},"end":{"line":286,"column":49}}},"branchMap":{"1":{"line":135,"type":"if","locations":[{"start":{"line":135,"column":8},"end":{"line":135,"column":8}},{"start":{"line":135,"column":8},"end":{"line":135,"column":8}}]},"2":{"line":174,"type":"if","locations":[{"start":{"line":174,"column":8},"end":{"line":174,"column":8}},{"start":{"line":174,"column":8},"end":{"line":174,"column":8}}]},"3":{"line":195,"type":"if","locations":[{"start":{"line":195,"column":8},"end":{"line":195,"column":8}},{"start":{"line":195,"column":8},"end":{"line":195,"column":8}}]},"4":{"line":196,"type":"if","locations":[{"start":{"line":196,"column":8},"end":{"line":196,"column":8}},{"start":{"line":196,"column":8},"end":{"line":196,"column":8}}]},"5":{"line":201,"type":"if","locations":[{"start":{"line":201,"column":8},"end":{"line":201,"column":8}},{"start":{"line":201,"column":8},"end":{"line":201,"column":8}}]},"6":{"line":218,"type":"if","locations":[{"start":{"line":218,"column":8},"end":{"line":218,"column":8}},{"start":{"line":218,"column":8},"end":{"line":218,"column":8}}]},"7":{"line":240,"type":"if","locations":[{"start":{"line":240,"column":8},"end":{"line":240,"column":8}},{"start":{"line":240,"column":8},"end":{"line":240,"column":8}}]},"8":{"line":245,"type":"if","locations":[{"start":{"line":245,"column":8},"end":{"line":245,"column":8}},{"start":{"line":245,"column":8},"end":{"line":245,"column":8}}]},"9":{"line":266,"type":"if","locations":[{"start":{"line":266,"column":8},"end":{"line":266,"column":8}},{"start":{"line":266,"column":8},"end":{"line":266,"column":8}}]},"10":{"line":267,"type":"if","locations":[{"start":{"line":267,"column":8},"end":{"line":267,"column":8}},{"start":{"line":267,"column":8},"end":{"line":267,"column":8}}]},"11":{"line":281,"type":"if","locations":[{"start":{"line":281,"column":8},"end":{"line":281,"column":8}},{"start":{"line":281,"column":8},"end":{"line":281,"column":8}}]}}},
"contracts/mocks/SandboxGluwacoin.sol":{"l":{"20":0,"24":0,"25":0,"64":0,"65":0,"69":0,"70":0,"71":0,"76":0,"91":0,"95":0,"98":0,"99":0,"103":0,"121":0,"152":0,"154":0,"157":0,"171":0,"193":0,"199":0,"200":0,"227":0,"229":0,"230":0,"232":0,"260":0,"270":0,"274":0,"278":0,"310":12004,"311":12004,"313":0,"326":0,"345":0,"346":0,"348":0,"364":0,"365":0,"368":0,"369":0,"371":0,"386":0,"408":0,"409":0,"412":0,"427":0,"448":0,"449":0,"576":0,"581":0,"582":0,"583":0,"584":0,"587":0,"589":0,"590":0,"601":0,"602":0,"603":0,"606":0,"651":6,"652":6,"653":0,"660":0,"668":1,"685":0,"692":3000,"699":0,"711":0,"712":0,"723":3001,"734":3001,"735":3000,"755":3000,"757":3000,"758":3000,"762":3000,"764":0,"783":0,"788":0,"809":0,"810":0,"814":0,"816":6000,"838":6000,"839":6000,"841":6000,"843":6000,"844":6000,"848":6000,"849":6000,"851":3002,"864":3002,"866":3002,"868":3002,"869":3002,"871":0,"886":0,"888":0,"890":0,"891":0,"892":0,"893":0,"895":6001,"916":6001,"917":6001,"919":6001,"920":0,"930":0,"931":0,"936":0,"937":0,"939":0,"983":0,"990":3000,"997":3000,"998":0,"1005":0,"1006":0,"1013":0,"1014":0,"1015":0,"1022":0,"1023":0,"1024":0,"1081":6,"1082":6,"1085":6,"1086":0,"1088":0,"1100":0,"1102":0,"1108":0,"1109":0,"1114":0,"1117":0,"1119":0,"1122":0,"1125":0,"1127":0,"1129":3008,"1141":0,"1148":0,"1166":0,"1170":6,"1189":0,"1202":3002,"1213":0,"1220":0,"1238":0,"1254":0,"1267":0,"1278":0,"1285":0,"1303":0,"1344":3002,"1387":3002,"1391":3002,"1398":0,"1406":0,"1426":0,"1436":0,"1450":0,"1455":0,"1468":0,"1473":0,"1491":0,"1496":6,"1516":0,"1523":6,"1527":6,"1528":0,"1533":0,"1534":0,"1564":6,"1565":0,"1569":0,"1573":0,"1598":0,"1599":0,"1600":0,"1602":0,"1612":0,"1613":0,"1615":0,"1623":0,"1624":0,"1625":0,"1627":0,"1628":0,"1630":3000,"1638":3000,"1639":3000,"1640":3000,"1641":0,"1645":0,"1646":3000,"1656":3000,"1667":3002,"1675":3002,"1676":0},"path":"/home/osboxes/prize-linked-account/contracts/mocks/SandboxGluwacoin.sol","s":{"1":0,"2":0,"3":0,"4":0,"5":0,"6":0,"7":0,"8":0,"9":0,"10":0,"11":0,"12":0,"13":0,"14":0,"15":0,"16":0,"17":0,"18":0,"19":0,"20":0,"21":0,"22":0,"23":0,"24":0,"25":0,"26":0,"27":0,"28":12004,"29":12004,"30":0,"31":0,"32":0,"33":0,"34":0,"35":0,"36":0,"37":0,"38":0,"39":0,"40":0,"41":0,"42":0,"43":0,"44":0,"45":0,"46":0,"47":0,"48":0,"49":0,"50":0,"51":0,"52":0,"53":0,"54":0,"55":0,"56":0,"57":6,"58":0,"59":0,"60":0,"61":1,"62":0,"63":3000,"64":0,"65":0,"66":0,"67":3001,"68":3000,"69":3000,"70":3000,"71":3000,"72":3000,"73":0,"74":0,"75":0,"76":0,"77":0,"78":0,"79":6000,"80":6000,"81":6000,"82":6000,"83":6000,"84":6000,"85":6000,"86":6000,"87":3002,"88":3002,"89":3002,"90":3002,"91":3002,"92":0,"93":0,"94":0,"95":0,"96":0,"97":0,"98":0,"99":6001,"100":6001,"101":6001,"102":6001,"103":0,"104":0,"105":0,"106":0,"107":0,"108":9002,"109":0,"110":0,"111":3000,"112":0,"113":0,"114":0,"115":0,"116":0,"117":0,"118":0,"119":0,"120":6,"121":6,"122":0,"123":0,"124":0,"125":0,"126":0,"127":0,"128":0,"129":0,"130":0,"131":0,"132":0,"133":0,"134":3008,"135":0,"136":0,"137":0,"138":6,"139":0,"140":3002,"141":0,"142":0,"143":0,"144":0,"145":0,"146":0,"147":0,"148":0,"149":3002,"150":3002,"151":0,"152":0,"153":0,"154":0,"155":0,"156":0,"157":0,"158":0,"159":0,"160":6,"161":0,"162":6,"163":6,"164":0,"165":0,"166":0,"167":0,"168":0,"169":0,"170":0,"171":0,"172":0,"173":0,"174":0,"175":0,"176":0,"177":0,"178":0,"179":0,"180":0,"181":0,"182":3000,"183":3000,"184":3000,"185":3000,"186":0,"187":0,"188":3000,"189":3000,"190":3000,"191":3002,"192":0,"193":0},"b":{"1":[0,0],"2":[0,0],"3":[0,0],"4":[0,0],"5":[0,0],"6":[0,0],"7":[0,0],"8":[0,12004],"9":[0,0],"10":[0,0],"11":[0,0],"12":[0,0],"13":[0,0],"14":[0,0],"15":[0,0],"16":[0,0],"17":[3000,0],"18":[0,0],"19":[6000,0],"20":[6000,0],"21":[6000,0],"22":[3002,0],"23":[0,0],"24":[0,0],"25":[6001,0],"26":[6001,0],"27":[0,0],"28":[0,3000],"29":[0,0],"30":[6,0],"31":[0,3008],"32":[0,0],"33":[3002,0],"34":[0,0],"35":[0,0],"36":[0,0],"37":[0,0],"38":[0,0],"39":[3000,0]},"f":{"1":0,"2":0,"3":0,"4":0,"5":0,"6":0,"7":0,"8":0,"9":0,"10":0,"11":12004,"12":0,"13":0,"14":0,"15":0,"16":0,"17":0,"18":0,"19":0,"20":0,"21":6,"22":0,"23":1,"24":0,"25":3000,"26":0,"27":0,"28":3001,"29":3001,"30":3000,"31":0,"32":0,"33":6000,"34":3002,"35":0,"36":6001,"37":0,"38":0,"39":0,"40":3000,"41":3000,"42":0,"43":0,"44":0,"45":6,"46":0,"47":0,"48":0,"49":0,"50":0,"51":3002,"52":0,"53":0,"54":0,"55":0,"56":0,"57":0,"58":0,"59":0,"60":0,"61":3002,"62":3002,"63":0,"64":0,"65":0,"66":0,"67":0,"68":0,"69":0,"70":0,"71":6,"72":6,"73":0,"74":6,"75":0,"76":0,"77":0,"78":0,"79":3000,"80":0,"81":3000,"82":3002,"83":3002},"fnMap":{"1":{"name":"_msgSender","line":19,"loc":{"start":{"line":19,"column":4},"end":{"line":21,"column":4}}},"2":{"name":"_msgData","line":23,"loc":{"start":{"line":23,"column":4},"end":{"line":26,"column":4}}},"3":{"name":"recover","line":58,"loc":{"start":{"line":58,"column":4},"end":{"line":104,"column":4}}},"4":{"name":"toEthSignedMessageHash","line":114,"loc":{"start":{"line":114,"column":4},"end":{"line":125,"column":4}}},"5":{"name":"isContract","line":147,"loc":{"start":{"line":147,"column":4},"end":{"line":158,"column":4}}},"6":{"name":"toPayable","line":166,"loc":{"start":{"line":166,"column":4},"end":{"line":172,"column":4}}},"7":{"name":"sendValue","line":192,"loc":{"start":{"line":192,"column":4},"end":{"line":204,"column":4}}},"8":{"name":"validateSignature","line":222,"loc":{"start":{"line":222,"column":4},"end":{"line":233,"column":4}}},"9":{"name":"_validateSignature","line":251,"loc":{"start":{"line":251,"column":4},"end":{"line":271,"column":4}}},"10":{"name":"_useNonce","line":273,"loc":{"start":{"line":273,"column":4},"end":{"line":279,"column":4}}},"11":{"name":"add","line":309,"loc":{"start":{"line":309,"column":4},"end":{"line":314,"column":4}}},"12":{"name":"sub","line":325,"loc":{"start":{"line":325,"column":4},"end":{"line":327,"column":4}}},"13":{"name":"sub","line":340,"loc":{"start":{"line":340,"column":4},"end":{"line":349,"column":4}}},"14":{"name":"mul","line":360,"loc":{"start":{"line":360,"column":4},"end":{"line":372,"column":4}}},"15":{"name":"div","line":385,"loc":{"start":{"line":385,"column":4},"end":{"line":387,"column":4}}},"16":{"name":"div","line":402,"loc":{"start":{"line":402,"column":4},"end":{"line":413,"column":4}}},"17":{"name":"mod","line":426,"loc":{"start":{"line":426,"column":4},"end":{"line":428,"column":4}}},"18":{"name":"mod","line":443,"loc":{"start":{"line":443,"column":4},"end":{"line":450,"column":4}}},"19":{"name":"initializer","line":575,"loc":{"start":{"line":575,"column":4},"end":{"line":592,"column":4}}},"20":{"name":"isConstructor","line":595,"loc":{"start":{"line":595,"column":4},"end":{"line":607,"column":4}}},"21":{"name":"constructor","line":646,"loc":{"start":{"line":646,"column":4},"end":{"line":654,"column":4}}},"22":{"name":"name","line":659,"loc":{"start":{"line":659,"column":4},"end":{"line":661,"column":4}}},"23":{"name":"symbol","line":667,"loc":{"start":{"line":667,"column":4},"end":{"line":669,"column":4}}},"24":{"name":"decimals","line":684,"loc":{"start":{"line":684,"column":4},"end":{"line":686,"column":4}}},"25":{"name":"totalSupply","line":691,"loc":{"start":{"line":691,"column":4},"end":{"line":693,"column":4}}},"26":{"name":"balanceOf","line":698,"loc":{"start":{"line":698,"column":4},"end":{"line":700,"column":4}}},"27":{"name":"transfer","line":710,"loc":{"start":{"line":710,"column":4},"end":{"line":713,"column":4}}},"28":{"name":"allowance","line":718,"loc":{"start":{"line":718,"column":4},"end":{"line":724,"column":4}}},"29":{"name":"approve","line":733,"loc":{"start":{"line":733,"column":4},"end":{"line":736,"column":4}}},"30":{"name":"transferFrom","line":750,"loc":{"start":{"line":750,"column":4},"end":{"line":765,"column":4}}},"31":{"name":"increaseAllowance","line":779,"loc":{"start":{"line":779,"column":4},"end":{"line":789,"column":4}}},"32":{"name":"decreaseAllowance","line":805,"loc":{"start":{"line":805,"column":4},"end":{"line":817,"column":4}}},"33":{"name":"_transfer","line":833,"loc":{"start":{"line":833,"column":4},"end":{"line":852,"column":4}}},"34":{"name":"_mint","line":863,"loc":{"start":{"line":863,"column":4},"end":{"line":872,"column":4}}},"35":{"name":"_burn","line":885,"loc":{"start":{"line":885,"column":4},"end":{"line":896,"column":4}}},"36":{"name":"_approve","line":911,"loc":{"start":{"line":911,"column":4},"end":{"line":921,"column":4}}},"37":{"name":"_burnFrom","line":929,"loc":{"start":{"line":929,"column":4},"end":{"line":940,"column":4}}},"38":{"name":"_beforeTokenTransfer","line":945,"loc":{"start":{"line":945,"column":4},"end":{"line":949,"column":21}}},"39":{"name":"constructor","line":982,"loc":{"start":{"line":982,"column":4},"end":{"line":984,"column":4}}},"40":{"name":"paused","line":989,"loc":{"start":{"line":989,"column":4},"end":{"line":991,"column":4}}},"41":{"name":"whenNotPaused","line":996,"loc":{"start":{"line":996,"column":4},"end":{"line":999,"column":4}}},"42":{"name":"whenPaused","line":1004,"loc":{"start":{"line":1004,"column":4},"end":{"line":1007,"column":4}}},"43":{"name":"_pause","line":1012,"loc":{"start":{"line":1012,"column":4},"end":{"line":1016,"column":4}}},"44":{"name":"_unpause","line":1021,"loc":{"start":{"line":1021,"column":4},"end":{"line":1025,"column":4}}},"45":{"name":"_add","line":1080,"loc":{"start":{"line":1080,"column":4},"end":{"line":1090,"column":4}}},"46":{"name":"_remove","line":1098,"loc":{"start":{"line":1098,"column":4},"end":{"line":1131,"column":4}}},"47":{"name":"_contains","line":1136,"loc":{"start":{"line":1136,"column":4},"end":{"line":1142,"column":4}}},"48":{"name":"_length","line":1147,"loc":{"start":{"line":1147,"column":4},"end":{"line":1149,"column":4}}},"49":{"name":"_at","line":1161,"loc":{"start":{"line":1161,"column":4},"end":{"line":1171,"column":4}}},"50":{"name":"add","line":1185,"loc":{"start":{"line":1185,"column":4},"end":{"line":1190,"column":4}}},"51":{"name":"remove","line":1198,"loc":{"start":{"line":1198,"column":4},"end":{"line":1203,"column":4}}},"52":{"name":"contains","line":1208,"loc":{"start":{"line":1208,"column":4},"end":{"line":1214,"column":4}}},"53":{"name":"length","line":1219,"loc":{"start":{"line":1219,"column":4},"end":{"line":1221,"column":4}}},"54":{"name":"at","line":1233,"loc":{"start":{"line":1233,"column":4},"end":{"line":1239,"column":4}}},"55":{"name":"add","line":1253,"loc":{"start":{"line":1253,"column":4},"end":{"line":1255,"column":4}}},"56":{"name":"remove","line":1263,"loc":{"start":{"line":1263,"column":4},"end":{"line":1268,"column":4}}},"57":{"name":"contains","line":1273,"loc":{"start":{"line":1273,"column":4},"end":{"line":1279,"column":4}}},"58":{"name":"length","line":1284,"loc":{"start":{"line":1284,"column":4},"end":{"line":1286,"column":4}}},"59":{"name":"at","line":1298,"loc":{"start":{"line":1298,"column":4},"end":{"line":1304,"column":4}}},"60":{"name":"__AccessControl_init","line":1343,"loc":{"start":{"line":1343,"column":4},"end":{"line":1345,"column":4}}},"61":{"name":"__AccessControl_init_unchained","line":1347,"loc":{"start":{"line":1347,"column":4},"end":{"line":1347,"column":68}}},"62":{"name":"onlyAdmin","line":1386,"loc":{"start":{"line":1386,"column":4},"end":{"line":1392,"column":4}}},"63":{"name":"hasRole","line":1397,"loc":{"start":{"line":1397,"column":4},"end":{"line":1399,"column":4}}},"64":{"name":"getRoleMemberCount","line":1405,"loc":{"start":{"line":1405,"column":4},"end":{"line":1407,"column":4}}},"65":{"name":"getRoleMember","line":1421,"loc":{"start":{"line":1421,"column":4},"end":{"line":1427,"column":4}}},"66":{"name":"getRoleAdmin","line":1435,"loc":{"start":{"line":1435,"column":4},"end":{"line":1437,"column":4}}},"67":{"name":"grantRole","line":1449,"loc":{"start":{"line":1449,"column":4},"end":{"line":1456,"column":4}}},"68":{"name":"revokeRole","line":1467,"loc":{"start":{"line":1467,"column":4},"end":{"line":1474,"column":4}}},"69":{"name":"renounceRole","line":1490,"loc":{"start":{"line":1490,"column":4},"end":{"line":1497,"column":4}}},"70":{"name":"_setupRole","line":1515,"loc":{"start":{"line":1515,"column":4},"end":{"line":1517,"column":4}}},"71":{"name":"_setRoleAdmin","line":1522,"loc":{"start":{"line":1522,"column":4},"end":{"line":1524,"column":4}}},"72":{"name":"_grantRole","line":1526,"loc":{"start":{"line":1526,"column":4},"end":{"line":1530,"column":4}}},"73":{"name":"_revokeRole","line":1532,"loc":{"start":{"line":1532,"column":4},"end":{"line":1536,"column":4}}},"74":{"name":"constructor","line":1563,"loc":{"start":{"line":1559,"column":4},"end":{"line":1566,"column":4}}},"75":{"name":"pause","line":1568,"loc":{"start":{"line":1568,"column":4},"end":{"line":1570,"column":4}}},"76":{"name":"unpause","line":1572,"loc":{"start":{"line":1572,"column":4},"end":{"line":1574,"column":4}}},"77":{"name":"transfer","line":1597,"loc":{"start":{"line":1590,"column":4},"end":{"line":1616,"column":4}}},"78":{"name":"transfer","line":1620,"loc":{"start":{"line":1618,"column":4},"end":{"line":1631,"column":4}}},"79":{"name":"transferFrom","line":1637,"loc":{"start":{"line":1633,"column":4},"end":{"line":1642,"column":4}}},"80":{"name":"burn","line":1644,"loc":{"start":{"line":1644,"column":4},"end":{"line":1647,"column":4}}},"81":{"name":"_beforeTokenTransfer","line":1655,"loc":{"start":{"line":1655,"column":4},"end":{"line":1660,"column":4}}},"82":{"name":"_collect","line":1666,"loc":{"start":{"line":1666,"column":4},"end":{"line":1668,"column":4}}},"83":{"name":"mint","line":1672,"loc":{"start":{"line":1670,"column":4},"end":{"line":1677,"column":4}}}},"statementMap":{"1":{"start":{"line":20,"column":8},"end":{"line":20,"column":25}},"2":{"start":{"line":25,"column":8},"end":{"line":25,"column":23}},"3":{"start":{"line":64,"column":8},"end":{"line":64,"column":2464}},"4":{"start":{"line":65,"column":12},"end":{"line":65,"column":31}},"5":{"start":{"line":69,"column":8},"end":{"line":69,"column":17}},"6":{"start":{"line":70,"column":8},"end":{"line":70,"column":17}},"7":{"start":{"line":71,"column":8},"end":{"line":71,"column":15}},"8":{"start":{"line":91,"column":8},"end":{"line":91,"column":3882}},"9":{"start":{"line":95,"column":12},"end":{"line":95,"column":29}},"10":{"start":{"line":98,"column":8},"end":{"line":98,"column":4053}},"11":{"start":{"line":99,"column":12},"end":{"line":99,"column":29}},"12":{"start":{"line":103,"column":8},"end":{"line":103,"column":39}},"13":{"start":{"line":121,"column":8},"end":{"line":121,"column":4730}},"14":{"start":{"line":152,"column":8},"end":{"line":152,"column":20}},"15":{"start":{"line":157,"column":8},"end":{"line":157,"column":23}},"16":{"start":{"line":171,"column":8},"end":{"line":171,"column":40}},"17":{"start":{"line":193,"column":8},"end":{"line":193,"column":7285}},"18":{"start":{"line":199,"column":8},"end":{"line":199,"column":59}},"19":{"start":{"line":200,"column":8},"end":{"line":200,"column":7518}},"20":{"start":{"line":227,"column":8},"end":{"line":227,"column":59}},"21":{"start":{"line":229,"column":8},"end":{"line":229,"column":49}},"22":{"start":{"line":230,"column":8},"end":{"line":230,"column":63}},"23":{"start":{"line":232,"column":8},"end":{"line":232,"column":19}},"24":{"start":{"line":260,"column":8},"end":{"line":260,"column":9007}},"25":{"start":{"line":270,"column":8},"end":{"line":270,"column":52}},"26":{"start":{"line":274,"column":8},"end":{"line":274,"column":9373}},"27":{"start":{"line":278,"column":8},"end":{"line":278,"column":40}},"28":{"start":{"line":310,"column":8},"end":{"line":310,"column":25}},"29":{"start":{"line":311,"column":8},"end":{"line":311,"column":53}},"30":{"start":{"line":313,"column":8},"end":{"line":313,"column":16}},"31":{"start":{"line":326,"column":8},"end":{"line":326,"column":58}},"32":{"start":{"line":345,"column":8},"end":{"line":345,"column":36}},"33":{"start":{"line":346,"column":8},"end":{"line":346,"column":25}},"34":{"start":{"line":348,"column":8},"end":{"line":348,"column":16}},"35":{"start":{"line":364,"column":8},"end":{"line":364,"column":12100}},"36":{"start":{"line":365,"column":12},"end":{"line":365,"column":20}},"37":{"start":{"line":368,"column":8},"end":{"line":368,"column":25}},"38":{"start":{"line":369,"column":8},"end":{"line":369,"column":63}},"39":{"start":{"line":371,"column":8},"end":{"line":371,"column":16}},"40":{"start":{"line":386,"column":8},"end":{"line":386,"column":54}},"41":{"start":{"line":408,"column":8},"end":{"line":408,"column":35}},"42":{"start":{"line":409,"column":8},"end":{"line":409,"column":25}},"43":{"start":{"line":412,"column":8},"end":{"line":412,"column":16}},"44":{"start":{"line":427,"column":8},"end":{"line":427,"column":52}},"45":{"start":{"line":448,"column":8},"end":{"line":448,"column":36}},"46":{"start":{"line":449,"column":8},"end":{"line":449,"column":20}},"47":{"start":{"line":576,"column":8},"end":{"line":576,"column":19039}},"48":{"start":{"line":581,"column":8},"end":{"line":581,"column":43}},"49":{"start":{"line":582,"column":8},"end":{"line":582,"column":19235}},"50":{"start":{"line":583,"column":12},"end":{"line":583,"column":30}},"51":{"start":{"line":584,"column":12},"end":{"line":584,"column":29}},"52":{"start":{"line":589,"column":8},"end":{"line":589,"column":19353}},"53":{"start":{"line":590,"column":12},"end":{"line":590,"column":31}},"54":{"start":{"line":601,"column":8},"end":{"line":601,"column":36}},"55":{"start":{"line":602,"column":8},"end":{"line":602,"column":18}},"56":{"start":{"line":606,"column":8},"end":{"line":606,"column":22}},"57":{"start":{"line":651,"column":8},"end":{"line":651,"column":19}},"58":{"start":{"line":652,"column":8},"end":{"line":652,"column":23}},"59":{"start":{"line":653,"column":8},"end":{"line":653,"column":27}},"60":{"start":{"line":660,"column":8},"end":{"line":660,"column":20}},"61":{"start":{"line":668,"column":8},"end":{"line":668,"column":22}},"62":{"start":{"line":685,"column":8},"end":{"line":685,"column":24}},"63":{"start":{"line":692,"column":8},"end":{"line":692,"column":27}},"64":{"start":{"line":699,"column":8},"end":{"line":699,"column":33}},"65":{"start":{"line":711,"column":8},"end":{"line":711,"column":49}},"66":{"start":{"line":712,"column":8},"end":{"line":712,"column":19}},"67":{"start":{"line":723,"column":8},"end":{"line":723,"column":42}},"68":{"start":{"line":734,"column":8},"end":{"line":734,"column":46}},"69":{"start":{"line":735,"column":8},"end":{"line":735,"column":19}},"70":{"start":{"line":755,"column":8},"end":{"line":755,"column":43}},"71":{"start":{"line":757,"column":8},"end":{"line":757,"column":68}},"72":{"start":{"line":758,"column":8},"end":{"line":758,"column":24285}},"73":{"start":{"line":762,"column":8},"end":{"line":762,"column":64}},"74":{"start":{"line":764,"column":8},"end":{"line":764,"column":19}},"75":{"start":{"line":783,"column":8},"end":{"line":783,"column":25005}},"76":{"start":{"line":788,"column":8},"end":{"line":788,"column":19}},"77":{"start":{"line":809,"column":8},"end":{"line":809,"column":69}},"78":{"start":{"line":810,"column":8},"end":{"line":810,"column":25838}},"79":{"start":{"line":814,"column":8},"end":{"line":814,"column":74}},"80":{"start":{"line":816,"column":8},"end":{"line":816,"column":19}},"81":{"start":{"line":838,"column":8},"end":{"line":838,"column":77}},"82":{"start":{"line":839,"column":8},"end":{"line":839,"column":78}},"83":{"start":{"line":841,"column":8},"end":{"line":841,"column":54}},"84":{"start":{"line":843,"column":8},"end":{"line":843,"column":49}},"85":{"start":{"line":844,"column":8},"end":{"line":844,"column":26927}},"86":{"start":{"line":848,"column":8},"end":{"line":848,"column":49}},"87":{"start":{"line":849,"column":8},"end":{"line":849,"column":62}},"88":{"start":{"line":851,"column":8},"end":{"line":851,"column":48}},"89":{"start":{"line":864,"column":8},"end":{"line":864,"column":72}},"90":{"start":{"line":866,"column":8},"end":{"line":866,"column":56}},"91":{"start":{"line":868,"column":8},"end":{"line":868,"column":46}},"92":{"start":{"line":869,"column":8},"end":{"line":869,"column":58}},"93":{"start":{"line":871,"column":8},"end":{"line":871,"column":48}},"94":{"start":{"line":886,"column":8},"end":{"line":886,"column":74}},"95":{"start":{"line":888,"column":8},"end":{"line":888,"column":56}},"96":{"start":{"line":890,"column":8},"end":{"line":890,"column":51}},"97":{"start":{"line":891,"column":8},"end":{"line":891,"column":78}},"98":{"start":{"line":892,"column":8},"end":{"line":892,"column":51}},"99":{"start":{"line":893,"column":8},"end":{"line":893,"column":29}},"100":{"start":{"line":895,"column":8},"end":{"line":895,"column":49}},"101":{"start":{"line":916,"column":8},"end":{"line":916,"column":75}},"102":{"start":{"line":917,"column":8},"end":{"line":917,"column":75}},"103":{"start":{"line":919,"column":8},"end":{"line":919,"column":43}},"104":{"start":{"line":920,"column":8},"end":{"line":920,"column":45}},"105":{"start":{"line":930,"column":8},"end":{"line":930,"column":69}},"106":{"start":{"line":931,"column":8},"end":{"line":931,"column":29741}},"107":{"start":{"line":936,"column":8},"end":{"line":936,"column":29}},"108":{"start":{"line":937,"column":8},"end":{"line":937,"column":65}},"109":{"start":{"line":939,"column":8},"end":{"line":939,"column":49}},"110":{"start":{"line":983,"column":8},"end":{"line":983,"column":22}},"111":{"start":{"line":990,"column":8},"end":{"line":990,"column":22}},"112":{"start":{"line":997,"column":8},"end":{"line":997,"column":44}},"113":{"start":{"line":1005,"column":8},"end":{"line":1005,"column":47}},"114":{"start":{"line":1013,"column":8},"end":{"line":1013,"column":21}},"115":{"start":{"line":1014,"column":8},"end":{"line":1014,"column":33}},"116":{"start":{"line":1015,"column":8},"end":{"line":1015,"column":22}},"117":{"start":{"line":1022,"column":8},"end":{"line":1022,"column":22}},"118":{"start":{"line":1023,"column":8},"end":{"line":1023,"column":35}},"119":{"start":{"line":1024,"column":8},"end":{"line":1024,"column":22}},"120":{"start":{"line":1081,"column":8},"end":{"line":1081,"column":33826}},"121":{"start":{"line":1082,"column":12},"end":{"line":1082,"column":34}},"122":{"start":{"line":1085,"column":12},"end":{"line":1085,"column":51}},"123":{"start":{"line":1086,"column":12},"end":{"line":1086,"column":23}},"124":{"start":{"line":1088,"column":12},"end":{"line":1088,"column":24}},"125":{"start":{"line":1100,"column":8},"end":{"line":1100,"column":48}},"126":{"start":{"line":1102,"column":8},"end":{"line":1102,"column":34552}},"127":{"start":{"line":1108,"column":12},"end":{"line":1108,"column":50}},"128":{"start":{"line":1109,"column":12},"end":{"line":1109,"column":54}},"129":{"start":{"line":1114,"column":12},"end":{"line":1114,"column":54}},"130":{"start":{"line":1117,"column":12},"end":{"line":1117,"column":49}},"131":{"start":{"line":1119,"column":12},"end":{"line":1119,"column":54}},"132":{"start":{"line":1122,"column":12},"end":{"line":1122,"column":28}},"133":{"start":{"line":1127,"column":12},"end":{"line":1127,"column":23}},"134":{"start":{"line":1129,"column":12},"end":{"line":1129,"column":24}},"135":{"start":{"line":1141,"column":8},"end":{"line":1141,"column":39}},"136":{"start":{"line":1148,"column":8},"end":{"line":1148,"column":33}},"137":{"start":{"line":1166,"column":8},"end":{"line":1166,"column":36723}},"138":{"start":{"line":1170,"column":8},"end":{"line":1170,"column":33}},"139":{"start":{"line":1189,"column":8},"end":{"line":1189,"column":56}},"140":{"start":{"line":1202,"column":8},"end":{"line":1202,"column":59}},"141":{"start":{"line":1213,"column":8},"end":{"line":1213,"column":61}},"142":{"start":{"line":1220,"column":8},"end":{"line":1220,"column":34}},"143":{"start":{"line":1238,"column":8},"end":{"line":1238,"column":55}},"144":{"start":{"line":1254,"column":8},"end":{"line":1254,"column":47}},"145":{"start":{"line":1267,"column":8},"end":{"line":1267,"column":50}},"146":{"start":{"line":1278,"column":8},"end":{"line":1278,"column":52}},"147":{"start":{"line":1285,"column":8},"end":{"line":1285,"column":34}},"148":{"start":{"line":1303,"column":8},"end":{"line":1303,"column":46}},"149":{"start":{"line":1344,"column":8},"end":{"line":1344,"column":39}},"150":{"start":{"line":1387,"column":8},"end":{"line":1387,"column":42679}},"151":{"start":{"line":1398,"column":8},"end":{"line":1398,"column":53}},"152":{"start":{"line":1406,"column":8},"end":{"line":1406,"column":44}},"153":{"start":{"line":1426,"column":8},"end":{"line":1426,"column":45}},"154":{"start":{"line":1436,"column":8},"end":{"line":1436,"column":37}},"155":{"start":{"line":1450,"column":8},"end":{"line":1450,"column":44724}},"156":{"start":{"line":1455,"column":8},"end":{"line":1455,"column":32}},"157":{"start":{"line":1468,"column":8},"end":{"line":1468,"column":45208}},"158":{"start":{"line":1473,"column":8},"end":{"line":1473,"column":33}},"159":{"start":{"line":1491,"column":8},"end":{"line":1491,"column":45953}},"160":{"start":{"line":1496,"column":8},"end":{"line":1496,"column":33}},"161":{"start":{"line":1516,"column":8},"end":{"line":1516,"column":32}},"162":{"start":{"line":1523,"column":8},"end":{"line":1523,"column":41}},"163":{"start":{"line":1527,"column":8},"end":{"line":1527,"column":47049}},"164":{"start":{"line":1528,"column":12},"end":{"line":1528,"column":57}},"165":{"start":{"line":1533,"column":8},"end":{"line":1533,"column":47240}},"166":{"start":{"line":1534,"column":12},"end":{"line":1534,"column":57}},"167":{"start":{"line":1564,"column":8},"end":{"line":1564,"column":35}},"168":{"start":{"line":1565,"column":8},"end":{"line":1565,"column":51}},"169":{"start":{"line":1569,"column":8},"end":{"line":1569,"column":29}},"170":{"start":{"line":1573,"column":8},"end":{"line":1573,"column":31}},"171":{"start":{"line":1598,"column":8},"end":{"line":1598,"column":31}},"172":{"start":{"line":1599,"column":8},"end":{"line":1599,"column":42}},"173":{"start":{"line":1600,"column":8},"end":{"line":1600,"column":48}},"174":{"start":{"line":1602,"column":8},"end":{"line":1602,"column":49187}},"175":{"start":{"line":1612,"column":8},"end":{"line":1612,"column":28}},"176":{"start":{"line":1613,"column":8},"end":{"line":1613,"column":43}},"177":{"start":{"line":1615,"column":8},"end":{"line":1615,"column":19}},"178":{"start":{"line":1623,"column":8},"end":{"line":1623,"column":43}},"179":{"start":{"line":1624,"column":8},"end":{"line":1624,"column":37}},"180":{"start":{"line":1625,"column":8},"end":{"line":1625,"column":48}},"181":{"start":{"line":1627,"column":8},"end":{"line":1627,"column":29}},"182":{"start":{"line":1628,"column":8},"end":{"line":1628,"column":43}},"183":{"start":{"line":1630,"column":8},"end":{"line":1630,"column":19}},"184":{"start":{"line":1638,"column":8},"end":{"line":1638,"column":43}},"185":{"start":{"line":1639,"column":8},"end":{"line":1639,"column":48}},"186":{"start":{"line":1640,"column":8},"end":{"line":1640,"column":29}},"187":{"start":{"line":1641,"column":8},"end":{"line":1641,"column":68}},"188":{"start":{"line":1645,"column":8},"end":{"line":1645,"column":34}},"189":{"start":{"line":1646,"column":8},"end":{"line":1646,"column":19}},"190":{"start":{"line":1656,"column":8},"end":{"line":1656,"column":50702}},"191":{"start":{"line":1667,"column":8},"end":{"line":1667,"column":47}},"192":{"start":{"line":1675,"column":8},"end":{"line":1675,"column":29}},"193":{"start":{"line":1676,"column":8},"end":{"line":1676,"column":19}}},"branchMap":{"1":{"line":64,"type":"if","locations":[{"start":{"line":64,"column":8},"end":{"line":64,"column":8}},{"start":{"line":64,"column":8},"end":{"line":64,"column":8}}]},"2":{"line":91,"type":"if","locations":[{"start":{"line":91,"column":8},"end":{"line":91,"column":8}},{"start":{"line":91,"column":8},"end":{"line":91,"column":8}}]},"3":{"line":98,"type":"if","locations":[{"start":{"line":98,"column":8},"end":{"line":98,"column":8}},{"start":{"line":98,"column":8},"end":{"line":98,"column":8}}]},"4":{"line":193,"type":"if","locations":[{"start":{"line":193,"column":8},"end":{"line":193,"column":8}},{"start":{"line":193,"column":8},"end":{"line":193,"column":8}}]},"5":{"line":200,"type":"if","locations":[{"start":{"line":200,"column":8},"end":{"line":200,"column":8}},{"start":{"line":200,"column":8},"end":{"line":200,"column":8}}]},"6":{"line":230,"type":"if","locations":[{"start":{"line":230,"column":8},"end":{"line":230,"column":8}},{"start":{"line":230,"column":8},"end":{"line":230,"column":8}}]},"7":{"line":274,"type":"if","locations":[{"start":{"line":274,"column":8},"end":{"line":274,"column":8}},{"start":{"line":274,"column":8},"end":{"line":274,"column":8}}]},"8":{"line":311,"type":"if","locations":[{"start":{"line":311,"column":8},"end":{"line":311,"column":8}},{"start":{"line":311,"column":8},"end":{"line":311,"column":8}}]},"9":{"line":345,"type":"if","locations":[{"start":{"line":345,"column":8},"end":{"line":345,"column":8}},{"start":{"line":345,"column":8},"end":{"line":345,"column":8}}]},"10":{"line":364,"type":"if","locations":[{"start":{"line":364,"column":8},"end":{"line":364,"column":8}},{"start":{"line":364,"column":8},"end":{"line":364,"column":8}}]},"11":{"line":369,"type":"if","locations":[{"start":{"line":369,"column":8},"end":{"line":369,"column":8}},{"start":{"line":369,"column":8},"end":{"line":369,"column":8}}]},"12":{"line":408,"type":"if","locations":[{"start":{"line":408,"column":8},"end":{"line":408,"column":8}},{"start":{"line":408,"column":8},"end":{"line":408,"column":8}}]},"13":{"line":448,"type":"if","locations":[{"start":{"line":448,"column":8},"end":{"line":448,"column":8}},{"start":{"line":448,"column":8},"end":{"line":448,"column":8}}]},"14":{"line":576,"type":"if","locations":[{"start":{"line":576,"column":8},"end":{"line":576,"column":8}},{"start":{"line":576,"column":8},"end":{"line":576,"column":8}}]},"15":{"line":582,"type":"if","locations":[{"start":{"line":582,"column":8},"end":{"line":582,"column":8}},{"start":{"line":582,"column":8},"end":{"line":582,"column":8}}]},"16":{"line":589,"type":"if","locations":[{"start":{"line":589,"column":8},"end":{"line":589,"column":8}},{"start":{"line":589,"column":8},"end":{"line":589,"column":8}}]},"17":{"line":758,"type":"if","locations":[{"start":{"line":758,"column":8},"end":{"line":758,"column":8}},{"start":{"line":758,"column":8},"end":{"line":758,"column":8}}]},"18":{"line":810,"type":"if","locations":[{"start":{"line":810,"column":8},"end":{"line":810,"column":8}},{"start":{"line":810,"column":8},"end":{"line":810,"column":8}}]},"19":{"line":838,"type":"if","locations":[{"start":{"line":838,"column":8},"end":{"line":838,"column":8}},{"start":{"line":838,"column":8},"end":{"line":838,"column":8}}]},"20":{"line":839,"type":"if","locations":[{"start":{"line":839,"column":8},"end":{"line":839,"column":8}},{"start":{"line":839,"column":8},"end":{"line":839,"column":8}}]},"21":{"line":844,"type":"if","locations":[{"start":{"line":844,"column":8},"end":{"line":844,"column":8}},{"start":{"line":844,"column":8},"end":{"line":844,"column":8}}]},"22":{"line":864,"type":"if","locations":[{"start":{"line":864,"column":8},"end":{"line":864,"column":8}},{"start":{"line":864,"column":8},"end":{"line":864,"column":8}}]},"23":{"line":886,"type":"if","locations":[{"start":{"line":886,"column":8},"end":{"line":886,"column":8}},{"start":{"line":886,"column":8},"end":{"line":886,"column":8}}]},"24":{"line":891,"type":"if","locations":[{"start":{"line":891,"column":8},"end":{"line":891,"column":8}},{"start":{"line":891,"column":8},"end":{"line":891,"column":8}}]},"25":{"line":916,"type":"if","locations":[{"start":{"line":916,"column":8},"end":{"line":916,"column":8}},{"start":{"line":916,"column":8},"end":{"line":916,"column":8}}]},"26":{"line":917,"type":"if","locations":[{"start":{"line":917,"column":8},"end":{"line":917,"column":8}},{"start":{"line":917,"column":8},"end":{"line":917,"column":8}}]},"27":{"line":931,"type":"if","locations":[{"start":{"line":931,"column":8},"end":{"line":931,"column":8}},{"start":{"line":931,"column":8},"end":{"line":931,"column":8}}]},"28":{"line":997,"type":"if","locations":[{"start":{"line":997,"column":8},"end":{"line":997,"column":8}},{"start":{"line":997,"column":8},"end":{"line":997,"column":8}}]},"29":{"line":1005,"type":"if","locations":[{"start":{"line":1005,"column":8},"end":{"line":1005,"column":8}},{"start":{"line":1005,"column":8},"end":{"line":1005,"column":8}}]},"30":{"line":1081,"type":"if","locations":[{"start":{"line":1081,"column":8},"end":{"line":1081,"column":8}},{"start":{"line":1081,"column":8},"end":{"line":1081,"column":8}}]},"31":{"line":1102,"type":"if","locations":[{"start":{"line":1102,"column":8},"end":{"line":1102,"column":8}},{"start":{"line":1102,"column":8},"end":{"line":1102,"column":8}}]},"32":{"line":1166,"type":"if","locations":[{"start":{"line":1166,"column":8},"end":{"line":1166,"column":8}},{"start":{"line":1166,"column":8},"end":{"line":1166,"column":8}}]},"33":{"line":1387,"type":"if","locations":[{"start":{"line":1387,"column":8},"end":{"line":1387,"column":8}},{"start":{"line":1387,"column":8},"end":{"line":1387,"column":8}}]},"34":{"line":1450,"type":"if","locations":[{"start":{"line":1450,"column":8},"end":{"line":1450,"column":8}},{"start":{"line":1450,"column":8},"end":{"line":1450,"column":8}}]},"35":{"line":1468,"type":"if","locations":[{"start":{"line":1468,"column":8},"end":{"line":1468,"column":8}},{"start":{"line":1468,"column":8},"end":{"line":1468,"column":8}}]},"36":{"line":1491,"type":"if","locations":[{"start":{"line":1491,"column":8},"end":{"line":1491,"column":8}},{"start":{"line":1491,"column":8},"end":{"line":1491,"column":8}}]},"37":{"line":1527,"type":"if","locations":[{"start":{"line":1527,"column":8},"end":{"line":1527,"column":8}},{"start":{"line":1527,"column":8},"end":{"line":1527,"column":8}}]},"38":{"line":1533,"type":"if","locations":[{"start":{"line":1533,"column":8},"end":{"line":1533,"column":8}},{"start":{"line":1533,"column":8},"end":{"line":1533,"column":8}}]},"39":{"line":1656,"type":"if","locations":[{"start":{"line":1656,"column":8},"end":{"line":1656,"column":8}},{"start":{"line":1656,"column":8},"end":{"line":1656,"column":8}}]}}},
"contracts/mocks/SandboxPrizeLinkedAccountVault.sol":{"l":{"8":0},"path":"/home/osboxes/prize-linked-account/contracts/mocks/SandboxPrizeLinkedAccountVault.sol","s":{"1":0},"b":{},"f":{"1":0},"fnMap":{"1":{"name":"test","line":7,"loc":{"start":{"line":7,"column":4},"end":{"line":9,"column":4}}}},"statementMap":{"1":{"start":{"line":8,"column":8},"end":{"line":8,"column":71}}},"branchMap":{}},
"contracts/PrizeLinkedAccountVault.sol":{"l":{"33":1,"34":1,"41":1,"46":1,"47":1,"48":1,"56":1,"60":1,"61":1,"64":1,"65":1,"66":1,"67":1,"69":0,"71":1,"79":1,"80":1,"81":1,"84":1,"92":3000,"96":3000,"102":3000,"110":0,"114":0,"121":1,"122":1,"130":3001,"133":3001,"138":3001,"144":3001,"148":0,"152":0,"159":0,"160":0,"161":0,"162":0,"163":0,"164":0,"165":0,"167":0,"175":3001,"183":0,"184":0,"185":0,"191":0,"192":0,"201":0,"202":0,"203":0,"209":0,"217":0,"218":0,"221":0,"239":0,"252":0},"path":"/home/osboxes/prize-linked-account/contracts/PrizeLinkedAccountVault.sol","s":{"1":1,"2":1,"3":1,"4":1,"5":1,"6":1,"7":1,"8":1,"9":1,"10":1,"11":1,"12":1,"13":1,"14":0,"15":1,"16":1,"17":1,"18":1,"19":3000,"20":3000,"21":3000,"22":0,"23":0,"24":1,"25":1,"26":3001,"27":3001,"28":3001,"29":3001,"30":0,"31":0,"32":0,"33":0,"34":0,"35":0,"36":0,"37":0,"38":0,"39":0,"40":3001,"41":0,"42":0,"43":0,"44":0,"45":0,"46":0,"47":0,"48":0,"49":0,"50":0,"51":0,"52":0},"b":{"1":[1,0],"2":[1,0],"3":[3000,0],"4":[0,0],"5":[3001,0],"6":[0,0],"7":[0,0],"8":[0,0],"9":[0,0]},"f":{"1":1,"2":1,"3":1,"4":3000,"5":0,"6":1,"7":3001,"8":0,"9":0,"10":0,"11":3001,"12":0,"13":0,"14":0,"15":0},"fnMap":{"1":{"name":"initialize","line":32,"loc":{"start":{"line":20,"column":4},"end":{"line":49,"column":4}}},"2":{"name":"awardWinnerV1","line":53,"loc":{"start":{"line":51,"column":4},"end":{"line":72,"column":4}}},"3":{"name":"makeDrawV1","line":76,"loc":{"start":{"line":74,"column":4},"end":{"line":85,"column":4}}},"4":{"name":"createPrizedLinkAccount","line":91,"loc":{"start":{"line":87,"column":4},"end":{"line":103,"column":4}}},"5":{"name":"depositPrizedLinkAccount","line":107,"loc":{"start":{"line":105,"column":4},"end":{"line":115,"column":4}}},"6":{"name":"_depositPrizedLinkAccount","line":117,"loc":{"start":{"line":117,"column":4},"end":{"line":123,"column":4}}},"7":{"name":"_createPrizedLinkTickets","line":127,"loc":{"start":{"line":125,"column":4},"end":{"line":145,"column":4}}},"8":{"name":"withdrawFor","line":147,"loc":{"start":{"line":147,"column":4},"end":{"line":149,"column":4}}},"9":{"name":"withdraw","line":151,"loc":{"start":{"line":151,"column":4},"end":{"line":153,"column":4}}},"10":{"name":"_withdrawPrizedLinkAccount","line":155,"loc":{"start":{"line":155,"column":4},"end":{"line":168,"column":4}}},"11":{"name":"_convertDepositToTotalTicket","line":170,"loc":{"start":{"line":170,"column":4},"end":{"line":176,"column":4}}},"12":{"name":"getEligibleAddressPendingAddedToDraw","line":178,"loc":{"start":{"line":178,"column":4},"end":{"line":195,"column":4}}},"13":{"name":"regenerateTicketForNextDraw","line":197,"loc":{"start":{"line":197,"column":4},"end":{"line":222,"column":4}}},"14":{"name":"getSavingAcountFor","line":227,"loc":{"start":{"line":224,"column":4},"end":{"line":240,"column":4}}},"15":{"name":"getTicketRangeById","line":242,"loc":{"start":{"line":242,"column":4},"end":{"line":253,"column":4}}}},"statementMap":{"1":{"start":{"line":33,"column":8},"end":{"line":33,"column":33}},"2":{"start":{"line":34,"column":8},"end":{"line":34,"column":968}},"3":{"start":{"line":41,"column":8},"end":{"line":41,"column":1189}},"4":{"start":{"line":46,"column":8},"end":{"line":46,"column":37}},"5":{"start":{"line":47,"column":8},"end":{"line":47,"column":40}},"6":{"start":{"line":48,"column":8},"end":{"line":48,"column":39}},"7":{"start":{"line":56,"column":8},"end":{"line":56,"column":1570}},"8":{"start":{"line":60,"column":8},"end":{"line":60,"column":53}},"9":{"start":{"line":61,"column":8},"end":{"line":61,"column":1833}},"10":{"start":{"line":64,"column":8},"end":{"line":64,"column":47}},"11":{"start":{"line":65,"column":8},"end":{"line":65,"column":1993}},"12":{"start":{"line":66,"column":12},"end":{"line":66,"column":39}},"13":{"start":{"line":67,"column":13},"end":{"line":67,"column":52}},"14":{"start":{"line":69,"column":12},"end":{"line":69,"column":44}},"15":{"start":{"line":71,"column":8},"end":{"line":71,"column":19}},"16":{"start":{"line":79,"column":8},"end":{"line":79,"column":41}},"17":{"start":{"line":80,"column":8},"end":{"line":80,"column":38}},"18":{"start":{"line":84,"column":8},"end":{"line":84,"column":51}},"19":{"start":{"line":92,"column":8},"end":{"line":92,"column":2750}},"20":{"start":{"line":96,"column":8},"end":{"line":96,"column":2934}},"21":{"start":{"line":102,"column":8},"end":{"line":102,"column":52}},"22":{"start":{"line":110,"column":8},"end":{"line":110,"column":3278}},"23":{"start":{"line":114,"column":8},"end":{"line":114,"column":55}},"24":{"start":{"line":121,"column":8},"end":{"line":121,"column":58}},"25":{"start":{"line":122,"column":8},"end":{"line":122,"column":52}},"26":{"start":{"line":130,"column":8},"end":{"line":130,"column":3891}},"27":{"start":{"line":133,"column":8},"end":{"line":133,"column":3996}},"28":{"start":{"line":138,"column":8},"end":{"line":138,"column":4127}},"29":{"start":{"line":144,"column":8},"end":{"line":144,"column":19}},"30":{"start":{"line":148,"column":8},"end":{"line":148,"column":56}},"31":{"start":{"line":152,"column":8},"end":{"line":152,"column":63}},"32":{"start":{"line":159,"column":8},"end":{"line":159,"column":53}},"33":{"start":{"line":160,"column":8},"end":{"line":160,"column":68}},"34":{"start":{"line":161,"column":8},"end":{"line":161,"column":53}},"35":{"start":{"line":162,"column":8},"end":{"line":162,"column":46}},"36":{"start":{"line":163,"column":8},"end":{"line":163,"column":59}},"37":{"start":{"line":164,"column":8},"end":{"line":164,"column":5048}},"38":{"start":{"line":165,"column":12},"end":{"line":165,"column":60}},"39":{"start":{"line":167,"column":8},"end":{"line":167,"column":19}},"40":{"start":{"line":175,"column":8},"end":{"line":175,"column":72}},"41":{"start":{"line":183,"column":8},"end":{"line":183,"column":17}},"42":{"start":{"line":184,"column":8},"end":{"line":184,"column":5585}},"43":{"start":{"line":185,"column":12},"end":{"line":185,"column":5648}},"44":{"start":{"line":191,"column":16},"end":{"line":191,"column":37}},"45":{"start":{"line":201,"column":8},"end":{"line":201,"column":24}},"46":{"start":{"line":202,"column":8},"end":{"line":202,"column":6177}},"47":{"start":{"line":203,"column":12},"end":{"line":203,"column":6240}},"48":{"start":{"line":209,"column":16},"end":{"line":209,"column":6554}},"49":{"start":{"line":218,"column":16},"end":{"line":218,"column":53}},"50":{"start":{"line":221,"column":8},"end":{"line":221,"column":24}},"51":{"start":{"line":239,"column":8},"end":{"line":239,"column":42}},"52":{"start":{"line":252,"column":8},"end":{"line":252,"column":30}}},"branchMap":{"1":{"line":56,"type":"if","locations":[{"start":{"line":56,"column":8},"end":{"line":56,"column":8}},{"start":{"line":56,"column":8},"end":{"line":56,"column":8}}]},"2":{"line":65,"type":"if","locations":[{"start":{"line":65,"column":8},"end":{"line":65,"column":8}},{"start":{"line":65,"column":8},"end":{"line":65,"column":8}}]},"3":{"line":92,"type":"if","locations":[{"start":{"line":92,"column":8},"end":{"line":92,"column":8}},{"start":{"line":92,"column":8},"end":{"line":92,"column":8}}]},"4":{"line":110,"type":"if","locations":[{"start":{"line":110,"column":8},"end":{"line":110,"column":8}},{"start":{"line":110,"column":8},"end":{"line":110,"column":8}}]},"5":{"line":133,"type":"if","locations":[{"start":{"line":133,"column":8},"end":{"line":133,"column":8}},{"start":{"line":133,"column":8},"end":{"line":133,"column":8}}]},"6":{"line":164,"type":"if","locations":[{"start":{"line":164,"column":8},"end":{"line":164,"column":8}},{"start":{"line":164,"column":8},"end":{"line":164,"column":8}}]},"7":{"line":185,"type":"if","locations":[{"start":{"line":185,"column":12},"end":{"line":185,"column":12}},{"start":{"line":185,"column":12},"end":{"line":185,"column":12}}]},"8":{"line":203,"type":"if","locations":[{"start":{"line":203,"column":12},"end":{"line":203,"column":12}},{"start":{"line":203,"column":12},"end":{"line":203,"column":12}}]},"9":{"line":218,"type":"if","locations":[{"start":{"line":218,"column":16},"end":{"line":218,"column":16}},{"start":{"line":218,"column":16},"end":{"line":218,"column":16}}]}}}}
