TN:
SF:/home/osboxes/prize-linked-account/contracts/abstracts/GluwacoinSavingAccount.sol
FN:58,__GluwacoinSavingAccount_init_unchained
FN:76,_getSavingAccountFor
FN:104,_createSavingAccount
FN:166,_withdraw
FN:182,_deposit
FN:222,getDeposit
FN:245,getSavingAcount
FN:265,getSavingSettings
FN:285,_setAccountSavingSettings
FN:302,_calculateearning
FN:316,_validateSavingBalance
FNF:11
FNH:9
FNDA:25,__GluwacoinSavingAccount_init_unchained
FNDA:2,_getSavingAccountFor
FNDA:183,_createSavingAccount
FNDA:4,_withdraw
FNDA:6,_deposit
FNDA:1,getDeposit
FNDA:0,getSavingAcount
FNDA:2,getSavingSettings
FNDA:3,_setAccountSavingSettings
FNDA:0,_calculateearning
FNDA:189,_validateSavingBalance
DA:59,25
DA:60,25
DA:61,25
DA:62,25
DA:63,25
DA:64,25
DA:69,25
DA:90,2
DA:92,2
DA:110,183
DA:111,182
DA:115,182
DA:119,181
DA:124,180
DA:130,180
DA:137,180
DA:148,180
DA:155,180
DA:156,180
DA:157,180
DA:158,180
DA:159,180
DA:160,180
DA:161,180
DA:163,180
DA:170,4
DA:172,4
DA:176,4
DA:177,4
DA:178,4
DA:179,4
DA:188,6
DA:190,5
DA:193,5
DA:198,5
DA:199,5
DA:200,2
DA:202,5
DA:203,5
DA:209,5
DA:216,5
DA:218,5
DA:219,5
DA:233,1
DA:236,1
DA:259,0
DA:276,2
DA:291,3
DA:292,3
DA:293,3
DA:294,3
DA:308,0
DA:313,0
DA:317,189
LF:54
LH:51
BRDA:111,1,0,182
BRDA:111,1,1,0
BRDA:115,2,0,181
BRDA:115,2,1,1
BRDA:119,3,0,180
BRDA:119,3,1,1
BRDA:172,4,0,4
BRDA:172,4,1,0
BRDA:193,5,0,5
BRDA:193,5,1,0
BRDA:199,6,0,2
BRDA:199,6,1,3
BRDA:317,7,0,187
BRDA:317,7,1,2
BRF:14
BRH:11
end_of_record
TN:
SF:/home/osboxes/prize-linked-account/contracts/abstracts/GluwaPrizeDraw.sol
FN:47,__GluwaPrizeDraw_init_unchained
FN:54,_setGluwaPrizeDrawSettings
FN:64,_getGluwaPrizeDrawSettings
FN:76,_randomNumber
FN:97,findMinMaxForDraw
FN:107,_findDrawWinner
FN:120,getDrawWinner
FN:146,_calculateDrawTime
FN:196,_createTicketForDeposit
FN:211,_createTicket
FN:247,_removeTicket
FN:290,_getTicket
FN:306,_getTicketIdentifierDetails
FN:315,_getTickerIdsByOwnerAndDraw
FN:322,getDrawDetails
FN:338,getAmountBroughtToNextDraw
FNF:16
FNH:15
FNDA:25,__GluwaPrizeDraw_init_unchained
FNDA:3,_setGluwaPrizeDrawSettings
FNDA:2,_getGluwaPrizeDrawSettings
FNDA:5,_randomNumber
FNDA:8,findMinMaxForDraw
FNDA:5,_findDrawWinner
FNDA:8,getDrawWinner
FNDA:189,_calculateDrawTime
FNDA:185,_createTicketForDeposit
FNDA:185,_createTicket
FNDA:4,_removeTicket
FNDA:34,_getTicket
FNDA:38,_getTicketIdentifierDetails
FNDA:5,_getTickerIdsByOwnerAndDraw
FNDA:6,getDrawDetails
FNDA:0,getAmountBroughtToNextDraw
DA:48,25
DA:49,25
DA:50,25
DA:51,25
DA:59,3
DA:60,3
DA:61,3
DA:73,2
DA:81,5
DA:94,5
DA:102,8
DA:103,8
DA:104,8
DA:111,5
DA:115,5
DA:116,5
DA:117,5
DA:125,8
DA:129,8
DA:130,92
DA:138,4
DA:141,4
DA:151,189
DA:154,189
DA:155,189
DA:160,189
DA:162,189
DA:166,189
DA:167,0
DA:168,0
DA:170,0
DA:171,0
DA:173,0
DA:175,189
DA:177,189
DA:178,189
DA:179,189
DA:181,0
DA:182,0
DA:185,189
DA:186,189
DA:202,185
DA:217,185
DA:218,185
DA:219,185
DA:220,185
DA:222,185
DA:223,185
DA:228,185
DA:229,185
DA:230,185
DA:231,185
DA:234,185
DA:235,185
DA:236,185
DA:243,185
DA:244,185
DA:253,4
DA:254,4
DA:255,4
DA:260,4
DA:265,4
DA:266,0
DA:267,0
DA:272,4
DA:274,4
DA:277,4
DA:278,0
DA:279,0
DA:283,4
DA:284,4
DA:287,4
DA:300,34
DA:301,34
DA:302,34
DA:303,34
DA:311,38
DA:312,38
DA:319,5
DA:332,6
DA:333,6
DA:334,6
DA:335,6
DA:339,0
LF:84
LH:72
BRDA:111,1,0,5
BRDA:111,1,1,0
BRDA:125,2,0,8
BRDA:125,2,1,0
BRDA:130,3,0,4
BRDA:130,3,1,88
BRDA:155,4,0,189
BRDA:155,4,1,0
BRDA:166,5,0,0
BRDA:166,5,1,189
BRDA:167,6,0,0
BRDA:167,6,1,0
BRDA:177,7,0,189
BRDA:177,7,1,0
BRDA:253,8,0,4
BRDA:253,8,1,0
BRDA:265,9,0,0
BRDA:265,9,1,4
BRDA:277,10,0,0
BRDA:277,10,1,4
BRF:20
BRH:10
end_of_record
TN:
SF:/home/osboxes/prize-linked-account/contracts/abstracts/IDepositableAccount.sol
FNF:0
FNH:0
LF:0
LH:0
BRF:0
BRH:0
end_of_record
TN:
SF:/home/osboxes/prize-linked-account/contracts/abstracts/IERC20.sol
FNF:0
FNH:0
LF:0
LH:0
BRF:0
BRH:0
end_of_record
TN:
SF:/home/osboxes/prize-linked-account/contracts/abstracts/VaultControl.sol
FN:10,__VaultControl_Init
FN:17,onlyAdmin
FN:23,onlyOperator
FN:29,isAdmin
FN:34,addAdmin
FN:39,isOperator
FN:44,addOperator
FN:49,removeOperator
FN:54,renounceAdmin
FN:61,renounceOperator
FNF:10
FNH:3
FNDA:25,__VaultControl_Init
FNDA:0,onlyAdmin
FNDA:397,onlyOperator
FNDA:0,isAdmin
FNDA:0,addAdmin
FNDA:397,isOperator
FNDA:0,addOperator
FNDA:0,removeOperator
FNDA:0,renounceAdmin
FNDA:0,renounceOperator
DA:11,25
DA:12,25
DA:13,25
DA:18,0
DA:19,0
DA:24,397
DA:25,397
DA:30,0
DA:35,0
DA:40,397
DA:45,0
DA:50,0
DA:55,0
DA:56,0
DA:57,0
DA:62,0
LF:16
LH:6
BRDA:18,1,0,0
BRDA:18,1,1,0
BRDA:24,2,0,397
BRDA:24,2,1,0
BRF:4
BRH:1
end_of_record
TN:
SF:/home/osboxes/prize-linked-account/contracts/libs/AccessControl.sol
FN:41,__AccessControl_init
FN:45,__AccessControl_init_unchained
FN:79,onlyAdmin
FN:88,hasRole
FN:96,getRoleMemberCount
FN:112,getRoleMember
FN:122,getRoleAdmin
FN:136,grantRole
FN:151,revokeRole
FN:171,renounceRole
FN:193,_setupRole
FN:200,_setRoleAdmin
FN:204,_grantRole
FN:210,_revokeRole
FNF:14
FNH:4
FNDA:0,__AccessControl_init
FNDA:0,__AccessControl_init_unchained
FNDA:0,onlyAdmin
FNDA:397,hasRole
FNDA:0,getRoleMemberCount
FNDA:0,getRoleMember
FNDA:0,getRoleAdmin
FNDA:0,grantRole
FNDA:0,revokeRole
FNDA:0,renounceRole
FNDA:50,_setupRole
FNDA:25,_setRoleAdmin
FNDA:50,_grantRole
FNDA:0,_revokeRole
DA:42,0
DA:80,0
DA:81,0
DA:89,397
DA:97,0
DA:113,0
DA:123,0
DA:137,0
DA:139,0
DA:152,0
DA:154,0
DA:172,0
DA:174,0
DA:194,50
DA:201,25
DA:205,50
DA:206,50
DA:211,0
DA:212,0
LF:19
LH:5
BRDA:80,1,0,0
BRDA:80,1,1,0
BRDA:137,2,0,0
BRDA:137,2,1,0
BRDA:152,3,0,0
BRDA:152,3,1,0
BRDA:172,4,0,0
BRDA:172,4,1,0
BRDA:205,5,0,50
BRDA:205,5,1,0
BRDA:211,6,0,0
BRDA:211,6,1,0
BRF:12
BRH:1
end_of_record
TN:
SF:/home/osboxes/prize-linked-account/contracts/libs/Address.sol
FN:18,isContract
FN:34,toPayable
FN:56,sendValue
FNF:3
FNH:0
FNDA:0,isContract
FNDA:0,toPayable
FNDA:0,sendValue
DA:23,0
DA:25,0
DA:26,0
DA:35,0
DA:57,0
DA:60,0
DA:61,0
LF:7
LH:0
BRDA:57,1,0,0
BRDA:57,1,1,0
BRDA:61,2,0,0
BRDA:61,2,1,0
BRF:4
BRH:0
end_of_record
TN:
SF:/home/osboxes/prize-linked-account/contracts/libs/DateTimeModel.sol
FN:24,isLeapYear
FN:31,getTotalLeapYearBefore
FN:36,getYear
FN:57,getDaysInMonth
FN:72,getHour
FN:76,getMinute
FN:80,getSecond
FN:84,toTimeStamp
FN:129,toDateTime
FNF:9
FNH:8
FNDA:0,isLeapYear
FNDA:756,getTotalLeapYearBefore
FNDA:189,getYear
FNDA:189,getDaysInMonth
FNDA:378,getHour
FNDA:378,getMinute
FNDA:378,getSecond
FNDA:189,toTimeStamp
FNDA:189,toDateTime
DA:25,0
DA:32,756
DA:33,756
DA:37,189
DA:38,189
DA:41,189
DA:46,189
DA:47,0
DA:48,189
DA:50,0
DA:52,0
DA:54,189
DA:62,378
DA:63,0
DA:64,0
DA:66,0
DA:68,189
DA:73,378
DA:77,378
DA:81,378
DA:92,189
DA:93,9828
DA:94,2457
DA:95,2457
DA:97,7371
DA:98,189
DA:99,189
DA:100,189
DA:102,0
DA:106,189
DA:107,189
DA:108,189
DA:109,189
DA:111,189
DA:113,189
DA:114,189
DA:115,189
DA:116,189
DA:117,189
DA:118,189
DA:119,0
DA:120,0
DA:121,0
DA:122,0
DA:124,0
DA:125,0
DA:134,189
DA:135,189
DA:137,189
DA:142,189
DA:143,189
DA:144,189
DA:145,189
DA:146,189
DA:147,189
DA:148,189
DA:149,189
DA:150,189
DA:152,0
DA:155,189
DA:156,3959
DA:157,189
DA:158,189
DA:160,3770
DA:163,189
DA:164,189
DA:165,189
LF:67
LH:52
BRDA:47,1,0,189
BRDA:47,1,1,0
BRDA:62,2,0,0
BRDA:62,2,1,189
BRDA:63,3,0,189
BRDA:63,3,1,189
BRDA:65,4,0,0
BRDA:65,4,1,189
BRDA:99,5,0,189
BRDA:99,5,1,0
BRDA:108,6,0,189
BRDA:108,6,1,189
BRDA:148,7,0,189
BRDA:148,7,1,0
BRDA:156,8,0,189
BRDA:156,8,1,3770
BRF:16
BRH:11
end_of_record
TN:
SF:/home/osboxes/prize-linked-account/contracts/libs/DrawTicketModel.sol
FNF:0
FNH:0
LF:0
LH:0
BRF:0
BRH:0
end_of_record
TN:
SF:/home/osboxes/prize-linked-account/contracts/libs/EnumerableSet.sol
FN:52,_add
FN:70,_remove
FN:107,_contains
FN:114,_length
FN:128,_at
FN:145,add
FN:155,remove
FN:162,contains
FN:169,length
FN:183,at
FN:200,add
FN:210,remove
FN:217,contains
FN:224,length
FN:238,at
FNF:15
FNH:4
FNDA:50,_add
FNDA:0,_remove
FNDA:447,_contains
FNDA:0,_length
FNDA:0,_at
FNDA:50,add
FNDA:0,remove
FNDA:397,contains
FNDA:0,length
FNDA:0,at
FNDA:0,add
FNDA:0,remove
FNDA:0,contains
FNDA:0,length
FNDA:0,at
DA:53,50
DA:54,50
DA:57,50
DA:58,50
DA:60,0
DA:72,0
DA:74,0
DA:79,0
DA:80,0
DA:85,0
DA:88,0
DA:90,0
DA:93,0
DA:96,0
DA:98,0
DA:100,0
DA:108,447
DA:115,0
DA:129,0
DA:130,0
DA:146,50
DA:156,0
DA:163,397
DA:170,0
DA:184,0
DA:201,0
DA:211,0
DA:218,0
DA:225,0
DA:239,0
LF:30
LH:7
BRDA:53,1,0,50
BRDA:53,1,1,0
BRDA:74,2,0,0
BRDA:74,2,1,0
BRDA:129,3,0,0
BRDA:129,3,1,0
BRF:6
BRH:1
end_of_record
TN:
SF:/home/osboxes/prize-linked-account/contracts/libs/GluwaAccountModel.sol
FN:45,generateDepositHash
FN:54,generateAccountHash
FNF:2
FNH:0
FNDA:0,generateDepositHash
FNDA:0,generateAccountHash
DA:51,0
DA:59,0
LF:2
LH:0
BRF:0
BRH:0
end_of_record
TN:
SF:/home/osboxes/prize-linked-account/contracts/libs/HashMapIndex.sol
FN:22,add
FN:34,get
FNF:2
FNH:1
FNDA:365,add
FNDA:0,get
DA:23,365
DA:24,365
DA:25,365
DA:39,0
LF:4
LH:3
BRF:0
BRH:0
end_of_record
TN:
SF:/home/osboxes/prize-linked-account/contracts/libs/SimpleIndex.sol
FN:19,add
FN:27,set
FNF:2
FNH:1
FNDA:185,add
FNDA:0,set
DA:20,185
DA:28,0
LF:2
LH:1
BRF:0
BRH:0
end_of_record
TN:
SF:/home/osboxes/prize-linked-account/contracts/libs/UintArrayUtil.sol
FN:5,removeByIndex
FN:15,removeByValue
FN:29,add
FNF:3
FNH:0
FNDA:0,removeByIndex
FNDA:0,removeByValue
FNDA:0,add
DA:6,0
DA:8,0
DA:9,0
DA:11,0
DA:16,0
DA:17,0
DA:18,0
DA:19,0
DA:20,0
DA:22,0
DA:23,0
DA:25,0
DA:30,0
LF:13
LH:0
BRDA:6,1,0,0
BRDA:6,1,1,0
BRDA:16,2,0,0
BRDA:16,2,1,0
BRDA:19,3,0,0
BRDA:19,3,1,0
BRF:6
BRH:0
end_of_record
TN:
SF:/home/osboxes/prize-linked-account/contracts/libs/Validate.sol
FN:17,validateSignature
FNF:1
FNH:0
FNDA:0,validateSignature
DA:18,0
DA:20,0
DA:21,0
DA:23,0
LF:4
LH:0
BRDA:21,1,0,0
BRDA:21,1,1,0
BRF:2
BRH:0
end_of_record
TN:
SF:/home/osboxes/prize-linked-account/contracts/mocks/ExtendedERC20.sol
FN:34,_ExtendedERC20_init
FN:44,name
FN:52,symbol
FN:69,decimals
FN:76,totalSupply
FN:83,balanceOf
FN:95,transfer
FN:103,allowance
FN:114,approve
FN:131,transferFrom
FN:153,increaseAllowance
FN:172,decreaseAllowance
FN:194,_transfer
FN:217,_mint
FN:239,_burn
FN:265,_approve
FN:279,_burnFrom
FN:292,_beforeTokenTransfer
FNF:18
FNH:0
FNDA:0,_ExtendedERC20_init
FNDA:0,name
FNDA:0,symbol
FNDA:0,decimals
FNDA:0,totalSupply
FNDA:0,balanceOf
FNDA:0,transfer
FNDA:0,allowance
FNDA:0,approve
FNDA:0,transferFrom
FNDA:0,increaseAllowance
FNDA:0,decreaseAllowance
FNDA:0,_transfer
FNDA:0,_mint
FNDA:0,_burn
FNDA:0,_approve
FNDA:0,_burnFrom
FNDA:0,_beforeTokenTransfer
DA:35,0
DA:36,0
DA:37,0
DA:45,0
DA:53,0
DA:70,0
DA:77,0
DA:84,0
DA:96,0
DA:97,0
DA:104,0
DA:115,0
DA:116,0
DA:132,0
DA:134,0
DA:135,0
DA:136,0
DA:138,0
DA:154,0
DA:155,0
DA:173,0
DA:174,0
DA:175,0
DA:177,0
DA:195,0
DA:196,0
DA:198,0
DA:200,0
DA:201,0
DA:202,0
DA:203,0
DA:205,0
DA:218,0
DA:220,0
DA:222,0
DA:223,0
DA:225,0
DA:240,0
DA:242,0
DA:244,0
DA:245,0
DA:246,0
DA:247,0
DA:249,0
DA:266,0
DA:267,0
DA:269,0
DA:270,0
DA:280,0
DA:281,0
DA:283,0
DA:284,0
DA:286,0
LF:53
LH:0
BRDA:135,1,0,0
BRDA:135,1,1,0
BRDA:174,2,0,0
BRDA:174,2,1,0
BRDA:195,3,0,0
BRDA:195,3,1,0
BRDA:196,4,0,0
BRDA:196,4,1,0
BRDA:201,5,0,0
BRDA:201,5,1,0
BRDA:218,6,0,0
BRDA:218,6,1,0
BRDA:240,7,0,0
BRDA:240,7,1,0
BRDA:245,8,0,0
BRDA:245,8,1,0
BRDA:266,9,0,0
BRDA:266,9,1,0
BRDA:267,10,0,0
BRDA:267,10,1,0
BRDA:281,11,0,0
BRDA:281,11,1,0
BRF:22
BRH:0
end_of_record
TN:
SF:/home/osboxes/prize-linked-account/contracts/mocks/SandboxGluwacoin.sol
FN:19,_msgSender
FN:23,_msgData
FN:58,recover
FN:114,toEthSignedMessageHash
FN:147,isContract
FN:166,toPayable
FN:192,sendValue
FN:222,validateSignature
FN:251,_validateSignature
FN:273,_useNonce
FN:309,add
FN:325,sub
FN:340,sub
FN:360,mul
FN:385,div
FN:402,div
FN:426,mod
FN:443,mod
FN:575,initializer
FN:595,isConstructor
FN:646,constructor
FN:659,name
FN:667,symbol
FN:684,decimals
FN:691,totalSupply
FN:698,balanceOf
FN:710,transfer
FN:718,allowance
FN:733,approve
FN:750,transferFrom
FN:779,increaseAllowance
FN:805,decreaseAllowance
FN:833,_transfer
FN:863,_mint
FN:885,_burn
FN:911,_approve
FN:929,_burnFrom
FN:945,_beforeTokenTransfer
FN:982,constructor
FN:989,paused
FN:996,whenNotPaused
FN:1004,whenPaused
FN:1012,_pause
FN:1021,_unpause
FN:1080,_add
FN:1098,_remove
FN:1136,_contains
FN:1147,_length
FN:1161,_at
FN:1185,add
FN:1198,remove
FN:1208,contains
FN:1219,length
FN:1233,at
FN:1253,add
FN:1263,remove
FN:1273,contains
FN:1284,length
FN:1298,at
FN:1343,__AccessControl_init
FN:1347,__AccessControl_init_unchained
FN:1386,onlyAdmin
FN:1397,hasRole
FN:1405,getRoleMemberCount
FN:1421,getRoleMember
FN:1435,getRoleAdmin
FN:1449,grantRole
FN:1467,revokeRole
FN:1490,renounceRole
FN:1515,_setupRole
FN:1522,_setRoleAdmin
FN:1526,_grantRole
FN:1532,_revokeRole
FN:1563,constructor
FN:1568,pause
FN:1572,unpause
FN:1597,transfer
FN:1620,transfer
FN:1637,transferFrom
FN:1644,burn
FN:1655,_beforeTokenTransfer
FN:1666,_collect
FN:1672,mint
FNF:83
FNH:16
FNDA:0,_msgSender
FNDA:0,_msgData
FNDA:0,recover
FNDA:0,toEthSignedMessageHash
FNDA:0,isContract
FNDA:0,toPayable
FNDA:0,sendValue
FNDA:0,validateSignature
FNDA:0,_validateSignature
FNDA:0,_useNonce
FNDA:0,add
FNDA:0,sub
FNDA:0,sub
FNDA:0,mul
FNDA:0,div
FNDA:0,div
FNDA:0,mod
FNDA:0,mod
FNDA:0,initializer
FNDA:0,isConstructor
FNDA:0,constructor
FNDA:0,name
FNDA:198,symbol
FNDA:0,decimals
FNDA:0,totalSupply
FNDA:1,balanceOf
FNDA:221,transfer
FNDA:187,allowance
FNDA:187,approve
FNDA:187,transferFrom
FNDA:0,increaseAllowance
FNDA:0,decreaseAllowance
FNDA:382,_transfer
FNDA:240,_mint
FNDA:0,_burn
FNDA:408,_approve
FNDA:0,_burnFrom
FNDA:0,_beforeTokenTransfer
FNDA:191,constructor
FNDA:0,paused
FNDA:0,whenNotPaused
FNDA:0,whenPaused
FNDA:0,_pause
FNDA:0,_unpause
FNDA:0,_add
FNDA:0,_remove
FNDA:0,_contains
FNDA:150,_length
FNDA:0,_at
FNDA:0,add
FNDA:0,remove
FNDA:0,contains
FNDA:0,length
FNDA:0,at
FNDA:0,add
FNDA:0,remove
FNDA:0,contains
FNDA:0,length
FNDA:0,at
FNDA:240,__AccessControl_init
FNDA:0,__AccessControl_init_unchained
FNDA:0,onlyAdmin
FNDA:0,hasRole
FNDA:0,getRoleMemberCount
FNDA:0,getRoleMember
FNDA:0,getRoleAdmin
FNDA:0,grantRole
FNDA:0,revokeRole
FNDA:0,renounceRole
FNDA:150,_setupRole
FNDA:0,_setRoleAdmin
FNDA:0,_grantRole
FNDA:0,_revokeRole
FNDA:0,constructor
FNDA:0,pause
FNDA:0,unpause
FNDA:0,transfer
FNDA:4,transfer
FNDA:0,transferFrom
FNDA:191,burn
FNDA:240,_beforeTokenTransfer
FNDA:0,_collect
FNDA:0,mint
DA:20,0
DA:24,0
DA:25,0
DA:64,0
DA:65,0
DA:69,0
DA:70,0
DA:71,0
DA:76,0
DA:91,0
DA:95,0
DA:98,0
DA:99,0
DA:103,0
DA:121,0
DA:152,0
DA:154,0
DA:157,0
DA:171,0
DA:193,0
DA:199,0
DA:200,0
DA:227,0
DA:229,0
DA:230,0
DA:232,0
DA:260,0
DA:270,0
DA:274,0
DA:278,0
DA:310,0
DA:311,0
DA:313,0
DA:326,0
DA:345,0
DA:346,0
DA:348,0
DA:364,0
DA:365,0
DA:368,0
DA:369,0
DA:371,0
DA:386,0
DA:408,0
DA:409,0
DA:412,0
DA:427,0
DA:448,0
DA:449,0
DA:576,0
DA:581,0
DA:582,0
DA:583,0
DA:584,0
DA:587,0
DA:589,0
DA:590,0
DA:601,0
DA:602,0
DA:603,0
DA:606,0
DA:651,0
DA:652,25
DA:653,25
DA:660,0
DA:668,198
DA:685,0
DA:692,1
DA:699,221
DA:711,221
DA:712,187
DA:723,187
DA:734,187
DA:735,187
DA:755,187
DA:757,0
DA:758,0
DA:762,0
DA:764,0
DA:783,0
DA:788,0
DA:809,382
DA:810,382
DA:814,382
DA:816,382
DA:838,382
DA:839,382
DA:841,382
DA:843,382
DA:844,240
DA:848,240
DA:849,240
DA:851,240
DA:864,240
DA:866,0
DA:868,0
DA:869,0
DA:871,0
DA:886,0
DA:888,0
DA:890,0
DA:891,408
DA:892,408
DA:893,408
DA:895,408
DA:916,408
DA:917,0
DA:919,0
DA:920,0
DA:930,0
DA:931,622
DA:936,0
DA:937,0
DA:939,0
DA:983,191
DA:990,0
DA:997,0
DA:998,0
DA:1005,0
DA:1006,0
DA:1013,0
DA:1014,0
DA:1015,0
DA:1022,0
DA:1023,0
DA:1024,0
DA:1081,0
DA:1082,0
DA:1085,0
DA:1086,0
DA:1088,0
DA:1100,0
DA:1102,0
DA:1108,0
DA:1109,0
DA:1114,0
DA:1117,0
DA:1119,390
DA:1122,390
DA:1125,0
DA:1127,0
DA:1129,0
DA:1141,0
DA:1148,150
DA:1166,0
DA:1170,240
DA:1189,0
DA:1202,0
DA:1213,0
DA:1220,0
DA:1238,0
DA:1254,0
DA:1267,0
DA:1278,0
DA:1285,0
DA:1303,0
DA:1344,240
DA:1387,0
DA:1391,0
DA:1398,0
DA:1406,0
DA:1426,0
DA:1436,0
DA:1450,0
DA:1455,0
DA:1468,0
DA:1473,150
DA:1491,0
DA:1496,150
DA:1516,150
DA:1523,0
DA:1527,0
DA:1528,0
DA:1533,0
DA:1534,0
DA:1564,0
DA:1565,0
DA:1569,0
DA:1573,0
DA:1598,0
DA:1599,0
DA:1600,4
DA:1602,4
DA:1612,4
DA:1613,4
DA:1615,4
DA:1623,4
DA:1624,187
DA:1625,187
DA:1627,187
DA:1628,187
DA:1630,187
DA:1638,0
DA:1639,0
DA:1640,191
DA:1641,191
DA:1645,191
DA:1646,240
DA:1656,240
DA:1667,0
DA:1675,0
DA:1676,0
LF:202
LH:55
BRDA:64,1,0,0
BRDA:64,1,1,0
BRDA:91,2,0,0
BRDA:91,2,1,0
BRDA:98,3,0,0
BRDA:98,3,1,0
BRDA:193,4,0,0
BRDA:193,4,1,0
BRDA:200,5,0,0
BRDA:200,5,1,0
BRDA:230,6,0,0
BRDA:230,6,1,0
BRDA:274,7,0,0
BRDA:274,7,1,0
BRDA:311,8,0,0
BRDA:311,8,1,0
BRDA:345,9,0,0
BRDA:345,9,1,0
BRDA:364,10,0,0
BRDA:364,10,1,0
BRDA:369,11,0,0
BRDA:369,11,1,0
BRDA:408,12,0,0
BRDA:408,12,1,0
BRDA:448,13,0,0
BRDA:448,13,1,0
BRDA:576,14,0,0
BRDA:576,14,1,0
BRDA:582,15,0,0
BRDA:582,15,1,0
BRDA:589,16,0,0
BRDA:589,16,1,0
BRDA:758,17,0,0
BRDA:758,17,1,0
BRDA:810,18,0,382
BRDA:810,18,1,0
BRDA:838,19,0,382
BRDA:838,19,1,0
BRDA:839,20,0,382
BRDA:839,20,1,0
BRDA:844,21,0,240
BRDA:844,21,1,0
BRDA:864,22,0,0
BRDA:864,22,1,240
BRDA:886,23,0,0
BRDA:886,23,1,0
BRDA:891,24,0,408
BRDA:891,24,1,0
BRDA:916,25,0,0
BRDA:916,25,1,408
BRDA:917,26,0,0
BRDA:917,26,1,0
BRDA:931,27,0,0
BRDA:931,27,1,0
BRDA:997,28,0,0
BRDA:997,28,1,0
BRDA:1005,29,0,0
BRDA:1005,29,1,0
BRDA:1081,30,0,0
BRDA:1081,30,1,0
BRDA:1102,31,0,0
BRDA:1102,31,1,0
BRDA:1166,32,0,0
BRDA:1166,32,1,0
BRDA:1387,33,0,0
BRDA:1387,33,1,0
BRDA:1450,34,0,0
BRDA:1450,34,1,0
BRDA:1468,35,0,0
BRDA:1468,35,1,0
BRDA:1491,36,0,0
BRDA:1491,36,1,0
BRDA:1527,37,0,0
BRDA:1527,37,1,0
BRDA:1533,38,0,0
BRDA:1533,38,1,0
BRDA:1656,39,0,0
BRDA:1656,39,1,240
BRF:78
BRH:8
end_of_record
TN:
SF:/home/osboxes/prize-linked-account/contracts/mocks/SandboxPrizeLinkedAccountVault.sol
FN:9,makeDrawV1_Dummy
FN:18,makeDrawV1
FN:35,createPrizedLinkAccount
FN:51,depositPrizedLinkAccount
FNF:4
FNH:3
FNDA:2,makeDrawV1_Dummy
FNDA:5,makeDrawV1
FNDA:10,createPrizedLinkAccount
FNDA:0,depositPrizedLinkAccount
DA:12,2
DA:13,2
DA:21,5
DA:22,5
DA:23,5
DA:26,5
DA:36,10
DA:40,10
DA:46,10
DA:54,0
DA:58,0
LF:11
LH:9
BRDA:36,1,0,10
BRDA:36,1,1,0
BRDA:54,2,0,0
BRDA:54,2,1,0
BRF:4
BRH:1
end_of_record
TN:
SF:/home/osboxes/prize-linked-account/contracts/PrizeLinkedAccountVault.sol
FN:35,initialize
FN:56,awardWinnerV1
FN:80,makeDrawV1
FN:99,createPrizedLinkAccount
FN:115,depositPrizedLinkAccount
FN:125,_depositPrizedLinkAccount
FN:137,_createPrizedLinkTickets
FN:159,withdrawFor
FN:165,withdraw
FN:171,withdrawUnclaimedAccount
FN:182,_withdrawPrizedLinkAccount
FN:198,_convertDepositToTotalTicket
FN:206,getEligibleAddressPendingAddedToDraw
FN:225,regenerateTicketForNextDraw
FN:254,invest
FN:283,setPrizeLinkedAccountSettings
FN:296,getPrizeLinkedAccountSettings
FN:334,getSavingAcountFor
FN:349,getTicketRangeById
FN:362,getTickerIdsByOwnerAndDraw
FN:373,getTickerIdsByOwnerAndDrawFor
FNF:21
FNH:14
FNDA:25,initialize
FNDA:4,awardWinnerV1
FNDA:0,makeDrawV1
FNDA:173,createPrizedLinkAccount
FNDA:4,depositPrizedLinkAccount
FNDA:6,_depositPrizedLinkAccount
FNDA:185,_createPrizedLinkTickets
FNDA:4,withdrawFor
FNDA:0,withdraw
FNDA:0,withdrawUnclaimedAccount
FNDA:4,_withdrawPrizedLinkAccount
FNDA:189,_convertDepositToTotalTicket
FNDA:0,getEligibleAddressPendingAddedToDraw
FNDA:0,regenerateTicketForNextDraw
FNDA:0,invest
FNDA:3,setPrizeLinkedAccountSettings
FNDA:2,getPrizeLinkedAccountSettings
FNDA:2,getSavingAcountFor
FNDA:34,getTicketRangeById
FNDA:0,getTickerIdsByOwnerAndDraw
FNDA:5,getTickerIdsByOwnerAndDrawFor
DA:36,25
DA:37,25
DA:43,25
DA:48,25
DA:49,25
DA:50,25
DA:51,25
DA:59,4
DA:63,4
DA:64,4
DA:67,4
DA:68,4
DA:69,2
DA:70,2
DA:72,2
DA:74,4
DA:75,4
DA:83,0
DA:87,0
DA:88,0
DA:89,0
DA:92,0
DA:100,173
DA:104,173
DA:110,170
DA:118,4
DA:122,4
DA:131,6
DA:132,5
DA:140,185
DA:143,185
DA:148,185
DA:154,185
DA:162,4
DA:166,0
DA:174,0
DA:187,4
DA:188,4
DA:189,4
DA:190,4
DA:191,4
DA:192,4
DA:193,0
DA:195,4
DA:203,189
DA:211,0
DA:212,0
DA:213,0
DA:219,0
DA:220,0
DA:229,0
DA:230,0
DA:231,0
DA:237,0
DA:245,0
DA:246,0
DA:249,0
DA:257,0
DA:261,0
DA:262,0
DA:267,0
DA:268,0
DA:269,0
DA:284,3
DA:285,3
DA:286,3
DA:287,3
DA:293,3
DA:313,2
DA:314,2
DA:315,2
DA:316,2
DA:324,2
DA:346,2
DA:359,34
DA:367,0
DA:376,5
LF:77
LH:50
BRDA:59,1,0,4
BRDA:59,1,1,0
BRDA:68,2,0,2
BRDA:68,2,1,2
BRDA:83,3,0,0
BRDA:83,3,1,0
BRDA:100,4,0,173
BRDA:100,4,1,0
BRDA:118,5,0,4
BRDA:118,5,1,0
BRDA:143,6,0,185
BRDA:143,6,1,0
BRDA:192,7,0,0
BRDA:192,7,1,4
BRDA:213,8,0,0
BRDA:213,8,1,0
BRDA:231,9,0,0
BRDA:231,9,1,0
BRDA:246,10,0,0
BRDA:246,10,1,0
BRDA:257,11,0,0
BRDA:257,11,1,0
BRDA:262,12,0,0
BRDA:262,12,1,0
BRF:24
BRH:7
end_of_record
