TN:
SF:/home/osboxes/prize-linked-account/contracts/abstracts/GluwacoinSavingAccount.sol
FN:61,__GluwacoinSavingAccount_init_unchained
FN:79,_getSavingAccountFor
FN:107,_createSavingAccount
FN:178,_withdraw
FN:192,_deposit
FN:238,getCurrentbalance
FN:242,getDeposit
FN:265,getSavingAcount
FN:285,getSavingSettings
FN:307,_setSavingSettings
FN:326,_calculateearning
FN:340,_validateSavingBalance
FNF:12
FNH:2
FNDA:1,__GluwacoinSavingAccount_init_unchained
FNDA:0,_getSavingAccountFor
FNDA:3,_createSavingAccount
FNDA:0,_withdraw
FNDA:0,_deposit
FNDA:0,getCurrentbalance
FNDA:0,getDeposit
FNDA:0,getSavingAcount
FNDA:0,getSavingSettings
FNDA:0,_setSavingSettings
FNDA:0,_calculateearning
FNDA:0,_validateSavingBalance
DA:62,1
DA:63,1
DA:64,1
DA:65,1
DA:66,1
DA:67,1
DA:72,1
DA:93,0
DA:95,0
DA:113,3
DA:117,3
DA:121,3
DA:125,3
DA:130,3
DA:135,3
DA:141,3
DA:148,3
DA:159,3
DA:166,3
DA:167,3
DA:168,3
DA:169,3
DA:170,3
DA:171,3
DA:172,3
DA:173,3
DA:175,3
DA:179,0
DA:181,0
DA:185,0
DA:186,0
DA:187,0
DA:188,0
DA:189,0
DA:197,0
DA:201,0
DA:204,0
DA:209,0
DA:213,0
DA:214,0
DA:215,0
DA:216,0
DA:222,0
DA:229,0
DA:231,0
DA:232,0
DA:239,0
DA:253,0
DA:256,0
DA:279,0
DA:297,0
DA:314,0
DA:315,0
DA:316,0
DA:317,0
DA:318,0
DA:332,0
DA:337,0
DA:341,0
LF:59
LH:25
BRDA:113,1,0,3
BRDA:113,1,1,0
BRDA:117,2,0,3
BRDA:117,2,1,0
BRDA:121,3,0,3
BRDA:121,3,1,0
BRDA:125,4,0,3
BRDA:125,4,1,0
BRDA:130,5,0,3
BRDA:130,5,1,0
BRDA:181,6,0,0
BRDA:181,6,1,0
BRDA:197,7,0,0
BRDA:197,7,1,0
BRDA:204,8,0,0
BRDA:204,8,1,0
BRDA:209,9,0,0
BRDA:209,9,1,0
BRDA:341,10,0,0
BRDA:341,10,1,0
BRF:20
BRH:5
end_of_record
TN:
SF:/home/osboxes/prize-linked-account/contracts/abstracts/GluwaPrizeDraw.sol
FN:49,__GluwaPrizeDraw_init_unchained
FN:56,_randomNumber
FN:77,findMinMaxForDraw
FN:95,_findDrawWinner
FN:108,getDrawWinner
FN:138,_findWinner
FN:159,_calculateDrawTime
FN:209,_createTicketForDeposit
FN:222,_createTicket
FN:279,_getTicket
FN:295,_getTicketDetails
FN:304,getDrawDetails
FNF:12
FNH:9
FNDA:1,__GluwaPrizeDraw_init_unchained
FNDA:1,_randomNumber
FNDA:1,findMinMaxForDraw
FNDA:1,_findDrawWinner
FNDA:1,getDrawWinner
FNDA:0,_findWinner
FNDA:3,_calculateDrawTime
FNDA:3,_createTicketForDeposit
FNDA:3,_createTicket
FNDA:0,_getTicket
FNDA:0,_getTicketDetails
FNDA:1,getDrawDetails
DA:50,1
DA:51,1
DA:52,1
DA:53,1
DA:61,1
DA:74,1
DA:82,1
DA:83,1
DA:84,1
DA:85,1
DA:86,2
DA:87,2
DA:89,2
DA:90,0
DA:99,1
DA:103,1
DA:104,1
DA:105,1
DA:113,1
DA:117,1
DA:118,1
DA:119,1
DA:120,1
DA:132,1
DA:133,0
DA:139,0
DA:144,0
DA:145,0
DA:146,0
DA:154,0
DA:164,3
DA:167,3
DA:168,3
DA:173,3
DA:175,3
DA:179,3
DA:180,0
DA:181,0
DA:183,0
DA:184,0
DA:186,0
DA:188,3
DA:190,3
DA:191,3
DA:192,3
DA:194,0
DA:195,0
DA:198,3
DA:199,3
DA:214,3
DA:227,3
DA:228,0
DA:232,0
DA:235,0
DA:238,0
DA:242,0
DA:250,3
DA:251,3
DA:252,3
DA:253,3
DA:255,3
DA:256,3
DA:261,3
DA:262,3
DA:263,3
DA:265,3
DA:266,3
DA:267,3
DA:274,3
DA:276,3
DA:289,0
DA:290,0
DA:291,0
DA:292,0
DA:300,0
DA:301,0
DA:314,1
DA:315,1
DA:316,1
DA:317,1
LF:80
LH:55
BRDA:86,1,0,2
BRDA:86,1,1,0
BRDA:89,2,0,0
BRDA:89,2,1,2
BRDA:99,3,0,1
BRDA:99,3,1,0
BRDA:113,4,0,1
BRDA:113,4,1,0
BRDA:120,5,0,1
BRDA:120,5,1,0
BRDA:139,6,0,0
BRDA:139,6,1,0
BRDA:146,7,0,0
BRDA:146,7,1,0
BRDA:168,8,0,3
BRDA:168,8,1,0
BRDA:179,9,0,0
BRDA:179,9,1,3
BRDA:180,10,0,0
BRDA:180,10,1,0
BRDA:190,11,0,3
BRDA:190,11,1,0
BRDA:227,12,0,0
BRDA:227,12,1,3
BRF:24
BRH:9
end_of_record
TN:
SF:/home/osboxes/prize-linked-account/contracts/abstracts/IDepositableAccount.sol
FNF:0
FNH:0
LF:0
LH:0
BRF:0
BRH:0
end_of_record
TN:
SF:/home/osboxes/prize-linked-account/contracts/abstracts/IERC20.sol
FNF:0
FNH:0
LF:0
LH:0
BRF:0
BRH:0
end_of_record
TN:
SF:/home/osboxes/prize-linked-account/contracts/abstracts/VaultControl.sol
FN:10,__VaultControl_Init
FN:17,onlyAdmin
FN:23,onlyOperator
FN:29,isAdmin
FN:34,addAdmin
FN:39,isOperator
FN:44,addOperator
FN:49,removeOperator
FN:54,renounceAdmin
FN:61,renounceOperator
FNF:10
FNH:3
FNDA:1,__VaultControl_Init
FNDA:0,onlyAdmin
FNDA:7,onlyOperator
FNDA:0,isAdmin
FNDA:0,addAdmin
FNDA:7,isOperator
FNDA:0,addOperator
FNDA:0,removeOperator
FNDA:0,renounceAdmin
FNDA:0,renounceOperator
DA:11,1
DA:12,1
DA:13,1
DA:18,0
DA:19,0
DA:24,7
DA:25,7
DA:30,0
DA:35,0
DA:40,7
DA:45,0
DA:50,0
DA:55,0
DA:56,0
DA:57,0
DA:62,0
LF:16
LH:6
BRDA:18,1,0,0
BRDA:18,1,1,0
BRDA:24,2,0,7
BRDA:24,2,1,0
BRF:4
BRH:1
end_of_record
TN:
SF:/home/osboxes/prize-linked-account/contracts/libs/AccessControl.sol
FN:41,__AccessControl_init
FN:45,__AccessControl_init_unchained
FN:79,onlyAdmin
FN:88,hasRole
FN:96,getRoleMemberCount
FN:112,getRoleMember
FN:122,getRoleAdmin
FN:136,grantRole
FN:151,revokeRole
FN:171,renounceRole
FN:193,_setupRole
FN:200,_setRoleAdmin
FN:204,_grantRole
FN:210,_revokeRole
FNF:14
FNH:4
FNDA:0,__AccessControl_init
FNDA:0,__AccessControl_init_unchained
FNDA:0,onlyAdmin
FNDA:7,hasRole
FNDA:0,getRoleMemberCount
FNDA:0,getRoleMember
FNDA:0,getRoleAdmin
FNDA:0,grantRole
FNDA:0,revokeRole
FNDA:0,renounceRole
FNDA:2,_setupRole
FNDA:1,_setRoleAdmin
FNDA:2,_grantRole
FNDA:0,_revokeRole
DA:42,0
DA:80,0
DA:81,0
DA:89,7
DA:97,0
DA:113,0
DA:123,0
DA:137,0
DA:139,0
DA:152,0
DA:154,0
DA:172,0
DA:174,0
DA:194,2
DA:201,1
DA:205,2
DA:206,2
DA:211,0
DA:212,0
LF:19
LH:5
BRDA:80,1,0,0
BRDA:80,1,1,0
BRDA:137,2,0,0
BRDA:137,2,1,0
BRDA:152,3,0,0
BRDA:152,3,1,0
BRDA:172,4,0,0
BRDA:172,4,1,0
BRDA:205,5,0,2
BRDA:205,5,1,0
BRDA:211,6,0,0
BRDA:211,6,1,0
BRF:12
BRH:1
end_of_record
TN:
SF:/home/osboxes/prize-linked-account/contracts/libs/Address.sol
FN:18,isContract
FN:34,toPayable
FN:56,sendValue
FNF:3
FNH:0
FNDA:0,isContract
FNDA:0,toPayable
FNDA:0,sendValue
DA:23,0
DA:25,0
DA:26,0
DA:35,0
DA:57,0
DA:60,0
DA:61,0
LF:7
LH:0
BRDA:57,1,0,0
BRDA:57,1,1,0
BRDA:61,2,0,0
BRDA:61,2,1,0
BRF:4
BRH:0
end_of_record
TN:
SF:/home/osboxes/prize-linked-account/contracts/libs/DateTimeModel.sol
FN:24,isLeapYear
FN:31,getTotalLeapYearBefore
FN:36,getYear
FN:57,getDaysInMonth
FN:72,getHour
FN:76,getMinute
FN:80,getSecond
FN:84,toTimeStamp
FN:129,toDateTime
FNF:9
FNH:9
FNDA:159,isLeapYear
FNDA:12,getTotalLeapYearBefore
FNDA:3,getYear
FNDA:6,getDaysInMonth
FNDA:3,getHour
FNDA:3,getMinute
FNDA:3,getSecond
FNDA:3,toTimeStamp
FNDA:3,toDateTime
DA:25,159
DA:32,12
DA:33,12
DA:37,3
DA:38,3
DA:41,3
DA:46,3
DA:47,0
DA:48,0
DA:50,0
DA:52,0
DA:54,3
DA:62,6
DA:63,0
DA:64,0
DA:66,0
DA:68,6
DA:73,3
DA:77,3
DA:81,3
DA:92,3
DA:93,3
DA:94,3
DA:95,3
DA:97,3
DA:98,3
DA:99,156
DA:100,39
DA:102,117
DA:106,3
DA:107,3
DA:108,3
DA:109,0
DA:111,3
DA:113,3
DA:114,3
DA:115,3
DA:116,3
DA:117,3
DA:118,3
DA:119,3
DA:120,3
DA:121,3
DA:122,3
DA:124,3
DA:125,0
DA:134,3
DA:135,3
DA:137,3
DA:142,3
DA:143,3
DA:144,3
DA:145,3
DA:146,3
DA:147,3
DA:148,3
DA:149,3
DA:150,3
DA:152,0
DA:155,3
DA:156,24
DA:157,3
DA:158,3
DA:160,21
DA:163,3
DA:164,3
DA:165,3
LF:67
LH:57
BRDA:47,1,0,0
BRDA:47,1,1,0
BRDA:62,2,0,0
BRDA:62,2,1,6
BRDA:63,3,0,0
BRDA:63,3,1,0
BRDA:65,4,0,0
BRDA:65,4,1,6
BRDA:99,5,0,39
BRDA:99,5,1,117
BRDA:108,6,0,0
BRDA:108,6,1,3
BRDA:148,7,0,3
BRDA:148,7,1,0
BRDA:156,8,0,3
BRDA:156,8,1,21
BRF:16
BRH:8
end_of_record
TN:
SF:/home/osboxes/prize-linked-account/contracts/libs/DrawTicketModel.sol
FNF:0
FNH:0
LF:0
LH:0
BRF:0
BRH:0
end_of_record
TN:
SF:/home/osboxes/prize-linked-account/contracts/libs/EnumerableSet.sol
FN:52,_add
FN:70,_remove
FN:107,_contains
FN:114,_length
FN:128,_at
FN:145,add
FN:155,remove
FN:162,contains
FN:169,length
FN:183,at
FN:200,add
FN:210,remove
FN:217,contains
FN:224,length
FN:238,at
FNF:15
FNH:4
FNDA:2,_add
FNDA:0,_remove
FNDA:9,_contains
FNDA:0,_length
FNDA:0,_at
FNDA:2,add
FNDA:0,remove
FNDA:7,contains
FNDA:0,length
FNDA:0,at
FNDA:0,add
FNDA:0,remove
FNDA:0,contains
FNDA:0,length
FNDA:0,at
DA:53,2
DA:54,2
DA:57,2
DA:58,2
DA:60,0
DA:72,0
DA:74,0
DA:79,0
DA:80,0
DA:85,0
DA:88,0
DA:90,0
DA:93,0
DA:96,0
DA:98,0
DA:100,0
DA:108,9
DA:115,0
DA:129,0
DA:130,0
DA:146,2
DA:156,0
DA:163,7
DA:170,0
DA:184,0
DA:201,0
DA:211,0
DA:218,0
DA:225,0
DA:239,0
LF:30
LH:7
BRDA:53,1,0,2
BRDA:53,1,1,0
BRDA:74,2,0,0
BRDA:74,2,1,0
BRDA:129,3,0,0
BRDA:129,3,1,0
BRF:6
BRH:1
end_of_record
TN:
SF:/home/osboxes/prize-linked-account/contracts/libs/GluwaAccountModel.sol
FN:45,generateDepositHash
FN:54,generateAccountHash
FNF:2
FNH:2
FNDA:3,generateDepositHash
FNDA:3,generateAccountHash
DA:51,3
DA:59,3
LF:2
LH:2
BRF:0
BRH:0
end_of_record
TN:
SF:/home/osboxes/prize-linked-account/contracts/libs/HashMapIndex.sol
FN:22,add
FN:34,get
FNF:2
FNH:1
FNDA:6,add
FNDA:0,get
DA:23,6
DA:24,6
DA:25,6
DA:39,0
LF:4
LH:3
BRF:0
BRH:0
end_of_record
TN:
SF:/home/osboxes/prize-linked-account/contracts/libs/SimpleIndex.sol
FN:19,add
FN:27,set
FNF:2
FNH:1
FNDA:3,add
FNDA:0,set
DA:20,3
DA:28,0
LF:2
LH:1
BRF:0
BRH:0
end_of_record
TN:
SF:/home/osboxes/prize-linked-account/contracts/libs/UintArrayUtil.sol
FN:5,removeByIndex
FN:15,removeByValue
FN:29,add
FNF:3
FNH:1
FNDA:0,removeByIndex
FNDA:0,removeByValue
FNDA:3,add
DA:6,0
DA:8,0
DA:9,0
DA:11,0
DA:16,0
DA:17,0
DA:18,0
DA:19,0
DA:20,0
DA:22,0
DA:23,0
DA:25,0
DA:30,3
LF:13
LH:1
BRDA:6,1,0,0
BRDA:6,1,1,0
BRDA:16,2,0,0
BRDA:16,2,1,0
BRDA:19,3,0,0
BRDA:19,3,1,0
BRF:6
BRH:0
end_of_record
TN:
SF:/home/osboxes/prize-linked-account/contracts/libs/Validate.sol
FN:17,validateSignature
FNF:1
FNH:0
FNDA:0,validateSignature
DA:18,0
DA:20,0
DA:21,0
DA:23,0
LF:4
LH:0
BRDA:21,1,0,0
BRDA:21,1,1,0
BRF:2
BRH:0
end_of_record
TN:
SF:/home/osboxes/prize-linked-account/contracts/mocks/ExtendedERC20.sol
FN:34,_ExtendedERC20_init
FN:44,name
FN:52,symbol
FN:69,decimals
FN:76,totalSupply
FN:83,balanceOf
FN:95,transfer
FN:103,allowance
FN:114,approve
FN:131,transferFrom
FN:153,increaseAllowance
FN:172,decreaseAllowance
FN:194,_transfer
FN:217,_mint
FN:239,_burn
FN:265,_approve
FN:279,_burnFrom
FN:292,_beforeTokenTransfer
FNF:18
FNH:0
FNDA:0,_ExtendedERC20_init
FNDA:0,name
FNDA:0,symbol
FNDA:0,decimals
FNDA:0,totalSupply
FNDA:0,balanceOf
FNDA:0,transfer
FNDA:0,allowance
FNDA:0,approve
FNDA:0,transferFrom
FNDA:0,increaseAllowance
FNDA:0,decreaseAllowance
FNDA:0,_transfer
FNDA:0,_mint
FNDA:0,_burn
FNDA:0,_approve
FNDA:0,_burnFrom
FNDA:0,_beforeTokenTransfer
DA:35,0
DA:36,0
DA:37,0
DA:45,0
DA:53,0
DA:70,0
DA:77,0
DA:84,0
DA:96,0
DA:97,0
DA:104,0
DA:115,0
DA:116,0
DA:132,0
DA:134,0
DA:135,0
DA:136,0
DA:138,0
DA:154,0
DA:155,0
DA:173,0
DA:174,0
DA:175,0
DA:177,0
DA:195,0
DA:196,0
DA:198,0
DA:200,0
DA:201,0
DA:202,0
DA:203,0
DA:205,0
DA:218,0
DA:220,0
DA:222,0
DA:223,0
DA:225,0
DA:240,0
DA:242,0
DA:244,0
DA:245,0
DA:246,0
DA:247,0
DA:249,0
DA:266,0
DA:267,0
DA:269,0
DA:270,0
DA:280,0
DA:281,0
DA:283,0
DA:284,0
DA:286,0
LF:53
LH:0
BRDA:135,1,0,0
BRDA:135,1,1,0
BRDA:174,2,0,0
BRDA:174,2,1,0
BRDA:195,3,0,0
BRDA:195,3,1,0
BRDA:196,4,0,0
BRDA:196,4,1,0
BRDA:201,5,0,0
BRDA:201,5,1,0
BRDA:218,6,0,0
BRDA:218,6,1,0
BRDA:240,7,0,0
BRDA:240,7,1,0
BRDA:245,8,0,0
BRDA:245,8,1,0
BRDA:266,9,0,0
BRDA:266,9,1,0
BRDA:267,10,0,0
BRDA:267,10,1,0
BRDA:281,11,0,0
BRDA:281,11,1,0
BRF:22
BRH:0
end_of_record
TN:
SF:/home/osboxes/prize-linked-account/contracts/mocks/SandboxGluwacoin.sol
FN:19,_msgSender
FN:23,_msgData
FN:58,recover
FN:114,toEthSignedMessageHash
FN:147,isContract
FN:166,toPayable
FN:192,sendValue
FN:222,validateSignature
FN:251,_validateSignature
FN:273,_useNonce
FN:309,add
FN:325,sub
FN:340,sub
FN:360,mul
FN:385,div
FN:402,div
FN:426,mod
FN:443,mod
FN:575,initializer
FN:595,isConstructor
FN:646,constructor
FN:659,name
FN:667,symbol
FN:684,decimals
FN:691,totalSupply
FN:698,balanceOf
FN:710,transfer
FN:718,allowance
FN:733,approve
FN:750,transferFrom
FN:779,increaseAllowance
FN:805,decreaseAllowance
FN:833,_transfer
FN:863,_mint
FN:885,_burn
FN:911,_approve
FN:929,_burnFrom
FN:945,_beforeTokenTransfer
FN:982,constructor
FN:989,paused
FN:996,whenNotPaused
FN:1004,whenPaused
FN:1012,_pause
FN:1021,_unpause
FN:1080,_add
FN:1098,_remove
FN:1136,_contains
FN:1147,_length
FN:1161,_at
FN:1185,add
FN:1198,remove
FN:1208,contains
FN:1219,length
FN:1233,at
FN:1253,add
FN:1263,remove
FN:1273,contains
FN:1284,length
FN:1298,at
FN:1343,__AccessControl_init
FN:1347,__AccessControl_init_unchained
FN:1386,onlyAdmin
FN:1397,hasRole
FN:1405,getRoleMemberCount
FN:1421,getRoleMember
FN:1435,getRoleAdmin
FN:1449,grantRole
FN:1467,revokeRole
FN:1490,renounceRole
FN:1515,_setupRole
FN:1522,_setRoleAdmin
FN:1526,_grantRole
FN:1532,_revokeRole
FN:1563,constructor
FN:1568,pause
FN:1572,unpause
FN:1597,transfer
FN:1620,transfer
FN:1637,transferFrom
FN:1644,burn
FN:1655,_beforeTokenTransfer
FN:1666,_collect
FN:1672,mint
FNF:83
FNH:26
FNDA:38,_msgSender
FNDA:0,_msgData
FNDA:0,recover
FNDA:0,toEthSignedMessageHash
FNDA:0,isContract
FNDA:0,toPayable
FNDA:0,sendValue
FNDA:0,validateSignature
FNDA:0,_validateSignature
FNDA:0,_useNonce
FNDA:16,add
FNDA:0,sub
FNDA:0,sub
FNDA:0,mul
FNDA:0,div
FNDA:0,div
FNDA:0,mod
FNDA:0,mod
FNDA:0,initializer
FNDA:0,isConstructor
FNDA:6,constructor
FNDA:0,name
FNDA:0,symbol
FNDA:1,decimals
FNDA:0,totalSupply
FNDA:3,balanceOf
FNDA:0,transfer
FNDA:0,allowance
FNDA:4,approve
FNDA:3,transferFrom
FNDA:0,increaseAllowance
FNDA:0,decreaseAllowance
FNDA:6,_transfer
FNDA:5,_mint
FNDA:0,_burn
FNDA:7,_approve
FNDA:0,_burnFrom
FNDA:11,_beforeTokenTransfer
FNDA:6,constructor
FNDA:0,paused
FNDA:3,whenNotPaused
FNDA:0,whenPaused
FNDA:0,_pause
FNDA:0,_unpause
FNDA:6,_add
FNDA:0,_remove
FNDA:11,_contains
FNDA:0,_length
FNDA:0,_at
FNDA:6,add
FNDA:0,remove
FNDA:5,contains
FNDA:0,length
FNDA:0,at
FNDA:0,add
FNDA:0,remove
FNDA:0,contains
FNDA:0,length
FNDA:0,at
FNDA:0,__AccessControl_init
FNDA:0,__AccessControl_init_unchained
FNDA:5,onlyAdmin
FNDA:5,hasRole
FNDA:0,getRoleMemberCount
FNDA:0,getRoleMember
FNDA:0,getRoleAdmin
FNDA:0,grantRole
FNDA:0,revokeRole
FNDA:0,renounceRole
FNDA:6,_setupRole
FNDA:0,_setRoleAdmin
FNDA:6,_grantRole
FNDA:0,_revokeRole
FNDA:6,constructor
FNDA:0,pause
FNDA:0,unpause
FNDA:0,transfer
FNDA:0,transfer
FNDA:3,transferFrom
FNDA:0,burn
FNDA:3,_beforeTokenTransfer
FNDA:3,_collect
FNDA:5,mint
DA:20,38
DA:24,0
DA:25,0
DA:64,0
DA:65,0
DA:69,0
DA:70,0
DA:71,0
DA:76,0
DA:91,0
DA:95,0
DA:98,0
DA:99,0
DA:103,0
DA:121,0
DA:152,0
DA:154,0
DA:157,0
DA:171,0
DA:193,0
DA:199,0
DA:200,0
DA:227,0
DA:229,0
DA:230,0
DA:232,0
DA:260,0
DA:270,0
DA:274,0
DA:278,0
DA:310,16
DA:311,16
DA:313,16
DA:326,0
DA:345,0
DA:346,0
DA:348,0
DA:364,0
DA:365,0
DA:368,0
DA:369,0
DA:371,0
DA:386,0
DA:408,0
DA:409,0
DA:412,0
DA:427,0
DA:448,0
DA:449,0
DA:576,0
DA:581,0
DA:582,0
DA:583,0
DA:584,0
DA:587,0
DA:589,0
DA:590,0
DA:601,0
DA:602,0
DA:603,0
DA:606,0
DA:651,6
DA:652,6
DA:653,6
DA:660,0
DA:668,0
DA:685,1
DA:692,0
DA:699,3
DA:711,0
DA:712,0
DA:723,0
DA:734,4
DA:735,4
DA:755,3
DA:757,3
DA:758,3
DA:762,3
DA:764,3
DA:783,0
DA:788,0
DA:809,0
DA:810,0
DA:814,0
DA:816,0
DA:838,6
DA:839,6
DA:841,6
DA:843,6
DA:844,6
DA:848,6
DA:849,6
DA:851,6
DA:864,5
DA:866,5
DA:868,5
DA:869,5
DA:871,5
DA:886,0
DA:888,0
DA:890,0
DA:891,0
DA:892,0
DA:893,0
DA:895,0
DA:916,7
DA:917,7
DA:919,7
DA:920,7
DA:930,0
DA:931,0
DA:936,0
DA:937,0
DA:939,0
DA:983,6
DA:990,0
DA:997,3
DA:998,3
DA:1005,0
DA:1006,0
DA:1013,0
DA:1014,0
DA:1015,0
DA:1022,0
DA:1023,0
DA:1024,0
DA:1081,6
DA:1082,6
DA:1085,6
DA:1086,6
DA:1088,0
DA:1100,0
DA:1102,0
DA:1108,0
DA:1109,0
DA:1114,0
DA:1117,0
DA:1119,0
DA:1122,0
DA:1125,0
DA:1127,0
DA:1129,0
DA:1141,11
DA:1148,0
DA:1166,0
DA:1170,0
DA:1189,6
DA:1202,0
DA:1213,5
DA:1220,0
DA:1238,0
DA:1254,0
DA:1267,0
DA:1278,0
DA:1285,0
DA:1303,0
DA:1344,0
DA:1387,5
DA:1391,5
DA:1398,5
DA:1406,0
DA:1426,0
DA:1436,0
DA:1450,0
DA:1455,0
DA:1468,0
DA:1473,0
DA:1491,0
DA:1496,0
DA:1516,6
DA:1523,0
DA:1527,6
DA:1528,6
DA:1533,0
DA:1534,0
DA:1564,6
DA:1565,6
DA:1569,0
DA:1573,0
DA:1598,0
DA:1599,0
DA:1600,0
DA:1602,0
DA:1612,0
DA:1613,0
DA:1615,0
DA:1623,0
DA:1624,0
DA:1625,0
DA:1627,0
DA:1628,0
DA:1630,0
DA:1638,3
DA:1639,3
DA:1640,3
DA:1641,3
DA:1645,0
DA:1646,0
DA:1656,3
DA:1667,3
DA:1675,5
DA:1676,5
LF:202
LH:59
BRDA:64,1,0,0
BRDA:64,1,1,0
BRDA:91,2,0,0
BRDA:91,2,1,0
BRDA:98,3,0,0
BRDA:98,3,1,0
BRDA:193,4,0,0
BRDA:193,4,1,0
BRDA:200,5,0,0
BRDA:200,5,1,0
BRDA:230,6,0,0
BRDA:230,6,1,0
BRDA:274,7,0,0
BRDA:274,7,1,0
BRDA:311,8,0,16
BRDA:311,8,1,0
BRDA:345,9,0,0
BRDA:345,9,1,0
BRDA:364,10,0,0
BRDA:364,10,1,0
BRDA:369,11,0,0
BRDA:369,11,1,0
BRDA:408,12,0,0
BRDA:408,12,1,0
BRDA:448,13,0,0
BRDA:448,13,1,0
BRDA:576,14,0,0
BRDA:576,14,1,0
BRDA:582,15,0,0
BRDA:582,15,1,0
BRDA:589,16,0,0
BRDA:589,16,1,0
BRDA:758,17,0,3
BRDA:758,17,1,0
BRDA:810,18,0,0
BRDA:810,18,1,0
BRDA:838,19,0,6
BRDA:838,19,1,0
BRDA:839,20,0,6
BRDA:839,20,1,0
BRDA:844,21,0,6
BRDA:844,21,1,0
BRDA:864,22,0,5
BRDA:864,22,1,0
BRDA:886,23,0,0
BRDA:886,23,1,0
BRDA:891,24,0,0
BRDA:891,24,1,0
BRDA:916,25,0,7
BRDA:916,25,1,0
BRDA:917,26,0,7
BRDA:917,26,1,0
BRDA:931,27,0,0
BRDA:931,27,1,0
BRDA:997,28,0,3
BRDA:997,28,1,0
BRDA:1005,29,0,0
BRDA:1005,29,1,0
BRDA:1081,30,0,6
BRDA:1081,30,1,0
BRDA:1102,31,0,0
BRDA:1102,31,1,0
BRDA:1166,32,0,0
BRDA:1166,32,1,0
BRDA:1387,33,0,5
BRDA:1387,33,1,0
BRDA:1450,34,0,0
BRDA:1450,34,1,0
BRDA:1468,35,0,0
BRDA:1468,35,1,0
BRDA:1491,36,0,0
BRDA:1491,36,1,0
BRDA:1527,37,0,6
BRDA:1527,37,1,0
BRDA:1533,38,0,0
BRDA:1533,38,1,0
BRDA:1656,39,0,3
BRDA:1656,39,1,0
BRF:78
BRH:13
end_of_record
TN:
SF:/home/osboxes/prize-linked-account/contracts/mocks/SandboxPrizeLinkedAccountVault.sol
FN:7,test
FNF:1
FNH:0
FNDA:0,test
DA:8,0
LF:1
LH:0
BRF:0
BRH:0
end_of_record
TN:
SF:/home/osboxes/prize-linked-account/contracts/PrizeLinkedAccountVault.sol
FN:32,initialize
FN:53,awardWinnerV1
FN:78,makeDrawV1
FN:93,createPrizedLinkAccount
FN:105,depositPrizedLinkAccount
FN:111,_depositPrizedLinkAccount
FN:121,_createPrizedLinkTickets
FN:140,withdrawFor
FN:144,withdraw
FN:148,_withdrawPrizedLinkAccount
FN:163,_convertDepositToTotalTicket
FN:171,getEligibleAddressPendingAddedToDraw
FN:190,regenerateTicketForNextDraw
FN:219,getSavingAcountFor
FN:234,getTicketRangeById
FNF:15
FNH:5
FNDA:1,initialize
FNDA:0,awardWinnerV1
FNDA:1,makeDrawV1
FNDA:3,createPrizedLinkAccount
FNDA:0,depositPrizedLinkAccount
FNDA:0,_depositPrizedLinkAccount
FNDA:3,_createPrizedLinkTickets
FNDA:0,withdrawFor
FNDA:0,withdraw
FNDA:0,_withdrawPrizedLinkAccount
FNDA:3,_convertDepositToTotalTicket
FNDA:0,getEligibleAddressPendingAddedToDraw
FNDA:0,regenerateTicketForNextDraw
FNDA:0,getSavingAcountFor
FNDA:0,getTicketRangeById
DA:33,1
DA:34,1
DA:41,1
DA:46,1
DA:47,1
DA:48,1
DA:56,0
DA:60,0
DA:61,0
DA:64,0
DA:65,0
DA:66,0
DA:67,0
DA:68,0
DA:71,0
DA:73,0
DA:81,1
DA:82,1
DA:83,1
DA:86,1
DA:94,3
DA:100,3
DA:108,0
DA:115,0
DA:116,0
DA:124,3
DA:127,3
DA:132,3
DA:137,3
DA:141,0
DA:145,0
DA:152,0
DA:153,0
DA:154,0
DA:155,0
DA:156,0
DA:157,0
DA:158,0
DA:160,0
DA:168,3
DA:176,0
DA:177,0
DA:178,0
DA:184,0
DA:185,0
DA:194,0
DA:195,0
DA:196,0
DA:202,0
DA:209,0
DA:210,0
DA:213,0
DA:231,0
DA:244,0
LF:54
LH:17
BRDA:56,1,0,0
BRDA:56,1,1,0
BRDA:65,2,0,0
BRDA:65,2,1,0
BRDA:127,3,0,3
BRDA:127,3,1,0
BRDA:157,4,0,0
BRDA:157,4,1,0
BRDA:178,5,0,0
BRDA:178,5,1,0
BRDA:196,6,0,0
BRDA:196,6,1,0
BRDA:210,7,0,0
BRDA:210,7,1,0
BRF:14
BRH:1
end_of_record
